2013/05/02 13:41:12 [error] [php] include(Controller.php): failed to open stream: No such file or directory (/home/devbox/NetBeansProjects/yii/yiiframework-1.1.13/YiiBase.php:421)
Stack trace:
#0 /home/devbox/NetBeansProjects/hubstar/app_restAPI/protected/controllers/SiteController.php(4): spl_autoload_call()
#1 /home/devbox/NetBeansProjects/yii/yiiframework-1.1.13/web/CWebApplication.php(354): require()
#2 /home/devbox/NetBeansProjects/yii/yiiframework-1.1.13/web/CWebApplication.php(276): CWebApplication->createController()
#3 /home/devbox/NetBeansProjects/yii/yiiframework-1.1.13/web/CWebApplication.php(141): CWebApplication->runController()
#4 /home/devbox/NetBeansProjects/yii/yiiframework-1.1.13/base/CApplication.php(169): CWebApplication->processRequest()
#5 /home/devbox/NetBeansProjects/hubstar/app_restAPI/index.php(13): CWebApplication->run()
REQUEST_URI=/
in /home/devbox/NetBeansProjects/hubstar/app_restAPI/protected/controllers/SiteController.php (4)
in /home/devbox/NetBeansProjects/hubstar/app_restAPI/index.php (13)
2013/05/02 13:43:43 [error] [exception.CException] exception 'CException' with message 'SiteController and its behaviors do not have a method or closure named "layout".' in /home/devbox/NetBeansProjects/yii/yiiframework-1.1.13/base/CComponent.php:265
Stack trace:
#0 /home/devbox/NetBeansProjects/hubstar/app_restAPI/protected/controllers/SiteController.php(30): CComponent->__call('layout', Array)
#1 /home/devbox/NetBeansProjects/hubstar/app_restAPI/protected/controllers/SiteController.php(30): SiteController->layout('api')
#2 /home/devbox/NetBeansProjects/yii/yiiframework-1.1.13/web/actions/CInlineAction.php(49): SiteController->actionIndex()
#3 /home/devbox/NetBeansProjects/yii/yiiframework-1.1.13/web/CController.php(308): CInlineAction->runWithParams(Array)
#4 /home/devbox/NetBeansProjects/yii/yiiframework-1.1.13/web/CController.php(286): CController->runAction(Object(CInlineAction))
#5 /home/devbox/NetBeansProjects/yii/yiiframework-1.1.13/web/CController.php(265): CController->runActionWithFilters(Object(CInlineAction), Array)
#6 /home/devbox/NetBeansProjects/yii/yiiframework-1.1.13/web/CWebApplication.php(282): CController->run('')
#7 /home/devbox/NetBeansProjects/yii/yiiframework-1.1.13/web/CWebApplication.php(141): CWebApplication->runController('')
#8 /home/devbox/NetBeansProjects/yii/yiiframework-1.1.13/base/CApplication.php(169): CWebApplication->processRequest()
#9 /home/devbox/NetBeansProjects/hubstar/app_restAPI/index.php(13): CApplication->run()
#10 {main}
REQUEST_URI=/
---
2013/05/02 13:43:52 [error] [exception.CException] exception 'CException' with message 'SiteController and its behaviors do not have a method or closure named "layout".' in /home/devbox/NetBeansProjects/yii/yiiframework-1.1.13/base/CComponent.php:265
Stack trace:
#0 /home/devbox/NetBeansProjects/hubstar/app_restAPI/protected/controllers/SiteController.php(30): CComponent->__call('layout', Array)
#1 /home/devbox/NetBeansProjects/hubstar/app_restAPI/protected/controllers/SiteController.php(30): SiteController->layout('//layouts/api')
#2 /home/devbox/NetBeansProjects/yii/yiiframework-1.1.13/web/actions/CInlineAction.php(49): SiteController->actionIndex()
#3 /home/devbox/NetBeansProjects/yii/yiiframework-1.1.13/web/CController.php(308): CInlineAction->runWithParams(Array)
#4 /home/devbox/NetBeansProjects/yii/yiiframework-1.1.13/web/CController.php(286): CController->runAction(Object(CInlineAction))
#5 /home/devbox/NetBeansProjects/yii/yiiframework-1.1.13/web/CController.php(265): CController->runActionWithFilters(Object(CInlineAction), Array)
#6 /home/devbox/NetBeansProjects/yii/yiiframework-1.1.13/web/CWebApplication.php(282): CController->run('')
#7 /home/devbox/NetBeansProjects/yii/yiiframework-1.1.13/web/CWebApplication.php(141): CWebApplication->runController('')
#8 /home/devbox/NetBeansProjects/yii/yiiframework-1.1.13/base/CApplication.php(169): CWebApplication->processRequest()
#9 /home/devbox/NetBeansProjects/hubstar/app_restAPI/index.php(13): CApplication->run()
#10 {main}
REQUEST_URI=/
---
2013/05/02 13:43:55 [error] [exception.CException] exception 'CException' with message 'SiteController and its behaviors do not have a method or closure named "layout".' in /home/devbox/NetBeansProjects/yii/yiiframework-1.1.13/base/CComponent.php:265
Stack trace:
#0 /home/devbox/NetBeansProjects/hubstar/app_restAPI/protected/controllers/SiteController.php(30): CComponent->__call('layout', Array)
#1 /home/devbox/NetBeansProjects/hubstar/app_restAPI/protected/controllers/SiteController.php(30): SiteController->layout('//layouts/api')
#2 /home/devbox/NetBeansProjects/yii/yiiframework-1.1.13/web/actions/CInlineAction.php(49): SiteController->actionIndex()
#3 /home/devbox/NetBeansProjects/yii/yiiframework-1.1.13/web/CController.php(308): CInlineAction->runWithParams(Array)
#4 /home/devbox/NetBeansProjects/yii/yiiframework-1.1.13/web/CController.php(286): CController->runAction(Object(CInlineAction))
#5 /home/devbox/NetBeansProjects/yii/yiiframework-1.1.13/web/CController.php(265): CController->runActionWithFilters(Object(CInlineAction), Array)
#6 /home/devbox/NetBeansProjects/yii/yiiframework-1.1.13/web/CWebApplication.php(282): CController->run('')
#7 /home/devbox/NetBeansProjects/yii/yiiframework-1.1.13/web/CWebApplication.php(141): CWebApplication->runController('')
#8 /home/devbox/NetBeansProjects/yii/yiiframework-1.1.13/base/CApplication.php(169): CWebApplication->processRequest()
#9 /home/devbox/NetBeansProjects/hubstar/app_restAPI/index.php(13): CApplication->run()
#10 {main}
REQUEST_URI=/
---
2013/05/02 13:43:55 [error] [exception.CException] exception 'CException' with message 'SiteController and its behaviors do not have a method or closure named "layout".' in /home/devbox/NetBeansProjects/yii/yiiframework-1.1.13/base/CComponent.php:265
Stack trace:
#0 /home/devbox/NetBeansProjects/hubstar/app_restAPI/protected/controllers/SiteController.php(30): CComponent->__call('layout', Array)
#1 /home/devbox/NetBeansProjects/hubstar/app_restAPI/protected/controllers/SiteController.php(30): SiteController->layout('//layouts/api')
#2 /home/devbox/NetBeansProjects/yii/yiiframework-1.1.13/web/actions/CInlineAction.php(49): SiteController->actionIndex()
#3 /home/devbox/NetBeansProjects/yii/yiiframework-1.1.13/web/CController.php(308): CInlineAction->runWithParams(Array)
#4 /home/devbox/NetBeansProjects/yii/yiiframework-1.1.13/web/CController.php(286): CController->runAction(Object(CInlineAction))
#5 /home/devbox/NetBeansProjects/yii/yiiframework-1.1.13/web/CController.php(265): CController->runActionWithFilters(Object(CInlineAction), Array)
#6 /home/devbox/NetBeansProjects/yii/yiiframework-1.1.13/web/CWebApplication.php(282): CController->run('')
#7 /home/devbox/NetBeansProjects/yii/yiiframework-1.1.13/web/CWebApplication.php(141): CWebApplication->runController('')
#8 /home/devbox/NetBeansProjects/yii/yiiframework-1.1.13/base/CApplication.php(169): CWebApplication->processRequest()
#9 /home/devbox/NetBeansProjects/hubstar/app_restAPI/index.php(13): CApplication->run()
#10 {main}
REQUEST_URI=/
---
2013/05/02 13:46:21 [error] [exception.CException] exception 'CException' with message 'Property "SiteController.content" is not defined.' in /home/devbox/NetBeansProjects/yii/yiiframework-1.1.13/base/CComponent.php:130
Stack trace:
#0 /home/devbox/NetBeansProjects/hubstar/app_restAPI/protected/views/layouts/api.php(1): CComponent->__get('content')
#1 /home/devbox/NetBeansProjects/yii/yiiframework-1.1.13/web/CBaseController.php(126): require('/home/devbox/Ne...')
#2 /home/devbox/NetBeansProjects/yii/yiiframework-1.1.13/web/CBaseController.php(95): CBaseController->renderInternal('/home/devbox/Ne...', Array, true)
#3 /home/devbox/NetBeansProjects/yii/yiiframework-1.1.13/web/CController.php(784): CBaseController->renderFile('/home/devbox/Ne...', Array, true)
#4 /home/devbox/NetBeansProjects/hubstar/app_restAPI/protected/controllers/SiteController.php(31): CController->render('index')
#5 /home/devbox/NetBeansProjects/yii/yiiframework-1.1.13/web/actions/CInlineAction.php(49): SiteController->actionIndex()
#6 /home/devbox/NetBeansProjects/yii/yiiframework-1.1.13/web/CController.php(308): CInlineAction->runWithParams(Array)
#7 /home/devbox/NetBeansProjects/yii/yiiframework-1.1.13/web/CController.php(286): CController->runAction(Object(CInlineAction))
#8 /home/devbox/NetBeansProjects/yii/yiiframework-1.1.13/web/CController.php(265): CController->runActionWithFilters(Object(CInlineAction), Array)
#9 /home/devbox/NetBeansProjects/yii/yiiframework-1.1.13/web/CWebApplication.php(282): CController->run('')
#10 /home/devbox/NetBeansProjects/yii/yiiframework-1.1.13/web/CWebApplication.php(141): CWebApplication->runController('')
#11 /home/devbox/NetBeansProjects/yii/yiiframework-1.1.13/base/CApplication.php(169): CWebApplication->processRequest()
#12 /home/devbox/NetBeansProjects/hubstar/app_restAPI/index.php(13): CApplication->run()
#13 {main}
REQUEST_URI=/
---
