2013/02/14 16:52:22 [error] [exception.CException] exception 'CException' with message 'CAssetManager.basePath "/home/devbox/NetBeansProjects/bds-v3.1/_yii_app/assets" is invalid. Please make sure the directory exists and is writable by the Web server process.' in /home/devbox/NetBeansProjects/yii/yiiframework-1.1.13/web/CAssetManager.php:138
Stack trace:
#0 /home/devbox/NetBeansProjects/yii/yiiframework-1.1.13/web/CAssetManager.php(123): CAssetManager->setBasePath('/home/devbox/Ne...')
#1 /home/devbox/NetBeansProjects/yii/yiiframework-1.1.13/web/CAssetManager.php(217): CAssetManager->getBasePath()
#2 /home/devbox/NetBeansProjects/bds-v3.1/_yii_app/protected/extensions/bootstrap/components/Bootstrap.php(458): CAssetManager->publish('/home/devbox/Ne...', false, -1, true)
#3 /home/devbox/NetBeansProjects/bds-v3.1/_yii_app/protected/extensions/bootstrap/components/Bootstrap.php(163): Bootstrap->getAssetsUrl()
#4 /home/devbox/NetBeansProjects/bds-v3.1/_yii_app/protected/extensions/bootstrap/components/Bootstrap.php(124): Bootstrap->registerAssetCss('bootstrap.css')
#5 /home/devbox/NetBeansProjects/bds-v3.1/_yii_app/protected/extensions/bootstrap/components/Bootstrap.php(102): Bootstrap->registerCoreCss()
#6 /home/devbox/NetBeansProjects/yii/yiiframework-1.1.13/base/CModule.php(387): Bootstrap->init()
#7 /home/devbox/NetBeansProjects/yii/yiiframework-1.1.13/base/CModule.php(523): CModule->getComponent('bootstrap')
#8 /home/devbox/NetBeansProjects/yii/yiiframework-1.1.13/base/CApplication.php(152): CModule->preloadComponents()
#9 /home/devbox/NetBeansProjects/yii/yiiframework-1.1.13/YiiBase.php(125): CApplication->__construct('/home/devbox/Ne...')
#10 /home/devbox/NetBeansProjects/yii/yiiframework-1.1.13/YiiBase.php(98): YiiBase::createApplication('CWebApplication', '/home/devbox/Ne...')
#11 /home/devbox/NetBeansProjects/bds-v3.1/_yii_app/index.php(13): YiiBase::createWebApplication('/home/devbox/Ne...')
#12 {main}
REQUEST_URI=/
---
2013/02/14 16:52:25 [error] [exception.CException] exception 'CException' with message 'CAssetManager.basePath "/home/devbox/NetBeansProjects/bds-v3.1/_yii_app/assets" is invalid. Please make sure the directory exists and is writable by the Web server process.' in /home/devbox/NetBeansProjects/yii/yiiframework-1.1.13/web/CAssetManager.php:138
Stack trace:
#0 /home/devbox/NetBeansProjects/yii/yiiframework-1.1.13/web/CAssetManager.php(123): CAssetManager->setBasePath('/home/devbox/Ne...')
#1 /home/devbox/NetBeansProjects/yii/yiiframework-1.1.13/web/CAssetManager.php(217): CAssetManager->getBasePath()
#2 /home/devbox/NetBeansProjects/bds-v3.1/_yii_app/protected/extensions/bootstrap/components/Bootstrap.php(458): CAssetManager->publish('/home/devbox/Ne...', false, -1, true)
#3 /home/devbox/NetBeansProjects/bds-v3.1/_yii_app/protected/extensions/bootstrap/components/Bootstrap.php(163): Bootstrap->getAssetsUrl()
#4 /home/devbox/NetBeansProjects/bds-v3.1/_yii_app/protected/extensions/bootstrap/components/Bootstrap.php(124): Bootstrap->registerAssetCss('bootstrap.css')
#5 /home/devbox/NetBeansProjects/bds-v3.1/_yii_app/protected/extensions/bootstrap/components/Bootstrap.php(102): Bootstrap->registerCoreCss()
#6 /home/devbox/NetBeansProjects/yii/yiiframework-1.1.13/base/CModule.php(387): Bootstrap->init()
#7 /home/devbox/NetBeansProjects/yii/yiiframework-1.1.13/base/CModule.php(523): CModule->getComponent('bootstrap')
#8 /home/devbox/NetBeansProjects/yii/yiiframework-1.1.13/base/CApplication.php(152): CModule->preloadComponents()
#9 /home/devbox/NetBeansProjects/yii/yiiframework-1.1.13/YiiBase.php(125): CApplication->__construct('/home/devbox/Ne...')
#10 /home/devbox/NetBeansProjects/yii/yiiframework-1.1.13/YiiBase.php(98): YiiBase::createApplication('CWebApplication', '/home/devbox/Ne...')
#11 /home/devbox/NetBeansProjects/bds-v3.1/_yii_app/index.php(13): YiiBase::createWebApplication('/home/devbox/Ne...')
#12 {main}
REQUEST_URI=/
---
2013/02/14 16:52:27 [error] [exception.CException] exception 'CException' with message 'CAssetManager.basePath "/home/devbox/NetBeansProjects/bds-v3.1/_yii_app/assets" is invalid. Please make sure the directory exists and is writable by the Web server process.' in /home/devbox/NetBeansProjects/yii/yiiframework-1.1.13/web/CAssetManager.php:138
Stack trace:
#0 /home/devbox/NetBeansProjects/yii/yiiframework-1.1.13/web/CAssetManager.php(123): CAssetManager->setBasePath('/home/devbox/Ne...')
#1 /home/devbox/NetBeansProjects/yii/yiiframework-1.1.13/web/CAssetManager.php(217): CAssetManager->getBasePath()
#2 /home/devbox/NetBeansProjects/bds-v3.1/_yii_app/protected/extensions/bootstrap/components/Bootstrap.php(458): CAssetManager->publish('/home/devbox/Ne...', false, -1, true)
#3 /home/devbox/NetBeansProjects/bds-v3.1/_yii_app/protected/extensions/bootstrap/components/Bootstrap.php(163): Bootstrap->getAssetsUrl()
#4 /home/devbox/NetBeansProjects/bds-v3.1/_yii_app/protected/extensions/bootstrap/components/Bootstrap.php(124): Bootstrap->registerAssetCss('bootstrap.css')
#5 /home/devbox/NetBeansProjects/bds-v3.1/_yii_app/protected/extensions/bootstrap/components/Bootstrap.php(102): Bootstrap->registerCoreCss()
#6 /home/devbox/NetBeansProjects/yii/yiiframework-1.1.13/base/CModule.php(387): Bootstrap->init()
#7 /home/devbox/NetBeansProjects/yii/yiiframework-1.1.13/base/CModule.php(523): CModule->getComponent('bootstrap')
#8 /home/devbox/NetBeansProjects/yii/yiiframework-1.1.13/base/CApplication.php(152): CModule->preloadComponents()
#9 /home/devbox/NetBeansProjects/yii/yiiframework-1.1.13/YiiBase.php(125): CApplication->__construct('/home/devbox/Ne...')
#10 /home/devbox/NetBeansProjects/yii/yiiframework-1.1.13/YiiBase.php(98): YiiBase::createApplication('CWebApplication', '/home/devbox/Ne...')
#11 /home/devbox/NetBeansProjects/bds-v3.1/_yii_app/index.php(13): YiiBase::createWebApplication('/home/devbox/Ne...')
#12 {main}
REQUEST_URI=/
---
2013/02/14 16:52:29 [error] [exception.CException] exception 'CException' with message 'CAssetManager.basePath "/home/devbox/NetBeansProjects/bds-v3.1/_yii_app/assets" is invalid. Please make sure the directory exists and is writable by the Web server process.' in /home/devbox/NetBeansProjects/yii/yiiframework-1.1.13/web/CAssetManager.php:138
Stack trace:
#0 /home/devbox/NetBeansProjects/yii/yiiframework-1.1.13/web/CAssetManager.php(123): CAssetManager->setBasePath('/home/devbox/Ne...')
#1 /home/devbox/NetBeansProjects/yii/yiiframework-1.1.13/web/CAssetManager.php(217): CAssetManager->getBasePath()
#2 /home/devbox/NetBeansProjects/bds-v3.1/_yii_app/protected/extensions/bootstrap/components/Bootstrap.php(458): CAssetManager->publish('/home/devbox/Ne...', false, -1, true)
#3 /home/devbox/NetBeansProjects/bds-v3.1/_yii_app/protected/extensions/bootstrap/components/Bootstrap.php(163): Bootstrap->getAssetsUrl()
#4 /home/devbox/NetBeansProjects/bds-v3.1/_yii_app/protected/extensions/bootstrap/components/Bootstrap.php(124): Bootstrap->registerAssetCss('bootstrap.css')
#5 /home/devbox/NetBeansProjects/bds-v3.1/_yii_app/protected/extensions/bootstrap/components/Bootstrap.php(102): Bootstrap->registerCoreCss()
#6 /home/devbox/NetBeansProjects/yii/yiiframework-1.1.13/base/CModule.php(387): Bootstrap->init()
#7 /home/devbox/NetBeansProjects/yii/yiiframework-1.1.13/base/CModule.php(523): CModule->getComponent('bootstrap')
#8 /home/devbox/NetBeansProjects/yii/yiiframework-1.1.13/base/CApplication.php(152): CModule->preloadComponents()
#9 /home/devbox/NetBeansProjects/yii/yiiframework-1.1.13/YiiBase.php(125): CApplication->__construct('/home/devbox/Ne...')
#10 /home/devbox/NetBeansProjects/yii/yiiframework-1.1.13/YiiBase.php(98): YiiBase::createApplication('CWebApplication', '/home/devbox/Ne...')
#11 /home/devbox/NetBeansProjects/bds-v3.1/_yii_app/index.php(13): YiiBase::createWebApplication('/home/devbox/Ne...')
#12 {main}
REQUEST_URI=/
---
2013/02/14 16:54:47 [error] [exception.CException] exception 'CException' with message 'CAssetManager.basePath "/home/devbox/NetBeansProjects/bds-v3.1/_yii_app/assets" is invalid. Please make sure the directory exists and is writable by the Web server process.' in /home/devbox/NetBeansProjects/yii/yiiframework-1.1.13/web/CAssetManager.php:138
Stack trace:
#0 /home/devbox/NetBeansProjects/yii/yiiframework-1.1.13/web/CAssetManager.php(123): CAssetManager->setBasePath('/home/devbox/Ne...')
#1 /home/devbox/NetBeansProjects/yii/yiiframework-1.1.13/web/CAssetManager.php(217): CAssetManager->getBasePath()
#2 /home/devbox/NetBeansProjects/bds-v3.1/_yii_app/protected/extensions/bootstrap/components/Bootstrap.php(458): CAssetManager->publish('/home/devbox/Ne...', false, -1, true)
#3 /home/devbox/NetBeansProjects/bds-v3.1/_yii_app/protected/extensions/bootstrap/components/Bootstrap.php(163): Bootstrap->getAssetsUrl()
#4 /home/devbox/NetBeansProjects/bds-v3.1/_yii_app/protected/extensions/bootstrap/components/Bootstrap.php(124): Bootstrap->registerAssetCss('bootstrap.css')
#5 /home/devbox/NetBeansProjects/bds-v3.1/_yii_app/protected/extensions/bootstrap/components/Bootstrap.php(102): Bootstrap->registerCoreCss()
#6 /home/devbox/NetBeansProjects/yii/yiiframework-1.1.13/base/CModule.php(387): Bootstrap->init()
#7 /home/devbox/NetBeansProjects/yii/yiiframework-1.1.13/base/CModule.php(523): CModule->getComponent('bootstrap')
#8 /home/devbox/NetBeansProjects/yii/yiiframework-1.1.13/base/CApplication.php(152): CModule->preloadComponents()
#9 /home/devbox/NetBeansProjects/yii/yiiframework-1.1.13/YiiBase.php(125): CApplication->__construct('/home/devbox/Ne...')
#10 /home/devbox/NetBeansProjects/yii/yiiframework-1.1.13/YiiBase.php(98): YiiBase::createApplication('CWebApplication', '/home/devbox/Ne...')
#11 /home/devbox/NetBeansProjects/bds-v3.1/_yii_app/index.php(13): YiiBase::createWebApplication('/home/devbox/Ne...')
#12 {main}
REQUEST_URI=/
---
2013/02/14 16:54:49 [error] [exception.CException] exception 'CException' with message 'CAssetManager.basePath "/home/devbox/NetBeansProjects/bds-v3.1/_yii_app/assets" is invalid. Please make sure the directory exists and is writable by the Web server process.' in /home/devbox/NetBeansProjects/yii/yiiframework-1.1.13/web/CAssetManager.php:138
Stack trace:
#0 /home/devbox/NetBeansProjects/yii/yiiframework-1.1.13/web/CAssetManager.php(123): CAssetManager->setBasePath('/home/devbox/Ne...')
#1 /home/devbox/NetBeansProjects/yii/yiiframework-1.1.13/web/CAssetManager.php(217): CAssetManager->getBasePath()
#2 /home/devbox/NetBeansProjects/bds-v3.1/_yii_app/protected/extensions/bootstrap/components/Bootstrap.php(458): CAssetManager->publish('/home/devbox/Ne...', false, -1, true)
#3 /home/devbox/NetBeansProjects/bds-v3.1/_yii_app/protected/extensions/bootstrap/components/Bootstrap.php(163): Bootstrap->getAssetsUrl()
#4 /home/devbox/NetBeansProjects/bds-v3.1/_yii_app/protected/extensions/bootstrap/components/Bootstrap.php(124): Bootstrap->registerAssetCss('bootstrap.css')
#5 /home/devbox/NetBeansProjects/bds-v3.1/_yii_app/protected/extensions/bootstrap/components/Bootstrap.php(102): Bootstrap->registerCoreCss()
#6 /home/devbox/NetBeansProjects/yii/yiiframework-1.1.13/base/CModule.php(387): Bootstrap->init()
#7 /home/devbox/NetBeansProjects/yii/yiiframework-1.1.13/base/CModule.php(523): CModule->getComponent('bootstrap')
#8 /home/devbox/NetBeansProjects/yii/yiiframework-1.1.13/base/CApplication.php(152): CModule->preloadComponents()
#9 /home/devbox/NetBeansProjects/yii/yiiframework-1.1.13/YiiBase.php(125): CApplication->__construct('/home/devbox/Ne...')
#10 /home/devbox/NetBeansProjects/yii/yiiframework-1.1.13/YiiBase.php(98): YiiBase::createApplication('CWebApplication', '/home/devbox/Ne...')
#11 /home/devbox/NetBeansProjects/bds-v3.1/_yii_app/index.php(13): YiiBase::createWebApplication('/home/devbox/Ne...')
#12 {main}
REQUEST_URI=/
---
2013/02/14 16:55:55 [error] [exception.CException] exception 'CException' with message 'CAssetManager.basePath "/home/devbox/NetBeansProjects/bds-v3.1/_yii_app/assets" is invalid. Please make sure the directory exists and is writable by the Web server process.' in /home/devbox/NetBeansProjects/yii/yiiframework-1.1.13/web/CAssetManager.php:138
Stack trace:
#0 /home/devbox/NetBeansProjects/yii/yiiframework-1.1.13/web/CAssetManager.php(123): CAssetManager->setBasePath('/home/devbox/Ne...')
#1 /home/devbox/NetBeansProjects/yii/yiiframework-1.1.13/web/CAssetManager.php(217): CAssetManager->getBasePath()
#2 /home/devbox/NetBeansProjects/bds-v3.1/_yii_app/protected/extensions/bootstrap/components/Bootstrap.php(458): CAssetManager->publish('/home/devbox/Ne...', false, -1, true)
#3 /home/devbox/NetBeansProjects/bds-v3.1/_yii_app/protected/extensions/bootstrap/components/Bootstrap.php(163): Bootstrap->getAssetsUrl()
#4 /home/devbox/NetBeansProjects/bds-v3.1/_yii_app/protected/extensions/bootstrap/components/Bootstrap.php(124): Bootstrap->registerAssetCss('bootstrap.css')
#5 /home/devbox/NetBeansProjects/bds-v3.1/_yii_app/protected/extensions/bootstrap/components/Bootstrap.php(102): Bootstrap->registerCoreCss()
#6 /home/devbox/NetBeansProjects/yii/yiiframework-1.1.13/base/CModule.php(387): Bootstrap->init()
#7 /home/devbox/NetBeansProjects/yii/yiiframework-1.1.13/base/CModule.php(523): CModule->getComponent('bootstrap')
#8 /home/devbox/NetBeansProjects/yii/yiiframework-1.1.13/base/CApplication.php(152): CModule->preloadComponents()
#9 /home/devbox/NetBeansProjects/yii/yiiframework-1.1.13/YiiBase.php(125): CApplication->__construct('/home/devbox/Ne...')
#10 /home/devbox/NetBeansProjects/yii/yiiframework-1.1.13/YiiBase.php(98): YiiBase::createApplication('CWebApplication', '/home/devbox/Ne...')
#11 /home/devbox/NetBeansProjects/bds-v3.1/_yii_app/index.php(13): YiiBase::createWebApplication('/home/devbox/Ne...')
#12 {main}
REQUEST_URI=/
---
2013/02/14 16:56:42 [error] [exception.CException] exception 'CException' with message 'CAssetManager.basePath "/home/devbox/NetBeansProjects/bds-v3.1/_yii_app/assets" is invalid. Please make sure the directory exists and is writable by the Web server process.' in /home/devbox/NetBeansProjects/yii/yiiframework-1.1.13/web/CAssetManager.php:138
Stack trace:
#0 /home/devbox/NetBeansProjects/yii/yiiframework-1.1.13/web/CAssetManager.php(123): CAssetManager->setBasePath('/home/devbox/Ne...')
#1 /home/devbox/NetBeansProjects/yii/yiiframework-1.1.13/web/CAssetManager.php(217): CAssetManager->getBasePath()
#2 /home/devbox/NetBeansProjects/bds-v3.1/_yii_app/protected/extensions/bootstrap/components/Bootstrap.php(458): CAssetManager->publish('/home/devbox/Ne...', false, -1, true)
#3 /home/devbox/NetBeansProjects/bds-v3.1/_yii_app/protected/extensions/bootstrap/components/Bootstrap.php(163): Bootstrap->getAssetsUrl()
#4 /home/devbox/NetBeansProjects/bds-v3.1/_yii_app/protected/extensions/bootstrap/components/Bootstrap.php(124): Bootstrap->registerAssetCss('bootstrap.css')
#5 /home/devbox/NetBeansProjects/bds-v3.1/_yii_app/protected/extensions/bootstrap/components/Bootstrap.php(102): Bootstrap->registerCoreCss()
#6 /home/devbox/NetBeansProjects/yii/yiiframework-1.1.13/base/CModule.php(387): Bootstrap->init()
#7 /home/devbox/NetBeansProjects/yii/yiiframework-1.1.13/base/CModule.php(523): CModule->getComponent('bootstrap')
#8 /home/devbox/NetBeansProjects/yii/yiiframework-1.1.13/base/CApplication.php(152): CModule->preloadComponents()
#9 /home/devbox/NetBeansProjects/yii/yiiframework-1.1.13/YiiBase.php(125): CApplication->__construct('/home/devbox/Ne...')
#10 /home/devbox/NetBeansProjects/yii/yiiframework-1.1.13/YiiBase.php(98): YiiBase::createApplication('CWebApplication', '/home/devbox/Ne...')
#11 /home/devbox/NetBeansProjects/bds-v3.1/_yii_app/index.php(13): YiiBase::createWebApplication('/home/devbox/Ne...')
#12 {main}
REQUEST_URI=/
---
2013/02/14 16:56:47 [error] [exception.CException] exception 'CException' with message 'CAssetManager.basePath "/home/devbox/NetBeansProjects/bds-v3.1/_yii_app/assets" is invalid. Please make sure the directory exists and is writable by the Web server process.' in /home/devbox/NetBeansProjects/yii/yiiframework-1.1.13/web/CAssetManager.php:138
Stack trace:
#0 /home/devbox/NetBeansProjects/yii/yiiframework-1.1.13/web/CAssetManager.php(123): CAssetManager->setBasePath('/home/devbox/Ne...')
#1 /home/devbox/NetBeansProjects/yii/yiiframework-1.1.13/web/CAssetManager.php(217): CAssetManager->getBasePath()
#2 /home/devbox/NetBeansProjects/bds-v3.1/_yii_app/protected/extensions/bootstrap/components/Bootstrap.php(458): CAssetManager->publish('/home/devbox/Ne...', false, -1, true)
#3 /home/devbox/NetBeansProjects/bds-v3.1/_yii_app/protected/extensions/bootstrap/components/Bootstrap.php(163): Bootstrap->getAssetsUrl()
#4 /home/devbox/NetBeansProjects/bds-v3.1/_yii_app/protected/extensions/bootstrap/components/Bootstrap.php(124): Bootstrap->registerAssetCss('bootstrap.css')
#5 /home/devbox/NetBeansProjects/bds-v3.1/_yii_app/protected/extensions/bootstrap/components/Bootstrap.php(102): Bootstrap->registerCoreCss()
#6 /home/devbox/NetBeansProjects/yii/yiiframework-1.1.13/base/CModule.php(387): Bootstrap->init()
#7 /home/devbox/NetBeansProjects/yii/yiiframework-1.1.13/base/CModule.php(523): CModule->getComponent('bootstrap')
#8 /home/devbox/NetBeansProjects/yii/yiiframework-1.1.13/base/CApplication.php(152): CModule->preloadComponents()
#9 /home/devbox/NetBeansProjects/yii/yiiframework-1.1.13/YiiBase.php(125): CApplication->__construct('/home/devbox/Ne...')
#10 /home/devbox/NetBeansProjects/yii/yiiframework-1.1.13/YiiBase.php(98): YiiBase::createApplication('CWebApplication', '/home/devbox/Ne...')
#11 /home/devbox/NetBeansProjects/bds-v3.1/_yii_app/index.php(13): YiiBase::createWebApplication('/home/devbox/Ne...')
#12 {main}
REQUEST_URI=/
---
2013/03/20 09:22:48 [error] [exception.CException] exception 'CException' with message 'CAssetManager.basePath "/home/devbox/NetBeansProjects/bds-v3.1/app_searchengine/assets" is invalid. Please make sure the directory exists and is writable by the Web server process.' in /home/devbox/NetBeansProjects/yii/yiiframework-1.1.13/web/CAssetManager.php:138
Stack trace:
#0 /home/devbox/NetBeansProjects/yii/yiiframework-1.1.13/web/CAssetManager.php(123): CAssetManager->setBasePath('/home/devbox/Ne...')
#1 /home/devbox/NetBeansProjects/yii/yiiframework-1.1.13/web/CAssetManager.php(217): CAssetManager->getBasePath()
#2 /home/devbox/NetBeansProjects/bds-v3.1/common/protected/extensions/bootstrap/components/Bootstrap.php(458): CAssetManager->publish('/home/devbox/Ne...', false, -1, true)
#3 /home/devbox/NetBeansProjects/bds-v3.1/common/protected/extensions/bootstrap/components/Bootstrap.php(163): Bootstrap->getAssetsUrl()
#4 /home/devbox/NetBeansProjects/bds-v3.1/common/protected/extensions/bootstrap/components/Bootstrap.php(124): Bootstrap->registerAssetCss('bootstrap.css')
#5 /home/devbox/NetBeansProjects/bds-v3.1/common/protected/extensions/bootstrap/components/Bootstrap.php(102): Bootstrap->registerCoreCss()
#6 /home/devbox/NetBeansProjects/yii/yiiframework-1.1.13/base/CModule.php(387): Bootstrap->init()
#7 /home/devbox/NetBeansProjects/yii/yiiframework-1.1.13/base/CModule.php(523): CModule->getComponent('bootstrap')
#8 /home/devbox/NetBeansProjects/yii/yiiframework-1.1.13/base/CApplication.php(152): CModule->preloadComponents()
#9 /home/devbox/NetBeansProjects/yii/yiiframework-1.1.13/YiiBase.php(125): CApplication->__construct('/home/devbox/Ne...')
#10 /home/devbox/NetBeansProjects/yii/yiiframework-1.1.13/YiiBase.php(98): YiiBase::createApplication('CWebApplication', '/home/devbox/Ne...')
#11 /home/devbox/NetBeansProjects/bds-v3.1/app_searchengine/index.php(13): YiiBase::createWebApplication('/home/devbox/Ne...')
#12 {main}
REQUEST_URI=/
---
