0 info it worked if it ends with ok
1 verbose cli [ '/usr/local/bin/node',
1 verbose cli   '/usr/local/bin/npm',
1 verbose cli   'install',
1 verbose cli   '-g',
1 verbose cli   'grunt-cli' ]
2 info using npm@1.2.10
3 info using node@v0.9.9
4 verbose read json /usr/local/lib/package.json
5 verbose read json /usr/local/lib/package.json
6 verbose cache add [ 'grunt-cli', null ]
7 verbose cache add name=undefined spec="grunt-cli" args=["grunt-cli",null]
8 verbose parsed url { protocol: null,
8 verbose parsed url   slashes: null,
8 verbose parsed url   auth: null,
8 verbose parsed url   host: null,
8 verbose parsed url   port: null,
8 verbose parsed url   hostname: null,
8 verbose parsed url   hash: null,
8 verbose parsed url   search: null,
8 verbose parsed url   query: null,
8 verbose parsed url   pathname: 'grunt-cli',
8 verbose parsed url   path: 'grunt-cli',
8 verbose parsed url   href: 'grunt-cli' }
9 silly lockFile 671ef8ac-grunt-cli grunt-cli
10 verbose lock grunt-cli /home/devbox/.npm/671ef8ac-grunt-cli.lock
11 silly lockFile 671ef8ac-grunt-cli grunt-cli
12 silly lockFile 671ef8ac-grunt-cli grunt-cli
13 verbose addNamed [ 'grunt-cli', '' ]
14 verbose addNamed [ null, '' ]
15 silly lockFile d63f3d0b-grunt-cli grunt-cli@
16 verbose lock grunt-cli@ /home/devbox/.npm/d63f3d0b-grunt-cli.lock
17 silly addNameRange { name: 'grunt-cli', range: '', hasData: false }
18 verbose url raw grunt-cli
19 verbose url resolving [ 'https://registry.npmjs.org/', './grunt-cli' ]
20 verbose url resolved https://registry.npmjs.org/grunt-cli
21 info trying registry request attempt 1 at 15:59:09
22 verbose etag "9OZC8YXXMQN6W52GWTQZFW0CL"
23 http GET https://registry.npmjs.org/grunt-cli
24 http 200 https://registry.npmjs.org/grunt-cli
25 silly registry.get cb [ 200,
25 silly registry.get   { vary: 'Accept',
25 silly registry.get     server: 'CouchDB/1.3.1 (Erlang OTP/R15B03)',
25 silly registry.get     etag: '"6VT3FMTY5HFKJNU0XQ12TZTW2"',
25 silly registry.get     date: 'Mon, 07 Oct 2013 02:59:12 GMT',
25 silly registry.get     'content-type': 'application/json',
25 silly registry.get     'content-length': '22903' } ]
26 silly addNameRange number 2 { name: 'grunt-cli', range: '', hasData: true }
27 silly addNameRange versions [ 'grunt-cli',
27 silly addNameRange   [ '0.1.0',
27 silly addNameRange     '0.1.1',
27 silly addNameRange     '0.1.2',
27 silly addNameRange     '0.1.3',
27 silly addNameRange     '0.1.4',
27 silly addNameRange     '0.1.5',
27 silly addNameRange     '0.1.6',
27 silly addNameRange     '0.1.7',
27 silly addNameRange     '0.1.8',
27 silly addNameRange     '0.1.9' ] ]
28 verbose addNamed [ 'grunt-cli', '0.1.9' ]
29 verbose addNamed [ '0.1.9', '0.1.9' ]
30 silly lockFile 8faf2ed8-grunt-cli-0-1-9 grunt-cli@0.1.9
31 verbose lock grunt-cli@0.1.9 /home/devbox/.npm/8faf2ed8-grunt-cli-0-1-9.lock
32 verbose read json /home/devbox/.npm/grunt-cli/0.1.9/package/package.json
33 silly lockFile 8faf2ed8-grunt-cli-0-1-9 grunt-cli@0.1.9
34 silly lockFile 8faf2ed8-grunt-cli-0-1-9 grunt-cli@0.1.9
35 silly lockFile d63f3d0b-grunt-cli grunt-cli@
36 silly lockFile d63f3d0b-grunt-cli grunt-cli@
37 silly resolved [ { name: 'grunt-cli',
37 silly resolved     description: 'The grunt command line interface.',
37 silly resolved     version: '0.1.9',
37 silly resolved     author: { name: 'Grunt Team' },
37 silly resolved     homepage: 'http://gruntjs.com/',
37 silly resolved     repository: { type: 'git', url: 'git://github.com/gruntjs/grunt-cli.git' },
37 silly resolved     bugs: { url: 'http://github.com/gruntjs/grunt-cli/issues' },
37 silly resolved     licenses: [ [Object] ],
37 silly resolved     bin: { grunt: 'bin/grunt' },
37 silly resolved     engines: { node: '>= 0.8.0' },
37 silly resolved     scripts: { test: 'node bin/grunt test' },
37 silly resolved     preferGlobal: true,
37 silly resolved     dependencies: { nopt: '~1.0.10', 'findup-sync': '~0.1.0', resolve: '~0.3.1' },
37 silly resolved     devDependencies: { grunt: '~0.4.0', 'grunt-contrib-jshint': '~0.2.0' },
37 silly resolved     contributors: [ [Object], [Object], [Object], [Object] ],
37 silly resolved     readme: '# grunt-cli [![Build Status](https://secure.travis-ci.org/gruntjs/grunt-cli.png?branch=master)](http://travis-ci.org/gruntjs/grunt-cli)\n> The Grunt command line interface.\n\nInstall this globally and you\'ll have access to the `grunt` command anywhere on your system.\n\n```shell\nnpm install -g grunt-cli\n```\n\n**Note:** The job of the `grunt` command is to load and run the version of Grunt you have installed locally to your project, irrespective of its version.  Starting with Grunt v0.4, you should never install Grunt itself globally.  For more information about why, [please read this](http://blog.nodejs.org/2011/03/23/npm-1-0-global-vs-local-installation).\n\nSee the [Getting Started](http://gruntjs.com/getting-started) guide for more information.\n\n## Shell tab auto-completion\nTo enable bash tab auto-completion for Grunt, add the following line to your `~/.bashrc` file. Currently, the only supported shell is bash.\n\n```bash\neval "$(grunt --completion=bash)"\n```\n\n## Installing grunt-cli locally\nIf you don\'t have administrator rights, you may need to install grunt-cli locally to your project using `npm install grunt-cli --save-dev`.  Unfortunately, this will not put the `grunt` executable in your PATH.  You\'ll need to specify its explicit location when executing it, eg: `./node_modules/.bin/grunt`,\n\nNote: Using grunt-cli in this way is unsupported.\n',
37 silly resolved     readmeFilename: 'README.md',
37 silly resolved     _id: 'grunt-cli@0.1.9',
37 silly resolved     _from: 'grunt-cli@' } ]
38 info install grunt-cli@0.1.9 into /usr/local/lib
39 info installOne grunt-cli@0.1.9
40 verbose from cache /home/devbox/.npm/grunt-cli/0.1.9/package/package.json
41 info /usr/local/lib/node_modules/grunt-cli unbuild
42 verbose read json /usr/local/lib/node_modules/grunt-cli/package.json
43 info preuninstall grunt-cli@0.1.9
44 info uninstall grunt-cli@0.1.9
45 verbose true,/usr/local/lib/node_modules,/usr/local/lib/node_modules unbuild grunt-cli@0.1.9
46 verbose /usr/local/bin,[object Object] binRoot
47 info /usr/local/lib/node_modules/grunt-cli unbuild
48 verbose read json /usr/local/lib/node_modules/grunt-cli/package.json
49 info preuninstall grunt-cli@0.1.9
50 info uninstall grunt-cli@0.1.9
51 verbose true,/usr/local/lib/node_modules,/usr/local/lib/node_modules unbuild grunt-cli@0.1.9
52 verbose /usr/local/bin,[object Object] binRoot
53 error error rolling back Error: EACCES, unlink '/usr/local/bin/grunt'
53 error error rolling back  grunt-cli@0.1.9 { [Error: EACCES, unlink '/usr/local/bin/grunt']
53 error error rolling back   stack: 'Error: EACCES, unlink \'/usr/local/bin/grunt\'',
53 error error rolling back   errno: 3,
53 error error rolling back   code: 'EACCES',
53 error error rolling back   path: '/usr/local/bin/grunt' }
54 error Error: EACCES, unlink '/usr/local/bin/grunt'
54 error  { [Error: EACCES, unlink '/usr/local/bin/grunt']
54 error   stack: 'Error: EACCES, unlink \'/usr/local/bin/grunt\'',
54 error   errno: 3,
54 error   code: 'EACCES',
54 error   path: '/usr/local/bin/grunt' }
55 error Please try running this command again as root/Administrator.
56 error System Linux 3.8.0-27-generic
57 error command "/usr/local/bin/node" "/usr/local/bin/npm" "install" "-g" "grunt-cli"
58 error cwd /home/devbox/NetBeansProjects/hubstar/app_hubstar
59 error node -v v0.9.9
60 error npm -v 1.2.10
61 error path /usr/local/bin/grunt
62 error code EACCES
63 error errno 3
64 error stack Error: EACCES, unlink '/usr/local/bin/grunt'
65 verbose exit [ 3, true ]
