2013/02/21 09:40:07 [error] [exception.CHttpException.404] exception 'CHttpException' with message 'Unable to resolve the request "about".' in /home/devbox/NetBeansProjects/yii/yiiframework-1.1.13/web/CWebApplication.php:286
Stack trace:
#0 /home/devbox/NetBeansProjects/yii/yiiframework-1.1.13/web/CWebApplication.php(141): CWebApplication->runController('about')
#1 /home/devbox/NetBeansProjects/yii/yiiframework-1.1.13/base/CApplication.php(169): CWebApplication->processRequest()
#2 /home/devbox/NetBeansProjects/bds-v3.1/app_administrator/index.php(13): CApplication->run()
#3 {main}
REQUEST_URI=/about
---
2013/02/21 09:42:44 [error] [exception.CException] exception 'CException' with message 'Alias "bootstrap.widgets.TbNavbar" is invalid. Make sure it points to an existing directory or file.' in /home/devbox/NetBeansProjects/yii/yiiframework-1.1.13/YiiBase.php:341
Stack trace:
#0 /home/devbox/NetBeansProjects/yii/yiiframework-1.1.13/web/CWidgetFactory.php(146): YiiBase::import('bootstrap.widge...', true)
#1 /home/devbox/NetBeansProjects/yii/yiiframework-1.1.13/web/CBaseController.php(146): CWidgetFactory->createWidget(Object(SiteController), 'bootstrap.widge...', Array)
#2 /home/devbox/NetBeansProjects/yii/yiiframework-1.1.13/web/CBaseController.php(172): CBaseController->createWidget('bootstrap.widge...', Array)
#3 /home/devbox/NetBeansProjects/bds-v3.1/app_administrator/protected/views/layouts/main.php(41): CBaseController->widget('bootstrap.widge...', Array)
#4 /home/devbox/NetBeansProjects/yii/yiiframework-1.1.13/web/CBaseController.php(126): require('/home/devbox/Ne...')
#5 /home/devbox/NetBeansProjects/yii/yiiframework-1.1.13/web/CBaseController.php(95): CBaseController->renderInternal('/home/devbox/Ne...', Array, true)
#6 /home/devbox/NetBeansProjects/yii/yiiframework-1.1.13/web/widgets/CContentDecorator.php(76): CBaseController->renderFile('/home/devbox/Ne...', Array, true)
#7 /home/devbox/NetBeansProjects/yii/yiiframework-1.1.13/web/widgets/CContentDecorator.php(54): CContentDecorator->decorate('<div id="conten...')
#8 /home/devbox/NetBeansProjects/yii/yiiframework-1.1.13/web/widgets/COutputProcessor.php(44): CContentDecorator->processOutput('<div id="conten...')
#9 /home/devbox/NetBeansProjects/yii/yiiframework-1.1.13/web/CBaseController.php(206): COutputProcessor->run()
#10 /home/devbox/NetBeansProjects/yii/yiiframework-1.1.13/web/CBaseController.php(300): CBaseController->endWidget('CContentDecorat...')
#11 /home/devbox/NetBeansProjects/bds-v3.1/app_administrator/protected/views/layouts/column1.php(6): CBaseController->endContent()
#12 /home/devbox/NetBeansProjects/yii/yiiframework-1.1.13/web/CBaseController.php(126): require('/home/devbox/Ne...')
#13 /home/devbox/NetBeansProjects/yii/yiiframework-1.1.13/web/CBaseController.php(95): CBaseController->renderInternal('/home/devbox/Ne...', Array, true)
#14 /home/devbox/NetBeansProjects/yii/yiiframework-1.1.13/web/CController.php(784): CBaseController->renderFile('/home/devbox/Ne...', Array, true)
#15 /home/devbox/NetBeansProjects/bds-v3.1/app_administrator/protected/controllers/SiteController.php(32): CController->render('index')
#16 /home/devbox/NetBeansProjects/yii/yiiframework-1.1.13/web/actions/CInlineAction.php(49): SiteController->actionIndex()
#17 /home/devbox/NetBeansProjects/yii/yiiframework-1.1.13/web/CController.php(308): CInlineAction->runWithParams(Array)
#18 /home/devbox/NetBeansProjects/yii/yiiframework-1.1.13/web/CController.php(286): CController->runAction(Object(CInlineAction))
#19 /home/devbox/NetBeansProjects/yii/yiiframework-1.1.13/web/CController.php(265): CController->runActionWithFilters(Object(CInlineAction), Array)
#20 /home/devbox/NetBeansProjects/yii/yiiframework-1.1.13/web/CWebApplication.php(282): CController->run('index')
#21 /home/devbox/NetBeansProjects/yii/yiiframework-1.1.13/web/CWebApplication.php(141): CWebApplication->runController('site/index')
#22 /home/devbox/NetBeansProjects/yii/yiiframework-1.1.13/base/CApplication.php(169): CWebApplication->processRequest()
#23 /home/devbox/NetBeansProjects/bds-v3.1/app_administrator/index.php(13): CApplication->run()
#24 {main}
REQUEST_URI=/site/index
HTTP_REFERER=http://admin.develop.devbox1/site/page?view=about
---
2013/02/21 09:47:20 [error] [exception.CException] exception 'CException' with message 'Alias "bootstrap.widgets.TbNavbar" is invalid. Make sure it points to an existing directory or file.' in /home/devbox/NetBeansProjects/yii/yiiframework-1.1.13/YiiBase.php:341
Stack trace:
#0 /home/devbox/NetBeansProjects/yii/yiiframework-1.1.13/web/CWidgetFactory.php(146): YiiBase::import('bootstrap.widge...', true)
#1 /home/devbox/NetBeansProjects/yii/yiiframework-1.1.13/web/CBaseController.php(146): CWidgetFactory->createWidget(Object(SiteController), 'bootstrap.widge...', Array)
#2 /home/devbox/NetBeansProjects/yii/yiiframework-1.1.13/web/CBaseController.php(172): CBaseController->createWidget('bootstrap.widge...', Array)
#3 /home/devbox/NetBeansProjects/bds-v3.1/app_administrator/protected/views/site/index.php(33): CBaseController->widget('bootstrap.widge...', Array)
#4 /home/devbox/NetBeansProjects/yii/yiiframework-1.1.13/web/CBaseController.php(126): require('/home/devbox/Ne...')
#5 /home/devbox/NetBeansProjects/yii/yiiframework-1.1.13/web/CBaseController.php(95): CBaseController->renderInternal('/home/devbox/Ne...', NULL, true)
#6 /home/devbox/NetBeansProjects/yii/yiiframework-1.1.13/web/CController.php(869): CBaseController->renderFile('/home/devbox/Ne...', NULL, true)
#7 /home/devbox/NetBeansProjects/yii/yiiframework-1.1.13/web/CController.php(782): CController->renderPartial('index', NULL, true)
#8 /home/devbox/NetBeansProjects/bds-v3.1/app_administrator/protected/controllers/SiteController.php(32): CController->render('index')
#9 /home/devbox/NetBeansProjects/yii/yiiframework-1.1.13/web/actions/CInlineAction.php(49): SiteController->actionIndex()
#10 /home/devbox/NetBeansProjects/yii/yiiframework-1.1.13/web/CController.php(308): CInlineAction->runWithParams(Array)
#11 /home/devbox/NetBeansProjects/yii/yiiframework-1.1.13/web/CController.php(286): CController->runAction(Object(CInlineAction))
#12 /home/devbox/NetBeansProjects/yii/yiiframework-1.1.13/web/CController.php(265): CController->runActionWithFilters(Object(CInlineAction), Array)
#13 /home/devbox/NetBeansProjects/yii/yiiframework-1.1.13/web/CWebApplication.php(282): CController->run('index')
#14 /home/devbox/NetBeansProjects/yii/yiiframework-1.1.13/web/CWebApplication.php(141): CWebApplication->runController('site/index')
#15 /home/devbox/NetBeansProjects/yii/yiiframework-1.1.13/base/CApplication.php(169): CWebApplication->processRequest()
#16 /home/devbox/NetBeansProjects/bds-v3.1/app_administrator/index.php(13): CApplication->run()
#17 {main}
REQUEST_URI=/site/index
HTTP_REFERER=http://admin.develop.devbox1/site/page?view=about
---
2013/02/21 09:47:49 [error] [exception.CException] exception 'CException' with message 'Alias "bootstrap.widgets.TbButtonGroup" is invalid. Make sure it points to an existing directory or file.' in /home/devbox/NetBeansProjects/yii/yiiframework-1.1.13/YiiBase.php:341
Stack trace:
#0 /home/devbox/NetBeansProjects/yii/yiiframework-1.1.13/web/CWidgetFactory.php(146): YiiBase::import('bootstrap.widge...', true)
#1 /home/devbox/NetBeansProjects/yii/yiiframework-1.1.13/web/CBaseController.php(146): CWidgetFactory->createWidget(Object(SiteController), 'bootstrap.widge...', Array)
#2 /home/devbox/NetBeansProjects/yii/yiiframework-1.1.13/web/CBaseController.php(172): CBaseController->createWidget('bootstrap.widge...', Array)
#3 /home/devbox/NetBeansProjects/bds-v3.1/app_administrator/protected/views/site/index.php(24): CBaseController->widget('bootstrap.widge...', Array)
#4 /home/devbox/NetBeansProjects/yii/yiiframework-1.1.13/web/CBaseController.php(126): require('/home/devbox/Ne...')
#5 /home/devbox/NetBeansProjects/yii/yiiframework-1.1.13/web/CBaseController.php(95): CBaseController->renderInternal('/home/devbox/Ne...', NULL, true)
#6 /home/devbox/NetBeansProjects/yii/yiiframework-1.1.13/web/CController.php(869): CBaseController->renderFile('/home/devbox/Ne...', NULL, true)
#7 /home/devbox/NetBeansProjects/yii/yiiframework-1.1.13/web/CController.php(782): CController->renderPartial('index', NULL, true)
#8 /home/devbox/NetBeansProjects/bds-v3.1/app_administrator/protected/controllers/SiteController.php(32): CController->render('index')
#9 /home/devbox/NetBeansProjects/yii/yiiframework-1.1.13/web/actions/CInlineAction.php(49): SiteController->actionIndex()
#10 /home/devbox/NetBeansProjects/yii/yiiframework-1.1.13/web/CController.php(308): CInlineAction->runWithParams(Array)
#11 /home/devbox/NetBeansProjects/yii/yiiframework-1.1.13/web/CController.php(286): CController->runAction(Object(CInlineAction))
#12 /home/devbox/NetBeansProjects/yii/yiiframework-1.1.13/web/CController.php(265): CController->runActionWithFilters(Object(CInlineAction), Array)
#13 /home/devbox/NetBeansProjects/yii/yiiframework-1.1.13/web/CWebApplication.php(282): CController->run('index')
#14 /home/devbox/NetBeansProjects/yii/yiiframework-1.1.13/web/CWebApplication.php(141): CWebApplication->runController('site/index')
#15 /home/devbox/NetBeansProjects/yii/yiiframework-1.1.13/base/CApplication.php(169): CWebApplication->processRequest()
#16 /home/devbox/NetBeansProjects/bds-v3.1/app_administrator/index.php(13): CApplication->run()
#17 {main}
REQUEST_URI=/site/index
HTTP_REFERER=http://admin.develop.devbox1/site/page?view=about
---
2013/02/21 09:50:19 [error] [exception.CException] exception 'CException' with message 'Alias "bootstrap.widgets.TbButtonGroup" is invalid. Make sure it points to an existing directory or file.' in /home/devbox/NetBeansProjects/yii/yiiframework-1.1.13/YiiBase.php:341
Stack trace:
#0 /home/devbox/NetBeansProjects/yii/yiiframework-1.1.13/web/CWidgetFactory.php(146): YiiBase::import('bootstrap.widge...', true)
#1 /home/devbox/NetBeansProjects/yii/yiiframework-1.1.13/web/CBaseController.php(146): CWidgetFactory->createWidget(Object(SiteController), 'bootstrap.widge...', Array)
#2 /home/devbox/NetBeansProjects/yii/yiiframework-1.1.13/web/CBaseController.php(172): CBaseController->createWidget('bootstrap.widge...', Array)
#3 /home/devbox/NetBeansProjects/bds-v3.1/app_administrator/protected/views/site/index.php(24): CBaseController->widget('bootstrap.widge...', Array)
#4 /home/devbox/NetBeansProjects/yii/yiiframework-1.1.13/web/CBaseController.php(126): require('/home/devbox/Ne...')
#5 /home/devbox/NetBeansProjects/yii/yiiframework-1.1.13/web/CBaseController.php(95): CBaseController->renderInternal('/home/devbox/Ne...', NULL, true)
#6 /home/devbox/NetBeansProjects/yii/yiiframework-1.1.13/web/CController.php(869): CBaseController->renderFile('/home/devbox/Ne...', NULL, true)
#7 /home/devbox/NetBeansProjects/yii/yiiframework-1.1.13/web/CController.php(782): CController->renderPartial('index', NULL, true)
#8 /home/devbox/NetBeansProjects/bds-v3.1/app_administrator/protected/controllers/SiteController.php(32): CController->render('index')
#9 /home/devbox/NetBeansProjects/yii/yiiframework-1.1.13/web/actions/CInlineAction.php(49): SiteController->actionIndex()
#10 /home/devbox/NetBeansProjects/yii/yiiframework-1.1.13/web/CController.php(308): CInlineAction->runWithParams(Array)
#11 /home/devbox/NetBeansProjects/yii/yiiframework-1.1.13/web/CController.php(286): CController->runAction(Object(CInlineAction))
#12 /home/devbox/NetBeansProjects/yii/yiiframework-1.1.13/web/CController.php(265): CController->runActionWithFilters(Object(CInlineAction), Array)
#13 /home/devbox/NetBeansProjects/yii/yiiframework-1.1.13/web/CWebApplication.php(282): CController->run('index')
#14 /home/devbox/NetBeansProjects/yii/yiiframework-1.1.13/web/CWebApplication.php(141): CWebApplication->runController('site/index')
#15 /home/devbox/NetBeansProjects/yii/yiiframework-1.1.13/base/CApplication.php(169): CWebApplication->processRequest()
#16 /home/devbox/NetBeansProjects/bds-v3.1/app_administrator/index.php(13): CApplication->run()
#17 {main}
REQUEST_URI=/site/index
HTTP_REFERER=http://admin.develop.devbox1/site/page?view=about
---
2013/02/21 09:50:20 [error] [exception.CException] exception 'CException' with message 'Alias "bootstrap.widgets.TbButtonGroup" is invalid. Make sure it points to an existing directory or file.' in /home/devbox/NetBeansProjects/yii/yiiframework-1.1.13/YiiBase.php:341
Stack trace:
#0 /home/devbox/NetBeansProjects/yii/yiiframework-1.1.13/web/CWidgetFactory.php(146): YiiBase::import('bootstrap.widge...', true)
#1 /home/devbox/NetBeansProjects/yii/yiiframework-1.1.13/web/CBaseController.php(146): CWidgetFactory->createWidget(Object(SiteController), 'bootstrap.widge...', Array)
#2 /home/devbox/NetBeansProjects/yii/yiiframework-1.1.13/web/CBaseController.php(172): CBaseController->createWidget('bootstrap.widge...', Array)
#3 /home/devbox/NetBeansProjects/bds-v3.1/app_administrator/protected/views/site/index.php(24): CBaseController->widget('bootstrap.widge...', Array)
#4 /home/devbox/NetBeansProjects/yii/yiiframework-1.1.13/web/CBaseController.php(126): require('/home/devbox/Ne...')
#5 /home/devbox/NetBeansProjects/yii/yiiframework-1.1.13/web/CBaseController.php(95): CBaseController->renderInternal('/home/devbox/Ne...', NULL, true)
#6 /home/devbox/NetBeansProjects/yii/yiiframework-1.1.13/web/CController.php(869): CBaseController->renderFile('/home/devbox/Ne...', NULL, true)
#7 /home/devbox/NetBeansProjects/yii/yiiframework-1.1.13/web/CController.php(782): CController->renderPartial('index', NULL, true)
#8 /home/devbox/NetBeansProjects/bds-v3.1/app_administrator/protected/controllers/SiteController.php(32): CController->render('index')
#9 /home/devbox/NetBeansProjects/yii/yiiframework-1.1.13/web/actions/CInlineAction.php(49): SiteController->actionIndex()
#10 /home/devbox/NetBeansProjects/yii/yiiframework-1.1.13/web/CController.php(308): CInlineAction->runWithParams(Array)
#11 /home/devbox/NetBeansProjects/yii/yiiframework-1.1.13/web/CController.php(286): CController->runAction(Object(CInlineAction))
#12 /home/devbox/NetBeansProjects/yii/yiiframework-1.1.13/web/CController.php(265): CController->runActionWithFilters(Object(CInlineAction), Array)
#13 /home/devbox/NetBeansProjects/yii/yiiframework-1.1.13/web/CWebApplication.php(282): CController->run('index')
#14 /home/devbox/NetBeansProjects/yii/yiiframework-1.1.13/web/CWebApplication.php(141): CWebApplication->runController('site/index')
#15 /home/devbox/NetBeansProjects/yii/yiiframework-1.1.13/base/CApplication.php(169): CWebApplication->processRequest()
#16 /home/devbox/NetBeansProjects/bds-v3.1/app_administrator/index.php(13): CApplication->run()
#17 {main}
REQUEST_URI=/site/index
HTTP_REFERER=http://admin.develop.devbox1/site/page?view=about
---
2013/02/21 09:53:39 [error] [exception.CException] exception 'CException' with message 'Alias "bootstrap.widgets.TbButtonGroup" is invalid. Make sure it points to an existing directory or file.' in /home/devbox/NetBeansProjects/yii/yiiframework-1.1.13/YiiBase.php:341
Stack trace:
#0 /home/devbox/NetBeansProjects/yii/yiiframework-1.1.13/web/CWidgetFactory.php(146): YiiBase::import('bootstrap.widge...', true)
#1 /home/devbox/NetBeansProjects/yii/yiiframework-1.1.13/web/CBaseController.php(146): CWidgetFactory->createWidget(Object(SiteController), 'bootstrap.widge...', Array)
#2 /home/devbox/NetBeansProjects/yii/yiiframework-1.1.13/web/CBaseController.php(172): CBaseController->createWidget('bootstrap.widge...', Array)
#3 /home/devbox/NetBeansProjects/bds-v3.1/app_administrator/protected/views/site/index.php(24): CBaseController->widget('bootstrap.widge...', Array)
#4 /home/devbox/NetBeansProjects/yii/yiiframework-1.1.13/web/CBaseController.php(126): require('/home/devbox/Ne...')
#5 /home/devbox/NetBeansProjects/yii/yiiframework-1.1.13/web/CBaseController.php(95): CBaseController->renderInternal('/home/devbox/Ne...', NULL, true)
#6 /home/devbox/NetBeansProjects/yii/yiiframework-1.1.13/web/CController.php(869): CBaseController->renderFile('/home/devbox/Ne...', NULL, true)
#7 /home/devbox/NetBeansProjects/yii/yiiframework-1.1.13/web/CController.php(782): CController->renderPartial('index', NULL, true)
#8 /home/devbox/NetBeansProjects/bds-v3.1/app_administrator/protected/controllers/SiteController.php(32): CController->render('index')
#9 /home/devbox/NetBeansProjects/yii/yiiframework-1.1.13/web/actions/CInlineAction.php(49): SiteController->actionIndex()
#10 /home/devbox/NetBeansProjects/yii/yiiframework-1.1.13/web/CController.php(308): CInlineAction->runWithParams(Array)
#11 /home/devbox/NetBeansProjects/yii/yiiframework-1.1.13/web/CController.php(286): CController->runAction(Object(CInlineAction))
#12 /home/devbox/NetBeansProjects/yii/yiiframework-1.1.13/web/CController.php(265): CController->runActionWithFilters(Object(CInlineAction), Array)
#13 /home/devbox/NetBeansProjects/yii/yiiframework-1.1.13/web/CWebApplication.php(282): CController->run('index')
#14 /home/devbox/NetBeansProjects/yii/yiiframework-1.1.13/web/CWebApplication.php(141): CWebApplication->runController('site/index')
#15 /home/devbox/NetBeansProjects/yii/yiiframework-1.1.13/base/CApplication.php(169): CWebApplication->processRequest()
#16 /home/devbox/NetBeansProjects/bds-v3.1/app_administrator/index.php(13): CApplication->run()
#17 {main}
REQUEST_URI=/site/index
HTTP_REFERER=http://admin.develop.devbox1/site/page?view=about
---
2013/02/21 09:54:18 [error] [exception.CException] exception 'CException' with message 'Alias "bootstrap.widgets.TbButtonGroup" is invalid. Make sure it points to an existing directory or file.' in /home/devbox/NetBeansProjects/yii/yiiframework-1.1.13/YiiBase.php:341
Stack trace:
#0 /home/devbox/NetBeansProjects/yii/yiiframework-1.1.13/web/CWidgetFactory.php(146): YiiBase::import('bootstrap.widge...', true)
#1 /home/devbox/NetBeansProjects/yii/yiiframework-1.1.13/web/CBaseController.php(146): CWidgetFactory->createWidget(Object(SiteController), 'bootstrap.widge...', Array)
#2 /home/devbox/NetBeansProjects/yii/yiiframework-1.1.13/web/CBaseController.php(172): CBaseController->createWidget('bootstrap.widge...', Array)
#3 /home/devbox/NetBeansProjects/bds-v3.1/app_administrator/protected/views/site/index.php(24): CBaseController->widget('bootstrap.widge...', Array)
#4 /home/devbox/NetBeansProjects/yii/yiiframework-1.1.13/web/CBaseController.php(126): require('/home/devbox/Ne...')
#5 /home/devbox/NetBeansProjects/yii/yiiframework-1.1.13/web/CBaseController.php(95): CBaseController->renderInternal('/home/devbox/Ne...', NULL, true)
#6 /home/devbox/NetBeansProjects/yii/yiiframework-1.1.13/web/CController.php(869): CBaseController->renderFile('/home/devbox/Ne...', NULL, true)
#7 /home/devbox/NetBeansProjects/yii/yiiframework-1.1.13/web/CController.php(782): CController->renderPartial('index', NULL, true)
#8 /home/devbox/NetBeansProjects/bds-v3.1/app_administrator/protected/controllers/SiteController.php(32): CController->render('index')
#9 /home/devbox/NetBeansProjects/yii/yiiframework-1.1.13/web/actions/CInlineAction.php(49): SiteController->actionIndex()
#10 /home/devbox/NetBeansProjects/yii/yiiframework-1.1.13/web/CController.php(308): CInlineAction->runWithParams(Array)
#11 /home/devbox/NetBeansProjects/yii/yiiframework-1.1.13/web/CController.php(286): CController->runAction(Object(CInlineAction))
#12 /home/devbox/NetBeansProjects/yii/yiiframework-1.1.13/web/CController.php(265): CController->runActionWithFilters(Object(CInlineAction), Array)
#13 /home/devbox/NetBeansProjects/yii/yiiframework-1.1.13/web/CWebApplication.php(282): CController->run('index')
#14 /home/devbox/NetBeansProjects/yii/yiiframework-1.1.13/web/CWebApplication.php(141): CWebApplication->runController('site/index')
#15 /home/devbox/NetBeansProjects/yii/yiiframework-1.1.13/base/CApplication.php(169): CWebApplication->processRequest()
#16 /home/devbox/NetBeansProjects/bds-v3.1/app_administrator/index.php(13): CApplication->run()
#17 {main}
REQUEST_URI=/site/index
HTTP_REFERER=http://admin.develop.devbox1/site/page?view=about
---
2013/02/21 09:55:36 [error] [exception.CException] exception 'CException' with message 'Alias "bootstrap.widgets.TbButtonGroup" is invalid. Make sure it points to an existing directory or file.' in /home/devbox/NetBeansProjects/yii/yiiframework-1.1.13/YiiBase.php:341
Stack trace:
#0 /home/devbox/NetBeansProjects/yii/yiiframework-1.1.13/web/CWidgetFactory.php(146): YiiBase::import('bootstrap.widge...', true)
#1 /home/devbox/NetBeansProjects/yii/yiiframework-1.1.13/web/CBaseController.php(146): CWidgetFactory->createWidget(Object(SiteController), 'bootstrap.widge...', Array)
#2 /home/devbox/NetBeansProjects/yii/yiiframework-1.1.13/web/CBaseController.php(172): CBaseController->createWidget('bootstrap.widge...', Array)
#3 /home/devbox/NetBeansProjects/bds-v3.1/app_administrator/protected/views/site/index.php(24): CBaseController->widget('bootstrap.widge...', Array)
#4 /home/devbox/NetBeansProjects/yii/yiiframework-1.1.13/web/CBaseController.php(126): require('/home/devbox/Ne...')
#5 /home/devbox/NetBeansProjects/yii/yiiframework-1.1.13/web/CBaseController.php(95): CBaseController->renderInternal('/home/devbox/Ne...', NULL, true)
#6 /home/devbox/NetBeansProjects/yii/yiiframework-1.1.13/web/CController.php(869): CBaseController->renderFile('/home/devbox/Ne...', NULL, true)
#7 /home/devbox/NetBeansProjects/yii/yiiframework-1.1.13/web/CController.php(782): CController->renderPartial('index', NULL, true)
#8 /home/devbox/NetBeansProjects/bds-v3.1/app_administrator/protected/controllers/SiteController.php(32): CController->render('index')
#9 /home/devbox/NetBeansProjects/yii/yiiframework-1.1.13/web/actions/CInlineAction.php(49): SiteController->actionIndex()
#10 /home/devbox/NetBeansProjects/yii/yiiframework-1.1.13/web/CController.php(308): CInlineAction->runWithParams(Array)
#11 /home/devbox/NetBeansProjects/yii/yiiframework-1.1.13/web/CController.php(286): CController->runAction(Object(CInlineAction))
#12 /home/devbox/NetBeansProjects/yii/yiiframework-1.1.13/web/CController.php(265): CController->runActionWithFilters(Object(CInlineAction), Array)
#13 /home/devbox/NetBeansProjects/yii/yiiframework-1.1.13/web/CWebApplication.php(282): CController->run('index')
#14 /home/devbox/NetBeansProjects/yii/yiiframework-1.1.13/web/CWebApplication.php(141): CWebApplication->runController('site/index')
#15 /home/devbox/NetBeansProjects/yii/yiiframework-1.1.13/base/CApplication.php(169): CWebApplication->processRequest()
#16 /home/devbox/NetBeansProjects/bds-v3.1/app_administrator/index.php(13): CApplication->run()
#17 {main}
REQUEST_URI=/site/index
HTTP_REFERER=http://admin.develop.devbox1/site/page?view=about
---
2013/02/21 09:55:53 [error] [exception.CException] exception 'CException' with message 'Alias "bootstrap.widgets.TbButtonGroup" is invalid. Make sure it points to an existing directory or file.' in /home/devbox/NetBeansProjects/yii/yiiframework-1.1.13/YiiBase.php:341
Stack trace:
#0 /home/devbox/NetBeansProjects/yii/yiiframework-1.1.13/web/CWidgetFactory.php(146): YiiBase::import('bootstrap.widge...', true)
#1 /home/devbox/NetBeansProjects/yii/yiiframework-1.1.13/web/CBaseController.php(146): CWidgetFactory->createWidget(Object(SiteController), 'bootstrap.widge...', Array)
#2 /home/devbox/NetBeansProjects/yii/yiiframework-1.1.13/web/CBaseController.php(172): CBaseController->createWidget('bootstrap.widge...', Array)
#3 /home/devbox/NetBeansProjects/bds-v3.1/app_administrator/protected/views/site/index.php(24): CBaseController->widget('bootstrap.widge...', Array)
#4 /home/devbox/NetBeansProjects/yii/yiiframework-1.1.13/web/CBaseController.php(126): require('/home/devbox/Ne...')
#5 /home/devbox/NetBeansProjects/yii/yiiframework-1.1.13/web/CBaseController.php(95): CBaseController->renderInternal('/home/devbox/Ne...', NULL, true)
#6 /home/devbox/NetBeansProjects/yii/yiiframework-1.1.13/web/CController.php(869): CBaseController->renderFile('/home/devbox/Ne...', NULL, true)
#7 /home/devbox/NetBeansProjects/yii/yiiframework-1.1.13/web/CController.php(782): CController->renderPartial('index', NULL, true)
#8 /home/devbox/NetBeansProjects/bds-v3.1/app_administrator/protected/controllers/SiteController.php(32): CController->render('index')
#9 /home/devbox/NetBeansProjects/yii/yiiframework-1.1.13/web/actions/CInlineAction.php(49): SiteController->actionIndex()
#10 /home/devbox/NetBeansProjects/yii/yiiframework-1.1.13/web/CController.php(308): CInlineAction->runWithParams(Array)
#11 /home/devbox/NetBeansProjects/yii/yiiframework-1.1.13/web/CController.php(286): CController->runAction(Object(CInlineAction))
#12 /home/devbox/NetBeansProjects/yii/yiiframework-1.1.13/web/CController.php(265): CController->runActionWithFilters(Object(CInlineAction), Array)
#13 /home/devbox/NetBeansProjects/yii/yiiframework-1.1.13/web/CWebApplication.php(282): CController->run('index')
#14 /home/devbox/NetBeansProjects/yii/yiiframework-1.1.13/web/CWebApplication.php(141): CWebApplication->runController('site/index')
#15 /home/devbox/NetBeansProjects/yii/yiiframework-1.1.13/base/CApplication.php(169): CWebApplication->processRequest()
#16 /home/devbox/NetBeansProjects/bds-v3.1/app_administrator/index.php(13): CApplication->run()
#17 {main}
REQUEST_URI=/site/index
HTTP_REFERER=http://admin.develop.devbox1/site/page?view=about
---
2013/02/21 09:55:57 [error] [exception.CException] exception 'CException' with message 'Alias "bootstrap.widgets.TbButtonGroup" is invalid. Make sure it points to an existing directory or file.' in /home/devbox/NetBeansProjects/yii/yiiframework-1.1.13/YiiBase.php:341
Stack trace:
#0 /home/devbox/NetBeansProjects/yii/yiiframework-1.1.13/web/CWidgetFactory.php(146): YiiBase::import('bootstrap.widge...', true)
#1 /home/devbox/NetBeansProjects/yii/yiiframework-1.1.13/web/CBaseController.php(146): CWidgetFactory->createWidget(Object(SiteController), 'bootstrap.widge...', Array)
#2 /home/devbox/NetBeansProjects/yii/yiiframework-1.1.13/web/CBaseController.php(172): CBaseController->createWidget('bootstrap.widge...', Array)
#3 /home/devbox/NetBeansProjects/bds-v3.1/app_administrator/protected/views/site/index.php(24): CBaseController->widget('bootstrap.widge...', Array)
#4 /home/devbox/NetBeansProjects/yii/yiiframework-1.1.13/web/CBaseController.php(126): require('/home/devbox/Ne...')
#5 /home/devbox/NetBeansProjects/yii/yiiframework-1.1.13/web/CBaseController.php(95): CBaseController->renderInternal('/home/devbox/Ne...', NULL, true)
#6 /home/devbox/NetBeansProjects/yii/yiiframework-1.1.13/web/CController.php(869): CBaseController->renderFile('/home/devbox/Ne...', NULL, true)
#7 /home/devbox/NetBeansProjects/yii/yiiframework-1.1.13/web/CController.php(782): CController->renderPartial('index', NULL, true)
#8 /home/devbox/NetBeansProjects/bds-v3.1/app_administrator/protected/controllers/SiteController.php(32): CController->render('index')
#9 /home/devbox/NetBeansProjects/yii/yiiframework-1.1.13/web/actions/CInlineAction.php(49): SiteController->actionIndex()
#10 /home/devbox/NetBeansProjects/yii/yiiframework-1.1.13/web/CController.php(308): CInlineAction->runWithParams(Array)
#11 /home/devbox/NetBeansProjects/yii/yiiframework-1.1.13/web/CController.php(286): CController->runAction(Object(CInlineAction))
#12 /home/devbox/NetBeansProjects/yii/yiiframework-1.1.13/web/CController.php(265): CController->runActionWithFilters(Object(CInlineAction), Array)
#13 /home/devbox/NetBeansProjects/yii/yiiframework-1.1.13/web/CWebApplication.php(282): CController->run('index')
#14 /home/devbox/NetBeansProjects/yii/yiiframework-1.1.13/web/CWebApplication.php(141): CWebApplication->runController('site/index')
#15 /home/devbox/NetBeansProjects/yii/yiiframework-1.1.13/base/CApplication.php(169): CWebApplication->processRequest()
#16 /home/devbox/NetBeansProjects/bds-v3.1/app_administrator/index.php(13): CApplication->run()
#17 {main}
REQUEST_URI=/site/index
HTTP_REFERER=http://admin.develop.devbox1/site/page?view=about
---
2013/02/21 09:55:58 [error] [exception.CException] exception 'CException' with message 'Alias "bootstrap.widgets.TbButtonGroup" is invalid. Make sure it points to an existing directory or file.' in /home/devbox/NetBeansProjects/yii/yiiframework-1.1.13/YiiBase.php:341
Stack trace:
#0 /home/devbox/NetBeansProjects/yii/yiiframework-1.1.13/web/CWidgetFactory.php(146): YiiBase::import('bootstrap.widge...', true)
#1 /home/devbox/NetBeansProjects/yii/yiiframework-1.1.13/web/CBaseController.php(146): CWidgetFactory->createWidget(Object(SiteController), 'bootstrap.widge...', Array)
#2 /home/devbox/NetBeansProjects/yii/yiiframework-1.1.13/web/CBaseController.php(172): CBaseController->createWidget('bootstrap.widge...', Array)
#3 /home/devbox/NetBeansProjects/bds-v3.1/app_administrator/protected/views/site/index.php(24): CBaseController->widget('bootstrap.widge...', Array)
#4 /home/devbox/NetBeansProjects/yii/yiiframework-1.1.13/web/CBaseController.php(126): require('/home/devbox/Ne...')
#5 /home/devbox/NetBeansProjects/yii/yiiframework-1.1.13/web/CBaseController.php(95): CBaseController->renderInternal('/home/devbox/Ne...', NULL, true)
#6 /home/devbox/NetBeansProjects/yii/yiiframework-1.1.13/web/CController.php(869): CBaseController->renderFile('/home/devbox/Ne...', NULL, true)
#7 /home/devbox/NetBeansProjects/yii/yiiframework-1.1.13/web/CController.php(782): CController->renderPartial('index', NULL, true)
#8 /home/devbox/NetBeansProjects/bds-v3.1/app_administrator/protected/controllers/SiteController.php(32): CController->render('index')
#9 /home/devbox/NetBeansProjects/yii/yiiframework-1.1.13/web/actions/CInlineAction.php(49): SiteController->actionIndex()
#10 /home/devbox/NetBeansProjects/yii/yiiframework-1.1.13/web/CController.php(308): CInlineAction->runWithParams(Array)
#11 /home/devbox/NetBeansProjects/yii/yiiframework-1.1.13/web/CController.php(286): CController->runAction(Object(CInlineAction))
#12 /home/devbox/NetBeansProjects/yii/yiiframework-1.1.13/web/CController.php(265): CController->runActionWithFilters(Object(CInlineAction), Array)
#13 /home/devbox/NetBeansProjects/yii/yiiframework-1.1.13/web/CWebApplication.php(282): CController->run('index')
#14 /home/devbox/NetBeansProjects/yii/yiiframework-1.1.13/web/CWebApplication.php(141): CWebApplication->runController('site/index')
#15 /home/devbox/NetBeansProjects/yii/yiiframework-1.1.13/base/CApplication.php(169): CWebApplication->processRequest()
#16 /home/devbox/NetBeansProjects/bds-v3.1/app_administrator/index.php(13): CApplication->run()
#17 {main}
REQUEST_URI=/site/index
HTTP_REFERER=http://admin.develop.devbox1/site/page?view=about
---
