2013/02/24 13:05:13 [error] [exception.CException] exception 'CException' with message 'Alias "bootstrap.widgets.TbNavbar" is invalid. Make sure it points to an existing directory or file.' in /home/devbox/NetBeansProjects/yii/yiiframework-1.1.13/YiiBase.php:341
Stack trace:
#0 /home/devbox/NetBeansProjects/yii/yiiframework-1.1.13/web/CWidgetFactory.php(146): YiiBase::import('bootstrap.widge...', true)
#1 /home/devbox/NetBeansProjects/yii/yiiframework-1.1.13/web/CBaseController.php(146): CWidgetFactory->createWidget(Object(SiteController), 'bootstrap.widge...', Array)
#2 /home/devbox/NetBeansProjects/yii/yiiframework-1.1.13/web/CBaseController.php(172): CBaseController->createWidget('bootstrap.widge...', Array)
#3 /home/devbox/NetBeansProjects/bds-v3.1/app_dashboard/protected/views/layouts/main.php(44): CBaseController->widget('bootstrap.widge...', Array)
#4 /home/devbox/NetBeansProjects/yii/yiiframework-1.1.13/web/CBaseController.php(126): require('/home/devbox/Ne...')
#5 /home/devbox/NetBeansProjects/yii/yiiframework-1.1.13/web/CBaseController.php(95): CBaseController->renderInternal('/home/devbox/Ne...', Array, true)
#6 /home/devbox/NetBeansProjects/yii/yiiframework-1.1.13/web/widgets/CContentDecorator.php(76): CBaseController->renderFile('/home/devbox/Ne...', Array, true)
#7 /home/devbox/NetBeansProjects/yii/yiiframework-1.1.13/web/widgets/CContentDecorator.php(54): CContentDecorator->decorate('<div id="conten...')
#8 /home/devbox/NetBeansProjects/yii/yiiframework-1.1.13/web/widgets/COutputProcessor.php(44): CContentDecorator->processOutput('<div id="conten...')
#9 /home/devbox/NetBeansProjects/yii/yiiframework-1.1.13/web/CBaseController.php(206): COutputProcessor->run()
#10 /home/devbox/NetBeansProjects/yii/yiiframework-1.1.13/web/CBaseController.php(300): CBaseController->endWidget('CContentDecorat...')
#11 /home/devbox/NetBeansProjects/bds-v3.1/app_dashboard/protected/views/layouts/column1.php(6): CBaseController->endContent()
#12 /home/devbox/NetBeansProjects/yii/yiiframework-1.1.13/web/CBaseController.php(126): require('/home/devbox/Ne...')
#13 /home/devbox/NetBeansProjects/yii/yiiframework-1.1.13/web/CBaseController.php(95): CBaseController->renderInternal('/home/devbox/Ne...', Array, true)
#14 /home/devbox/NetBeansProjects/yii/yiiframework-1.1.13/web/CController.php(784): CBaseController->renderFile('/home/devbox/Ne...', Array, true)
#15 /home/devbox/NetBeansProjects/bds-v3.1/app_dashboard/protected/controllers/SiteController.php(32): CController->render('index')
#16 /home/devbox/NetBeansProjects/yii/yiiframework-1.1.13/web/actions/CInlineAction.php(49): SiteController->actionIndex()
#17 /home/devbox/NetBeansProjects/yii/yiiframework-1.1.13/web/CController.php(308): CInlineAction->runWithParams(Array)
#18 /home/devbox/NetBeansProjects/yii/yiiframework-1.1.13/web/CController.php(286): CController->runAction(Object(CInlineAction))
#19 /home/devbox/NetBeansProjects/yii/yiiframework-1.1.13/web/CController.php(265): CController->runActionWithFilters(Object(CInlineAction), Array)
#20 /home/devbox/NetBeansProjects/yii/yiiframework-1.1.13/web/CWebApplication.php(282): CController->run('')
#21 /home/devbox/NetBeansProjects/yii/yiiframework-1.1.13/web/CWebApplication.php(141): CWebApplication->runController('')
#22 /home/devbox/NetBeansProjects/yii/yiiframework-1.1.13/base/CApplication.php(169): CWebApplication->processRequest()
#23 /home/devbox/NetBeansProjects/bds-v3.1/app_dashboard/index.php(13): CApplication->run()
#24 {main}
REQUEST_URI=/
---
2013/02/24 13:05:31 [error] [exception.CException] exception 'CException' with message 'Alias "common.bootstrap.widgets.TbNavbar" is invalid. Make sure it points to an existing directory or file.' in /home/devbox/NetBeansProjects/yii/yiiframework-1.1.13/YiiBase.php:341
Stack trace:
#0 /home/devbox/NetBeansProjects/yii/yiiframework-1.1.13/web/CWidgetFactory.php(146): YiiBase::import('common.bootstra...', true)
#1 /home/devbox/NetBeansProjects/yii/yiiframework-1.1.13/web/CBaseController.php(146): CWidgetFactory->createWidget(Object(SiteController), 'common.bootstra...', Array)
#2 /home/devbox/NetBeansProjects/yii/yiiframework-1.1.13/web/CBaseController.php(172): CBaseController->createWidget('common.bootstra...', Array)
#3 /home/devbox/NetBeansProjects/bds-v3.1/app_dashboard/protected/views/layouts/main.php(44): CBaseController->widget('common.bootstra...', Array)
#4 /home/devbox/NetBeansProjects/yii/yiiframework-1.1.13/web/CBaseController.php(126): require('/home/devbox/Ne...')
#5 /home/devbox/NetBeansProjects/yii/yiiframework-1.1.13/web/CBaseController.php(95): CBaseController->renderInternal('/home/devbox/Ne...', Array, true)
#6 /home/devbox/NetBeansProjects/yii/yiiframework-1.1.13/web/widgets/CContentDecorator.php(76): CBaseController->renderFile('/home/devbox/Ne...', Array, true)
#7 /home/devbox/NetBeansProjects/yii/yiiframework-1.1.13/web/widgets/CContentDecorator.php(54): CContentDecorator->decorate('<div id="conten...')
#8 /home/devbox/NetBeansProjects/yii/yiiframework-1.1.13/web/widgets/COutputProcessor.php(44): CContentDecorator->processOutput('<div id="conten...')
#9 /home/devbox/NetBeansProjects/yii/yiiframework-1.1.13/web/CBaseController.php(206): COutputProcessor->run()
#10 /home/devbox/NetBeansProjects/yii/yiiframework-1.1.13/web/CBaseController.php(300): CBaseController->endWidget('CContentDecorat...')
#11 /home/devbox/NetBeansProjects/bds-v3.1/app_dashboard/protected/views/layouts/column1.php(6): CBaseController->endContent()
#12 /home/devbox/NetBeansProjects/yii/yiiframework-1.1.13/web/CBaseController.php(126): require('/home/devbox/Ne...')
#13 /home/devbox/NetBeansProjects/yii/yiiframework-1.1.13/web/CBaseController.php(95): CBaseController->renderInternal('/home/devbox/Ne...', Array, true)
#14 /home/devbox/NetBeansProjects/yii/yiiframework-1.1.13/web/CController.php(784): CBaseController->renderFile('/home/devbox/Ne...', Array, true)
#15 /home/devbox/NetBeansProjects/bds-v3.1/app_dashboard/protected/controllers/SiteController.php(32): CController->render('index')
#16 /home/devbox/NetBeansProjects/yii/yiiframework-1.1.13/web/actions/CInlineAction.php(49): SiteController->actionIndex()
#17 /home/devbox/NetBeansProjects/yii/yiiframework-1.1.13/web/CController.php(308): CInlineAction->runWithParams(Array)
#18 /home/devbox/NetBeansProjects/yii/yiiframework-1.1.13/web/CController.php(286): CController->runAction(Object(CInlineAction))
#19 /home/devbox/NetBeansProjects/yii/yiiframework-1.1.13/web/CController.php(265): CController->runActionWithFilters(Object(CInlineAction), Array)
#20 /home/devbox/NetBeansProjects/yii/yiiframework-1.1.13/web/CWebApplication.php(282): CController->run('')
#21 /home/devbox/NetBeansProjects/yii/yiiframework-1.1.13/web/CWebApplication.php(141): CWebApplication->runController('')
#22 /home/devbox/NetBeansProjects/yii/yiiframework-1.1.13/base/CApplication.php(169): CWebApplication->processRequest()
#23 /home/devbox/NetBeansProjects/bds-v3.1/app_dashboard/index.php(13): CApplication->run()
#24 {main}
REQUEST_URI=/
---
2013/02/24 13:05:40 [error] [exception.CException] exception 'CException' with message 'Alias "common.protected.bootstrap.widgets.TbNavbar" is invalid. Make sure it points to an existing directory or file.' in /home/devbox/NetBeansProjects/yii/yiiframework-1.1.13/YiiBase.php:341
Stack trace:
#0 /home/devbox/NetBeansProjects/yii/yiiframework-1.1.13/web/CWidgetFactory.php(146): YiiBase::import('common.protecte...', true)
#1 /home/devbox/NetBeansProjects/yii/yiiframework-1.1.13/web/CBaseController.php(146): CWidgetFactory->createWidget(Object(SiteController), 'common.protecte...', Array)
#2 /home/devbox/NetBeansProjects/yii/yiiframework-1.1.13/web/CBaseController.php(172): CBaseController->createWidget('common.protecte...', Array)
#3 /home/devbox/NetBeansProjects/bds-v3.1/app_dashboard/protected/views/layouts/main.php(44): CBaseController->widget('common.protecte...', Array)
#4 /home/devbox/NetBeansProjects/yii/yiiframework-1.1.13/web/CBaseController.php(126): require('/home/devbox/Ne...')
#5 /home/devbox/NetBeansProjects/yii/yiiframework-1.1.13/web/CBaseController.php(95): CBaseController->renderInternal('/home/devbox/Ne...', Array, true)
#6 /home/devbox/NetBeansProjects/yii/yiiframework-1.1.13/web/widgets/CContentDecorator.php(76): CBaseController->renderFile('/home/devbox/Ne...', Array, true)
#7 /home/devbox/NetBeansProjects/yii/yiiframework-1.1.13/web/widgets/CContentDecorator.php(54): CContentDecorator->decorate('<div id="conten...')
#8 /home/devbox/NetBeansProjects/yii/yiiframework-1.1.13/web/widgets/COutputProcessor.php(44): CContentDecorator->processOutput('<div id="conten...')
#9 /home/devbox/NetBeansProjects/yii/yiiframework-1.1.13/web/CBaseController.php(206): COutputProcessor->run()
#10 /home/devbox/NetBeansProjects/yii/yiiframework-1.1.13/web/CBaseController.php(300): CBaseController->endWidget('CContentDecorat...')
#11 /home/devbox/NetBeansProjects/bds-v3.1/app_dashboard/protected/views/layouts/column1.php(6): CBaseController->endContent()
#12 /home/devbox/NetBeansProjects/yii/yiiframework-1.1.13/web/CBaseController.php(126): require('/home/devbox/Ne...')
#13 /home/devbox/NetBeansProjects/yii/yiiframework-1.1.13/web/CBaseController.php(95): CBaseController->renderInternal('/home/devbox/Ne...', Array, true)
#14 /home/devbox/NetBeansProjects/yii/yiiframework-1.1.13/web/CController.php(784): CBaseController->renderFile('/home/devbox/Ne...', Array, true)
#15 /home/devbox/NetBeansProjects/bds-v3.1/app_dashboard/protected/controllers/SiteController.php(32): CController->render('index')
#16 /home/devbox/NetBeansProjects/yii/yiiframework-1.1.13/web/actions/CInlineAction.php(49): SiteController->actionIndex()
#17 /home/devbox/NetBeansProjects/yii/yiiframework-1.1.13/web/CController.php(308): CInlineAction->runWithParams(Array)
#18 /home/devbox/NetBeansProjects/yii/yiiframework-1.1.13/web/CController.php(286): CController->runAction(Object(CInlineAction))
#19 /home/devbox/NetBeansProjects/yii/yiiframework-1.1.13/web/CController.php(265): CController->runActionWithFilters(Object(CInlineAction), Array)
#20 /home/devbox/NetBeansProjects/yii/yiiframework-1.1.13/web/CWebApplication.php(282): CController->run('')
#21 /home/devbox/NetBeansProjects/yii/yiiframework-1.1.13/web/CWebApplication.php(141): CWebApplication->runController('')
#22 /home/devbox/NetBeansProjects/yii/yiiframework-1.1.13/base/CApplication.php(169): CWebApplication->processRequest()
#23 /home/devbox/NetBeansProjects/bds-v3.1/app_dashboard/index.php(13): CApplication->run()
#24 {main}
REQUEST_URI=/
---
2013/02/24 13:08:20 [error] [exception.CException] exception 'CException' with message 'Alias "bootstrap.widgets.TbNavbar" is invalid. Make sure it points to an existing directory or file.' in /home/devbox/NetBeansProjects/yii/yiiframework-1.1.13/YiiBase.php:341
Stack trace:
#0 /home/devbox/NetBeansProjects/yii/yiiframework-1.1.13/web/CWidgetFactory.php(146): YiiBase::import('bootstrap.widge...', true)
#1 /home/devbox/NetBeansProjects/yii/yiiframework-1.1.13/web/CBaseController.php(146): CWidgetFactory->createWidget(Object(SiteController), 'bootstrap.widge...', Array)
#2 /home/devbox/NetBeansProjects/yii/yiiframework-1.1.13/web/CBaseController.php(172): CBaseController->createWidget('bootstrap.widge...', Array)
#3 /home/devbox/NetBeansProjects/bds-v3.1/app_dashboard/protected/views/layouts/main.php(44): CBaseController->widget('bootstrap.widge...', Array)
#4 /home/devbox/NetBeansProjects/yii/yiiframework-1.1.13/web/CBaseController.php(126): require('/home/devbox/Ne...')
#5 /home/devbox/NetBeansProjects/yii/yiiframework-1.1.13/web/CBaseController.php(95): CBaseController->renderInternal('/home/devbox/Ne...', Array, true)
#6 /home/devbox/NetBeansProjects/yii/yiiframework-1.1.13/web/widgets/CContentDecorator.php(76): CBaseController->renderFile('/home/devbox/Ne...', Array, true)
#7 /home/devbox/NetBeansProjects/yii/yiiframework-1.1.13/web/widgets/CContentDecorator.php(54): CContentDecorator->decorate('<div id="conten...')
#8 /home/devbox/NetBeansProjects/yii/yiiframework-1.1.13/web/widgets/COutputProcessor.php(44): CContentDecorator->processOutput('<div id="conten...')
#9 /home/devbox/NetBeansProjects/yii/yiiframework-1.1.13/web/CBaseController.php(206): COutputProcessor->run()
#10 /home/devbox/NetBeansProjects/yii/yiiframework-1.1.13/web/CBaseController.php(300): CBaseController->endWidget('CContentDecorat...')
#11 /home/devbox/NetBeansProjects/bds-v3.1/app_dashboard/protected/views/layouts/column1.php(6): CBaseController->endContent()
#12 /home/devbox/NetBeansProjects/yii/yiiframework-1.1.13/web/CBaseController.php(126): require('/home/devbox/Ne...')
#13 /home/devbox/NetBeansProjects/yii/yiiframework-1.1.13/web/CBaseController.php(95): CBaseController->renderInternal('/home/devbox/Ne...', Array, true)
#14 /home/devbox/NetBeansProjects/yii/yiiframework-1.1.13/web/CController.php(784): CBaseController->renderFile('/home/devbox/Ne...', Array, true)
#15 /home/devbox/NetBeansProjects/bds-v3.1/app_dashboard/protected/controllers/SiteController.php(32): CController->render('index')
#16 /home/devbox/NetBeansProjects/yii/yiiframework-1.1.13/web/actions/CInlineAction.php(49): SiteController->actionIndex()
#17 /home/devbox/NetBeansProjects/yii/yiiframework-1.1.13/web/CController.php(308): CInlineAction->runWithParams(Array)
#18 /home/devbox/NetBeansProjects/yii/yiiframework-1.1.13/web/CController.php(286): CController->runAction(Object(CInlineAction))
#19 /home/devbox/NetBeansProjects/yii/yiiframework-1.1.13/web/CController.php(265): CController->runActionWithFilters(Object(CInlineAction), Array)
#20 /home/devbox/NetBeansProjects/yii/yiiframework-1.1.13/web/CWebApplication.php(282): CController->run('')
#21 /home/devbox/NetBeansProjects/yii/yiiframework-1.1.13/web/CWebApplication.php(141): CWebApplication->runController('')
#22 /home/devbox/NetBeansProjects/yii/yiiframework-1.1.13/base/CApplication.php(169): CWebApplication->processRequest()
#23 /home/devbox/NetBeansProjects/bds-v3.1/app_dashboard/index.php(13): CApplication->run()
#24 {main}
REQUEST_URI=/
---
2013/02/24 13:14:22 [error] [exception.CException] exception 'CException' with message 'Alias "bootstrap.widgets.TbNavbar" is invalid. Make sure it points to an existing directory or file.' in /home/devbox/NetBeansProjects/yii/yiiframework-1.1.13/YiiBase.php:341
Stack trace:
#0 /home/devbox/NetBeansProjects/yii/yiiframework-1.1.13/web/CWidgetFactory.php(146): YiiBase::import('bootstrap.widge...', true)
#1 /home/devbox/NetBeansProjects/yii/yiiframework-1.1.13/web/CBaseController.php(146): CWidgetFactory->createWidget(Object(SiteController), 'bootstrap.widge...', Array)
#2 /home/devbox/NetBeansProjects/yii/yiiframework-1.1.13/web/CBaseController.php(172): CBaseController->createWidget('bootstrap.widge...', Array)
#3 /home/devbox/NetBeansProjects/bds-v3.1/app_dashboard/protected/views/layouts/main.php(44): CBaseController->widget('bootstrap.widge...', Array)
#4 /home/devbox/NetBeansProjects/yii/yiiframework-1.1.13/web/CBaseController.php(126): require('/home/devbox/Ne...')
#5 /home/devbox/NetBeansProjects/yii/yiiframework-1.1.13/web/CBaseController.php(95): CBaseController->renderInternal('/home/devbox/Ne...', Array, true)
#6 /home/devbox/NetBeansProjects/yii/yiiframework-1.1.13/web/widgets/CContentDecorator.php(76): CBaseController->renderFile('/home/devbox/Ne...', Array, true)
#7 /home/devbox/NetBeansProjects/yii/yiiframework-1.1.13/web/widgets/CContentDecorator.php(54): CContentDecorator->decorate('<div id="conten...')
#8 /home/devbox/NetBeansProjects/yii/yiiframework-1.1.13/web/widgets/COutputProcessor.php(44): CContentDecorator->processOutput('<div id="conten...')
#9 /home/devbox/NetBeansProjects/yii/yiiframework-1.1.13/web/CBaseController.php(206): COutputProcessor->run()
#10 /home/devbox/NetBeansProjects/yii/yiiframework-1.1.13/web/CBaseController.php(300): CBaseController->endWidget('CContentDecorat...')
#11 /home/devbox/NetBeansProjects/bds-v3.1/app_dashboard/protected/views/layouts/column1.php(6): CBaseController->endContent()
#12 /home/devbox/NetBeansProjects/yii/yiiframework-1.1.13/web/CBaseController.php(126): require('/home/devbox/Ne...')
#13 /home/devbox/NetBeansProjects/yii/yiiframework-1.1.13/web/CBaseController.php(95): CBaseController->renderInternal('/home/devbox/Ne...', Array, true)
#14 /home/devbox/NetBeansProjects/yii/yiiframework-1.1.13/web/CController.php(784): CBaseController->renderFile('/home/devbox/Ne...', Array, true)
#15 /home/devbox/NetBeansProjects/bds-v3.1/app_dashboard/protected/controllers/SiteController.php(32): CController->render('index')
#16 /home/devbox/NetBeansProjects/yii/yiiframework-1.1.13/web/actions/CInlineAction.php(49): SiteController->actionIndex()
#17 /home/devbox/NetBeansProjects/yii/yiiframework-1.1.13/web/CController.php(308): CInlineAction->runWithParams(Array)
#18 /home/devbox/NetBeansProjects/yii/yiiframework-1.1.13/web/CController.php(286): CController->runAction(Object(CInlineAction))
#19 /home/devbox/NetBeansProjects/yii/yiiframework-1.1.13/web/CController.php(265): CController->runActionWithFilters(Object(CInlineAction), Array)
#20 /home/devbox/NetBeansProjects/yii/yiiframework-1.1.13/web/CWebApplication.php(282): CController->run('')
#21 /home/devbox/NetBeansProjects/yii/yiiframework-1.1.13/web/CWebApplication.php(141): CWebApplication->runController('')
#22 /home/devbox/NetBeansProjects/yii/yiiframework-1.1.13/base/CApplication.php(169): CWebApplication->processRequest()
#23 /home/devbox/NetBeansProjects/bds-v3.1/app_dashboard/index.php(13): CApplication->run()
#24 {main}
REQUEST_URI=/
---
2013/02/24 13:14:22 [error] [exception.CException] exception 'CException' with message 'Alias "bootstrap.widgets.TbNavbar" is invalid. Make sure it points to an existing directory or file.' in /home/devbox/NetBeansProjects/yii/yiiframework-1.1.13/YiiBase.php:341
Stack trace:
#0 /home/devbox/NetBeansProjects/yii/yiiframework-1.1.13/web/CWidgetFactory.php(146): YiiBase::import('bootstrap.widge...', true)
#1 /home/devbox/NetBeansProjects/yii/yiiframework-1.1.13/web/CBaseController.php(146): CWidgetFactory->createWidget(Object(SiteController), 'bootstrap.widge...', Array)
#2 /home/devbox/NetBeansProjects/yii/yiiframework-1.1.13/web/CBaseController.php(172): CBaseController->createWidget('bootstrap.widge...', Array)
#3 /home/devbox/NetBeansProjects/bds-v3.1/app_dashboard/protected/views/layouts/main.php(44): CBaseController->widget('bootstrap.widge...', Array)
#4 /home/devbox/NetBeansProjects/yii/yiiframework-1.1.13/web/CBaseController.php(126): require('/home/devbox/Ne...')
#5 /home/devbox/NetBeansProjects/yii/yiiframework-1.1.13/web/CBaseController.php(95): CBaseController->renderInternal('/home/devbox/Ne...', Array, true)
#6 /home/devbox/NetBeansProjects/yii/yiiframework-1.1.13/web/widgets/CContentDecorator.php(76): CBaseController->renderFile('/home/devbox/Ne...', Array, true)
#7 /home/devbox/NetBeansProjects/yii/yiiframework-1.1.13/web/widgets/CContentDecorator.php(54): CContentDecorator->decorate('<div id="conten...')
#8 /home/devbox/NetBeansProjects/yii/yiiframework-1.1.13/web/widgets/COutputProcessor.php(44): CContentDecorator->processOutput('<div id="conten...')
#9 /home/devbox/NetBeansProjects/yii/yiiframework-1.1.13/web/CBaseController.php(206): COutputProcessor->run()
#10 /home/devbox/NetBeansProjects/yii/yiiframework-1.1.13/web/CBaseController.php(300): CBaseController->endWidget('CContentDecorat...')
#11 /home/devbox/NetBeansProjects/bds-v3.1/app_dashboard/protected/views/layouts/column1.php(6): CBaseController->endContent()
#12 /home/devbox/NetBeansProjects/yii/yiiframework-1.1.13/web/CBaseController.php(126): require('/home/devbox/Ne...')
#13 /home/devbox/NetBeansProjects/yii/yiiframework-1.1.13/web/CBaseController.php(95): CBaseController->renderInternal('/home/devbox/Ne...', Array, true)
#14 /home/devbox/NetBeansProjects/yii/yiiframework-1.1.13/web/CController.php(784): CBaseController->renderFile('/home/devbox/Ne...', Array, true)
#15 /home/devbox/NetBeansProjects/bds-v3.1/app_dashboard/protected/controllers/SiteController.php(32): CController->render('index')
#16 /home/devbox/NetBeansProjects/yii/yiiframework-1.1.13/web/actions/CInlineAction.php(49): SiteController->actionIndex()
#17 /home/devbox/NetBeansProjects/yii/yiiframework-1.1.13/web/CController.php(308): CInlineAction->runWithParams(Array)
#18 /home/devbox/NetBeansProjects/yii/yiiframework-1.1.13/web/CController.php(286): CController->runAction(Object(CInlineAction))
#19 /home/devbox/NetBeansProjects/yii/yiiframework-1.1.13/web/CController.php(265): CController->runActionWithFilters(Object(CInlineAction), Array)
#20 /home/devbox/NetBeansProjects/yii/yiiframework-1.1.13/web/CWebApplication.php(282): CController->run('')
#21 /home/devbox/NetBeansProjects/yii/yiiframework-1.1.13/web/CWebApplication.php(141): CWebApplication->runController('')
#22 /home/devbox/NetBeansProjects/yii/yiiframework-1.1.13/base/CApplication.php(169): CWebApplication->processRequest()
#23 /home/devbox/NetBeansProjects/bds-v3.1/app_dashboard/index.php(13): CApplication->run()
#24 {main}
REQUEST_URI=/
---
2013/02/24 13:14:23 [error] [exception.CException] exception 'CException' with message 'Alias "bootstrap.widgets.TbNavbar" is invalid. Make sure it points to an existing directory or file.' in /home/devbox/NetBeansProjects/yii/yiiframework-1.1.13/YiiBase.php:341
Stack trace:
#0 /home/devbox/NetBeansProjects/yii/yiiframework-1.1.13/web/CWidgetFactory.php(146): YiiBase::import('bootstrap.widge...', true)
#1 /home/devbox/NetBeansProjects/yii/yiiframework-1.1.13/web/CBaseController.php(146): CWidgetFactory->createWidget(Object(SiteController), 'bootstrap.widge...', Array)
#2 /home/devbox/NetBeansProjects/yii/yiiframework-1.1.13/web/CBaseController.php(172): CBaseController->createWidget('bootstrap.widge...', Array)
#3 /home/devbox/NetBeansProjects/bds-v3.1/app_dashboard/protected/views/layouts/main.php(44): CBaseController->widget('bootstrap.widge...', Array)
#4 /home/devbox/NetBeansProjects/yii/yiiframework-1.1.13/web/CBaseController.php(126): require('/home/devbox/Ne...')
#5 /home/devbox/NetBeansProjects/yii/yiiframework-1.1.13/web/CBaseController.php(95): CBaseController->renderInternal('/home/devbox/Ne...', Array, true)
#6 /home/devbox/NetBeansProjects/yii/yiiframework-1.1.13/web/widgets/CContentDecorator.php(76): CBaseController->renderFile('/home/devbox/Ne...', Array, true)
#7 /home/devbox/NetBeansProjects/yii/yiiframework-1.1.13/web/widgets/CContentDecorator.php(54): CContentDecorator->decorate('<div id="conten...')
#8 /home/devbox/NetBeansProjects/yii/yiiframework-1.1.13/web/widgets/COutputProcessor.php(44): CContentDecorator->processOutput('<div id="conten...')
#9 /home/devbox/NetBeansProjects/yii/yiiframework-1.1.13/web/CBaseController.php(206): COutputProcessor->run()
#10 /home/devbox/NetBeansProjects/yii/yiiframework-1.1.13/web/CBaseController.php(300): CBaseController->endWidget('CContentDecorat...')
#11 /home/devbox/NetBeansProjects/bds-v3.1/app_dashboard/protected/views/layouts/column1.php(6): CBaseController->endContent()
#12 /home/devbox/NetBeansProjects/yii/yiiframework-1.1.13/web/CBaseController.php(126): require('/home/devbox/Ne...')
#13 /home/devbox/NetBeansProjects/yii/yiiframework-1.1.13/web/CBaseController.php(95): CBaseController->renderInternal('/home/devbox/Ne...', Array, true)
#14 /home/devbox/NetBeansProjects/yii/yiiframework-1.1.13/web/CController.php(784): CBaseController->renderFile('/home/devbox/Ne...', Array, true)
#15 /home/devbox/NetBeansProjects/bds-v3.1/app_dashboard/protected/controllers/SiteController.php(32): CController->render('index')
#16 /home/devbox/NetBeansProjects/yii/yiiframework-1.1.13/web/actions/CInlineAction.php(49): SiteController->actionIndex()
#17 /home/devbox/NetBeansProjects/yii/yiiframework-1.1.13/web/CController.php(308): CInlineAction->runWithParams(Array)
#18 /home/devbox/NetBeansProjects/yii/yiiframework-1.1.13/web/CController.php(286): CController->runAction(Object(CInlineAction))
#19 /home/devbox/NetBeansProjects/yii/yiiframework-1.1.13/web/CController.php(265): CController->runActionWithFilters(Object(CInlineAction), Array)
#20 /home/devbox/NetBeansProjects/yii/yiiframework-1.1.13/web/CWebApplication.php(282): CController->run('')
#21 /home/devbox/NetBeansProjects/yii/yiiframework-1.1.13/web/CWebApplication.php(141): CWebApplication->runController('')
#22 /home/devbox/NetBeansProjects/yii/yiiframework-1.1.13/base/CApplication.php(169): CWebApplication->processRequest()
#23 /home/devbox/NetBeansProjects/bds-v3.1/app_dashboard/index.php(13): CApplication->run()
#24 {main}
REQUEST_URI=/
---
2013/02/24 13:14:24 [error] [exception.CException] exception 'CException' with message 'Alias "bootstrap.widgets.TbNavbar" is invalid. Make sure it points to an existing directory or file.' in /home/devbox/NetBeansProjects/yii/yiiframework-1.1.13/YiiBase.php:341
Stack trace:
#0 /home/devbox/NetBeansProjects/yii/yiiframework-1.1.13/web/CWidgetFactory.php(146): YiiBase::import('bootstrap.widge...', true)
#1 /home/devbox/NetBeansProjects/yii/yiiframework-1.1.13/web/CBaseController.php(146): CWidgetFactory->createWidget(Object(SiteController), 'bootstrap.widge...', Array)
#2 /home/devbox/NetBeansProjects/yii/yiiframework-1.1.13/web/CBaseController.php(172): CBaseController->createWidget('bootstrap.widge...', Array)
#3 /home/devbox/NetBeansProjects/bds-v3.1/app_dashboard/protected/views/layouts/main.php(44): CBaseController->widget('bootstrap.widge...', Array)
#4 /home/devbox/NetBeansProjects/yii/yiiframework-1.1.13/web/CBaseController.php(126): require('/home/devbox/Ne...')
#5 /home/devbox/NetBeansProjects/yii/yiiframework-1.1.13/web/CBaseController.php(95): CBaseController->renderInternal('/home/devbox/Ne...', Array, true)
#6 /home/devbox/NetBeansProjects/yii/yiiframework-1.1.13/web/widgets/CContentDecorator.php(76): CBaseController->renderFile('/home/devbox/Ne...', Array, true)
#7 /home/devbox/NetBeansProjects/yii/yiiframework-1.1.13/web/widgets/CContentDecorator.php(54): CContentDecorator->decorate('<div id="conten...')
#8 /home/devbox/NetBeansProjects/yii/yiiframework-1.1.13/web/widgets/COutputProcessor.php(44): CContentDecorator->processOutput('<div id="conten...')
#9 /home/devbox/NetBeansProjects/yii/yiiframework-1.1.13/web/CBaseController.php(206): COutputProcessor->run()
#10 /home/devbox/NetBeansProjects/yii/yiiframework-1.1.13/web/CBaseController.php(300): CBaseController->endWidget('CContentDecorat...')
#11 /home/devbox/NetBeansProjects/bds-v3.1/app_dashboard/protected/views/layouts/column1.php(6): CBaseController->endContent()
#12 /home/devbox/NetBeansProjects/yii/yiiframework-1.1.13/web/CBaseController.php(126): require('/home/devbox/Ne...')
#13 /home/devbox/NetBeansProjects/yii/yiiframework-1.1.13/web/CBaseController.php(95): CBaseController->renderInternal('/home/devbox/Ne...', Array, true)
#14 /home/devbox/NetBeansProjects/yii/yiiframework-1.1.13/web/CController.php(784): CBaseController->renderFile('/home/devbox/Ne...', Array, true)
#15 /home/devbox/NetBeansProjects/bds-v3.1/app_dashboard/protected/controllers/SiteController.php(32): CController->render('index')
#16 /home/devbox/NetBeansProjects/yii/yiiframework-1.1.13/web/actions/CInlineAction.php(49): SiteController->actionIndex()
#17 /home/devbox/NetBeansProjects/yii/yiiframework-1.1.13/web/CController.php(308): CInlineAction->runWithParams(Array)
#18 /home/devbox/NetBeansProjects/yii/yiiframework-1.1.13/web/CController.php(286): CController->runAction(Object(CInlineAction))
#19 /home/devbox/NetBeansProjects/yii/yiiframework-1.1.13/web/CController.php(265): CController->runActionWithFilters(Object(CInlineAction), Array)
#20 /home/devbox/NetBeansProjects/yii/yiiframework-1.1.13/web/CWebApplication.php(282): CController->run('')
#21 /home/devbox/NetBeansProjects/yii/yiiframework-1.1.13/web/CWebApplication.php(141): CWebApplication->runController('')
#22 /home/devbox/NetBeansProjects/yii/yiiframework-1.1.13/base/CApplication.php(169): CWebApplication->processRequest()
#23 /home/devbox/NetBeansProjects/bds-v3.1/app_dashboard/index.php(13): CApplication->run()
#24 {main}
REQUEST_URI=/
---
2013/02/24 13:18:46 [error] [exception.CException] exception 'CException' with message 'Alias "bootstrap.widgets.TbNavbar" is invalid. Make sure it points to an existing directory or file.' in /home/devbox/NetBeansProjects/yii/yiiframework-1.1.13/YiiBase.php:341
Stack trace:
#0 /home/devbox/NetBeansProjects/yii/yiiframework-1.1.13/web/CWidgetFactory.php(146): YiiBase::import('bootstrap.widge...', true)
#1 /home/devbox/NetBeansProjects/yii/yiiframework-1.1.13/web/CBaseController.php(146): CWidgetFactory->createWidget(Object(SiteController), 'bootstrap.widge...', Array)
#2 /home/devbox/NetBeansProjects/yii/yiiframework-1.1.13/web/CBaseController.php(172): CBaseController->createWidget('bootstrap.widge...', Array)
#3 /home/devbox/NetBeansProjects/bds-v3.1/app_dashboard/protected/views/layouts/main.php(44): CBaseController->widget('bootstrap.widge...', Array)
#4 /home/devbox/NetBeansProjects/yii/yiiframework-1.1.13/web/CBaseController.php(126): require('/home/devbox/Ne...')
#5 /home/devbox/NetBeansProjects/yii/yiiframework-1.1.13/web/CBaseController.php(95): CBaseController->renderInternal('/home/devbox/Ne...', Array, true)
#6 /home/devbox/NetBeansProjects/yii/yiiframework-1.1.13/web/widgets/CContentDecorator.php(76): CBaseController->renderFile('/home/devbox/Ne...', Array, true)
#7 /home/devbox/NetBeansProjects/yii/yiiframework-1.1.13/web/widgets/CContentDecorator.php(54): CContentDecorator->decorate('<div id="conten...')
#8 /home/devbox/NetBeansProjects/yii/yiiframework-1.1.13/web/widgets/COutputProcessor.php(44): CContentDecorator->processOutput('<div id="conten...')
#9 /home/devbox/NetBeansProjects/yii/yiiframework-1.1.13/web/CBaseController.php(206): COutputProcessor->run()
#10 /home/devbox/NetBeansProjects/yii/yiiframework-1.1.13/web/CBaseController.php(300): CBaseController->endWidget('CContentDecorat...')
#11 /home/devbox/NetBeansProjects/bds-v3.1/app_dashboard/protected/views/layouts/column1.php(6): CBaseController->endContent()
#12 /home/devbox/NetBeansProjects/yii/yiiframework-1.1.13/web/CBaseController.php(126): require('/home/devbox/Ne...')
#13 /home/devbox/NetBeansProjects/yii/yiiframework-1.1.13/web/CBaseController.php(95): CBaseController->renderInternal('/home/devbox/Ne...', Array, true)
#14 /home/devbox/NetBeansProjects/yii/yiiframework-1.1.13/web/CController.php(784): CBaseController->renderFile('/home/devbox/Ne...', Array, true)
#15 /home/devbox/NetBeansProjects/bds-v3.1/app_dashboard/protected/controllers/SiteController.php(32): CController->render('index')
#16 /home/devbox/NetBeansProjects/yii/yiiframework-1.1.13/web/actions/CInlineAction.php(49): SiteController->actionIndex()
#17 /home/devbox/NetBeansProjects/yii/yiiframework-1.1.13/web/CController.php(308): CInlineAction->runWithParams(Array)
#18 /home/devbox/NetBeansProjects/yii/yiiframework-1.1.13/web/CController.php(286): CController->runAction(Object(CInlineAction))
#19 /home/devbox/NetBeansProjects/yii/yiiframework-1.1.13/web/CController.php(265): CController->runActionWithFilters(Object(CInlineAction), Array)
#20 /home/devbox/NetBeansProjects/yii/yiiframework-1.1.13/web/CWebApplication.php(282): CController->run('')
#21 /home/devbox/NetBeansProjects/yii/yiiframework-1.1.13/web/CWebApplication.php(141): CWebApplication->runController('')
#22 /home/devbox/NetBeansProjects/yii/yiiframework-1.1.13/base/CApplication.php(169): CWebApplication->processRequest()
#23 /home/devbox/NetBeansProjects/bds-v3.1/app_dashboard/index.php(13): CApplication->run()
#24 {main}
REQUEST_URI=/
---
2013/02/24 13:21:09 [error] [exception.CException] exception 'CException' with message 'Alias "bootstrap.widgets.TbNavbar" is invalid. Make sure it points to an existing directory or file.' in /home/devbox/NetBeansProjects/yii/yiiframework-1.1.13/YiiBase.php:341
Stack trace:
#0 /home/devbox/NetBeansProjects/yii/yiiframework-1.1.13/web/CWidgetFactory.php(146): YiiBase::import('bootstrap.widge...', true)
#1 /home/devbox/NetBeansProjects/yii/yiiframework-1.1.13/web/CBaseController.php(146): CWidgetFactory->createWidget(Object(SiteController), 'bootstrap.widge...', Array)
#2 /home/devbox/NetBeansProjects/yii/yiiframework-1.1.13/web/CBaseController.php(172): CBaseController->createWidget('bootstrap.widge...', Array)
#3 /home/devbox/NetBeansProjects/bds-v3.1/app_dashboard/protected/views/layouts/main.php(44): CBaseController->widget('bootstrap.widge...', Array)
#4 /home/devbox/NetBeansProjects/yii/yiiframework-1.1.13/web/CBaseController.php(126): require('/home/devbox/Ne...')
#5 /home/devbox/NetBeansProjects/yii/yiiframework-1.1.13/web/CBaseController.php(95): CBaseController->renderInternal('/home/devbox/Ne...', Array, true)
#6 /home/devbox/NetBeansProjects/yii/yiiframework-1.1.13/web/widgets/CContentDecorator.php(76): CBaseController->renderFile('/home/devbox/Ne...', Array, true)
#7 /home/devbox/NetBeansProjects/yii/yiiframework-1.1.13/web/widgets/CContentDecorator.php(54): CContentDecorator->decorate('<div id="conten...')
#8 /home/devbox/NetBeansProjects/yii/yiiframework-1.1.13/web/widgets/COutputProcessor.php(44): CContentDecorator->processOutput('<div id="conten...')
#9 /home/devbox/NetBeansProjects/yii/yiiframework-1.1.13/web/CBaseController.php(206): COutputProcessor->run()
#10 /home/devbox/NetBeansProjects/yii/yiiframework-1.1.13/web/CBaseController.php(300): CBaseController->endWidget('CContentDecorat...')
#11 /home/devbox/NetBeansProjects/bds-v3.1/app_dashboard/protected/views/layouts/column1.php(6): CBaseController->endContent()
#12 /home/devbox/NetBeansProjects/yii/yiiframework-1.1.13/web/CBaseController.php(126): require('/home/devbox/Ne...')
#13 /home/devbox/NetBeansProjects/yii/yiiframework-1.1.13/web/CBaseController.php(95): CBaseController->renderInternal('/home/devbox/Ne...', Array, true)
#14 /home/devbox/NetBeansProjects/yii/yiiframework-1.1.13/web/CController.php(784): CBaseController->renderFile('/home/devbox/Ne...', Array, true)
#15 /home/devbox/NetBeansProjects/bds-v3.1/app_dashboard/protected/controllers/SiteController.php(32): CController->render('index')
#16 /home/devbox/NetBeansProjects/yii/yiiframework-1.1.13/web/actions/CInlineAction.php(49): SiteController->actionIndex()
#17 /home/devbox/NetBeansProjects/yii/yiiframework-1.1.13/web/CController.php(308): CInlineAction->runWithParams(Array)
#18 /home/devbox/NetBeansProjects/yii/yiiframework-1.1.13/web/CController.php(286): CController->runAction(Object(CInlineAction))
#19 /home/devbox/NetBeansProjects/yii/yiiframework-1.1.13/web/CController.php(265): CController->runActionWithFilters(Object(CInlineAction), Array)
#20 /home/devbox/NetBeansProjects/yii/yiiframework-1.1.13/web/CWebApplication.php(282): CController->run('')
#21 /home/devbox/NetBeansProjects/yii/yiiframework-1.1.13/web/CWebApplication.php(141): CWebApplication->runController('')
#22 /home/devbox/NetBeansProjects/yii/yiiframework-1.1.13/base/CApplication.php(169): CWebApplication->processRequest()
#23 /home/devbox/NetBeansProjects/bds-v3.1/app_dashboard/index.php(13): CApplication->run()
#24 {main}
REQUEST_URI=/
---
2013/02/24 13:23:09 [error] [exception.CException] exception 'CException' with message 'Alias "bootstrap.widgets.TbNavbar" is invalid. Make sure it points to an existing directory or file.' in /home/devbox/NetBeansProjects/yii/yiiframework-1.1.13/YiiBase.php:341
Stack trace:
#0 /home/devbox/NetBeansProjects/yii/yiiframework-1.1.13/web/CWidgetFactory.php(146): YiiBase::import('bootstrap.widge...', true)
#1 /home/devbox/NetBeansProjects/yii/yiiframework-1.1.13/web/CBaseController.php(146): CWidgetFactory->createWidget(Object(SiteController), 'bootstrap.widge...', Array)
#2 /home/devbox/NetBeansProjects/yii/yiiframework-1.1.13/web/CBaseController.php(172): CBaseController->createWidget('bootstrap.widge...', Array)
#3 /home/devbox/NetBeansProjects/bds-v3.1/app_dashboard/protected/views/layouts/main.php(44): CBaseController->widget('bootstrap.widge...', Array)
#4 /home/devbox/NetBeansProjects/yii/yiiframework-1.1.13/web/CBaseController.php(126): require('/home/devbox/Ne...')
#5 /home/devbox/NetBeansProjects/yii/yiiframework-1.1.13/web/CBaseController.php(95): CBaseController->renderInternal('/home/devbox/Ne...', Array, true)
#6 /home/devbox/NetBeansProjects/yii/yiiframework-1.1.13/web/widgets/CContentDecorator.php(76): CBaseController->renderFile('/home/devbox/Ne...', Array, true)
#7 /home/devbox/NetBeansProjects/yii/yiiframework-1.1.13/web/widgets/CContentDecorator.php(54): CContentDecorator->decorate('<div id="conten...')
#8 /home/devbox/NetBeansProjects/yii/yiiframework-1.1.13/web/widgets/COutputProcessor.php(44): CContentDecorator->processOutput('<div id="conten...')
#9 /home/devbox/NetBeansProjects/yii/yiiframework-1.1.13/web/CBaseController.php(206): COutputProcessor->run()
#10 /home/devbox/NetBeansProjects/yii/yiiframework-1.1.13/web/CBaseController.php(300): CBaseController->endWidget('CContentDecorat...')
#11 /home/devbox/NetBeansProjects/bds-v3.1/app_dashboard/protected/views/layouts/column1.php(6): CBaseController->endContent()
#12 /home/devbox/NetBeansProjects/yii/yiiframework-1.1.13/web/CBaseController.php(126): require('/home/devbox/Ne...')
#13 /home/devbox/NetBeansProjects/yii/yiiframework-1.1.13/web/CBaseController.php(95): CBaseController->renderInternal('/home/devbox/Ne...', Array, true)
#14 /home/devbox/NetBeansProjects/yii/yiiframework-1.1.13/web/CController.php(784): CBaseController->renderFile('/home/devbox/Ne...', Array, true)
#15 /home/devbox/NetBeansProjects/bds-v3.1/app_dashboard/protected/controllers/SiteController.php(32): CController->render('index')
#16 /home/devbox/NetBeansProjects/yii/yiiframework-1.1.13/web/actions/CInlineAction.php(49): SiteController->actionIndex()
#17 /home/devbox/NetBeansProjects/yii/yiiframework-1.1.13/web/CController.php(308): CInlineAction->runWithParams(Array)
#18 /home/devbox/NetBeansProjects/yii/yiiframework-1.1.13/web/CController.php(286): CController->runAction(Object(CInlineAction))
#19 /home/devbox/NetBeansProjects/yii/yiiframework-1.1.13/web/CController.php(265): CController->runActionWithFilters(Object(CInlineAction), Array)
#20 /home/devbox/NetBeansProjects/yii/yiiframework-1.1.13/web/CWebApplication.php(282): CController->run('')
#21 /home/devbox/NetBeansProjects/yii/yiiframework-1.1.13/web/CWebApplication.php(141): CWebApplication->runController('')
#22 /home/devbox/NetBeansProjects/yii/yiiframework-1.1.13/base/CApplication.php(169): CWebApplication->processRequest()
#23 /home/devbox/NetBeansProjects/bds-v3.1/app_dashboard/index.php(13): CApplication->run()
#24 {main}
REQUEST_URI=/
---
2013/02/24 13:23:10 [error] [exception.CException] exception 'CException' with message 'Alias "bootstrap.widgets.TbNavbar" is invalid. Make sure it points to an existing directory or file.' in /home/devbox/NetBeansProjects/yii/yiiframework-1.1.13/YiiBase.php:341
Stack trace:
#0 /home/devbox/NetBeansProjects/yii/yiiframework-1.1.13/web/CWidgetFactory.php(146): YiiBase::import('bootstrap.widge...', true)
#1 /home/devbox/NetBeansProjects/yii/yiiframework-1.1.13/web/CBaseController.php(146): CWidgetFactory->createWidget(Object(SiteController), 'bootstrap.widge...', Array)
#2 /home/devbox/NetBeansProjects/yii/yiiframework-1.1.13/web/CBaseController.php(172): CBaseController->createWidget('bootstrap.widge...', Array)
#3 /home/devbox/NetBeansProjects/bds-v3.1/app_dashboard/protected/views/layouts/main.php(44): CBaseController->widget('bootstrap.widge...', Array)
#4 /home/devbox/NetBeansProjects/yii/yiiframework-1.1.13/web/CBaseController.php(126): require('/home/devbox/Ne...')
#5 /home/devbox/NetBeansProjects/yii/yiiframework-1.1.13/web/CBaseController.php(95): CBaseController->renderInternal('/home/devbox/Ne...', Array, true)
#6 /home/devbox/NetBeansProjects/yii/yiiframework-1.1.13/web/widgets/CContentDecorator.php(76): CBaseController->renderFile('/home/devbox/Ne...', Array, true)
#7 /home/devbox/NetBeansProjects/yii/yiiframework-1.1.13/web/widgets/CContentDecorator.php(54): CContentDecorator->decorate('<div id="conten...')
#8 /home/devbox/NetBeansProjects/yii/yiiframework-1.1.13/web/widgets/COutputProcessor.php(44): CContentDecorator->processOutput('<div id="conten...')
#9 /home/devbox/NetBeansProjects/yii/yiiframework-1.1.13/web/CBaseController.php(206): COutputProcessor->run()
#10 /home/devbox/NetBeansProjects/yii/yiiframework-1.1.13/web/CBaseController.php(300): CBaseController->endWidget('CContentDecorat...')
#11 /home/devbox/NetBeansProjects/bds-v3.1/app_dashboard/protected/views/layouts/column1.php(6): CBaseController->endContent()
#12 /home/devbox/NetBeansProjects/yii/yiiframework-1.1.13/web/CBaseController.php(126): require('/home/devbox/Ne...')
#13 /home/devbox/NetBeansProjects/yii/yiiframework-1.1.13/web/CBaseController.php(95): CBaseController->renderInternal('/home/devbox/Ne...', Array, true)
#14 /home/devbox/NetBeansProjects/yii/yiiframework-1.1.13/web/CController.php(784): CBaseController->renderFile('/home/devbox/Ne...', Array, true)
#15 /home/devbox/NetBeansProjects/bds-v3.1/app_dashboard/protected/controllers/SiteController.php(32): CController->render('index')
#16 /home/devbox/NetBeansProjects/yii/yiiframework-1.1.13/web/actions/CInlineAction.php(49): SiteController->actionIndex()
#17 /home/devbox/NetBeansProjects/yii/yiiframework-1.1.13/web/CController.php(308): CInlineAction->runWithParams(Array)
#18 /home/devbox/NetBeansProjects/yii/yiiframework-1.1.13/web/CController.php(286): CController->runAction(Object(CInlineAction))
#19 /home/devbox/NetBeansProjects/yii/yiiframework-1.1.13/web/CController.php(265): CController->runActionWithFilters(Object(CInlineAction), Array)
#20 /home/devbox/NetBeansProjects/yii/yiiframework-1.1.13/web/CWebApplication.php(282): CController->run('')
#21 /home/devbox/NetBeansProjects/yii/yiiframework-1.1.13/web/CWebApplication.php(141): CWebApplication->runController('')
#22 /home/devbox/NetBeansProjects/yii/yiiframework-1.1.13/base/CApplication.php(169): CWebApplication->processRequest()
#23 /home/devbox/NetBeansProjects/bds-v3.1/app_dashboard/index.php(13): CApplication->run()
#24 {main}
REQUEST_URI=/
---
2013/02/24 13:28:03 [error] [exception.CException] exception 'CException' with message 'Alias "bootstrap.widgets.TbNavbar" is invalid. Make sure it points to an existing directory or file.' in /home/devbox/NetBeansProjects/yii/yiiframework-1.1.13/YiiBase.php:341
Stack trace:
#0 /home/devbox/NetBeansProjects/yii/yiiframework-1.1.13/web/CWidgetFactory.php(146): YiiBase::import('bootstrap.widge...', true)
#1 /home/devbox/NetBeansProjects/yii/yiiframework-1.1.13/web/CBaseController.php(146): CWidgetFactory->createWidget(Object(SiteController), 'bootstrap.widge...', Array)
#2 /home/devbox/NetBeansProjects/yii/yiiframework-1.1.13/web/CBaseController.php(172): CBaseController->createWidget('bootstrap.widge...', Array)
#3 /home/devbox/NetBeansProjects/bds-v3.1/app_dashboard/protected/views/layouts/main.php(44): CBaseController->widget('bootstrap.widge...', Array)
#4 /home/devbox/NetBeansProjects/yii/yiiframework-1.1.13/web/CBaseController.php(126): require('/home/devbox/Ne...')
#5 /home/devbox/NetBeansProjects/yii/yiiframework-1.1.13/web/CBaseController.php(95): CBaseController->renderInternal('/home/devbox/Ne...', Array, true)
#6 /home/devbox/NetBeansProjects/yii/yiiframework-1.1.13/web/widgets/CContentDecorator.php(76): CBaseController->renderFile('/home/devbox/Ne...', Array, true)
#7 /home/devbox/NetBeansProjects/yii/yiiframework-1.1.13/web/widgets/CContentDecorator.php(54): CContentDecorator->decorate('<div id="conten...')
#8 /home/devbox/NetBeansProjects/yii/yiiframework-1.1.13/web/widgets/COutputProcessor.php(44): CContentDecorator->processOutput('<div id="conten...')
#9 /home/devbox/NetBeansProjects/yii/yiiframework-1.1.13/web/CBaseController.php(206): COutputProcessor->run()
#10 /home/devbox/NetBeansProjects/yii/yiiframework-1.1.13/web/CBaseController.php(300): CBaseController->endWidget('CContentDecorat...')
#11 /home/devbox/NetBeansProjects/bds-v3.1/app_dashboard/protected/views/layouts/column1.php(6): CBaseController->endContent()
#12 /home/devbox/NetBeansProjects/yii/yiiframework-1.1.13/web/CBaseController.php(126): require('/home/devbox/Ne...')
#13 /home/devbox/NetBeansProjects/yii/yiiframework-1.1.13/web/CBaseController.php(95): CBaseController->renderInternal('/home/devbox/Ne...', Array, true)
#14 /home/devbox/NetBeansProjects/yii/yiiframework-1.1.13/web/CController.php(784): CBaseController->renderFile('/home/devbox/Ne...', Array, true)
#15 /home/devbox/NetBeansProjects/bds-v3.1/app_dashboard/protected/controllers/SiteController.php(32): CController->render('index')
#16 /home/devbox/NetBeansProjects/yii/yiiframework-1.1.13/web/actions/CInlineAction.php(49): SiteController->actionIndex()
#17 /home/devbox/NetBeansProjects/yii/yiiframework-1.1.13/web/CController.php(308): CInlineAction->runWithParams(Array)
#18 /home/devbox/NetBeansProjects/yii/yiiframework-1.1.13/web/CController.php(286): CController->runAction(Object(CInlineAction))
#19 /home/devbox/NetBeansProjects/yii/yiiframework-1.1.13/web/CController.php(265): CController->runActionWithFilters(Object(CInlineAction), Array)
#20 /home/devbox/NetBeansProjects/yii/yiiframework-1.1.13/web/CWebApplication.php(282): CController->run('')
#21 /home/devbox/NetBeansProjects/yii/yiiframework-1.1.13/web/CWebApplication.php(141): CWebApplication->runController('')
#22 /home/devbox/NetBeansProjects/yii/yiiframework-1.1.13/base/CApplication.php(169): CWebApplication->processRequest()
#23 /home/devbox/NetBeansProjects/bds-v3.1/app_dashboard/index.php(13): CApplication->run()
#24 {main}
REQUEST_URI=/
---
2013/02/24 13:28:33 [error] [exception.CException] exception 'CException' with message 'Alias "bootstrap.widgets.TbNavbar" is invalid. Make sure it points to an existing directory or file.' in /home/devbox/NetBeansProjects/yii/yiiframework-1.1.13/YiiBase.php:341
Stack trace:
#0 /home/devbox/NetBeansProjects/yii/yiiframework-1.1.13/web/CWidgetFactory.php(146): YiiBase::import('bootstrap.widge...', true)
#1 /home/devbox/NetBeansProjects/yii/yiiframework-1.1.13/web/CBaseController.php(146): CWidgetFactory->createWidget(Object(SiteController), 'bootstrap.widge...', Array)
#2 /home/devbox/NetBeansProjects/yii/yiiframework-1.1.13/web/CBaseController.php(172): CBaseController->createWidget('bootstrap.widge...', Array)
#3 /home/devbox/NetBeansProjects/bds-v3.1/app_dashboard/protected/views/layouts/main.php(44): CBaseController->widget('bootstrap.widge...', Array)
#4 /home/devbox/NetBeansProjects/yii/yiiframework-1.1.13/web/CBaseController.php(126): require('/home/devbox/Ne...')
#5 /home/devbox/NetBeansProjects/yii/yiiframework-1.1.13/web/CBaseController.php(95): CBaseController->renderInternal('/home/devbox/Ne...', Array, true)
#6 /home/devbox/NetBeansProjects/yii/yiiframework-1.1.13/web/widgets/CContentDecorator.php(76): CBaseController->renderFile('/home/devbox/Ne...', Array, true)
#7 /home/devbox/NetBeansProjects/yii/yiiframework-1.1.13/web/widgets/CContentDecorator.php(54): CContentDecorator->decorate('<div id="conten...')
#8 /home/devbox/NetBeansProjects/yii/yiiframework-1.1.13/web/widgets/COutputProcessor.php(44): CContentDecorator->processOutput('<div id="conten...')
#9 /home/devbox/NetBeansProjects/yii/yiiframework-1.1.13/web/CBaseController.php(206): COutputProcessor->run()
#10 /home/devbox/NetBeansProjects/yii/yiiframework-1.1.13/web/CBaseController.php(300): CBaseController->endWidget('CContentDecorat...')
#11 /home/devbox/NetBeansProjects/bds-v3.1/app_dashboard/protected/views/layouts/column1.php(6): CBaseController->endContent()
#12 /home/devbox/NetBeansProjects/yii/yiiframework-1.1.13/web/CBaseController.php(126): require('/home/devbox/Ne...')
#13 /home/devbox/NetBeansProjects/yii/yiiframework-1.1.13/web/CBaseController.php(95): CBaseController->renderInternal('/home/devbox/Ne...', Array, true)
#14 /home/devbox/NetBeansProjects/yii/yiiframework-1.1.13/web/CController.php(784): CBaseController->renderFile('/home/devbox/Ne...', Array, true)
#15 /home/devbox/NetBeansProjects/bds-v3.1/app_dashboard/protected/controllers/SiteController.php(32): CController->render('index')
#16 /home/devbox/NetBeansProjects/yii/yiiframework-1.1.13/web/actions/CInlineAction.php(49): SiteController->actionIndex()
#17 /home/devbox/NetBeansProjects/yii/yiiframework-1.1.13/web/CController.php(308): CInlineAction->runWithParams(Array)
#18 /home/devbox/NetBeansProjects/yii/yiiframework-1.1.13/web/CController.php(286): CController->runAction(Object(CInlineAction))
#19 /home/devbox/NetBeansProjects/yii/yiiframework-1.1.13/web/CController.php(265): CController->runActionWithFilters(Object(CInlineAction), Array)
#20 /home/devbox/NetBeansProjects/yii/yiiframework-1.1.13/web/CWebApplication.php(282): CController->run('')
#21 /home/devbox/NetBeansProjects/yii/yiiframework-1.1.13/web/CWebApplication.php(141): CWebApplication->runController('')
#22 /home/devbox/NetBeansProjects/yii/yiiframework-1.1.13/base/CApplication.php(169): CWebApplication->processRequest()
#23 /home/devbox/NetBeansProjects/bds-v3.1/app_dashboard/index.php(13): CApplication->run()
#24 {main}
REQUEST_URI=/
---
2013/02/24 13:28:34 [error] [exception.CException] exception 'CException' with message 'Alias "bootstrap.widgets.TbNavbar" is invalid. Make sure it points to an existing directory or file.' in /home/devbox/NetBeansProjects/yii/yiiframework-1.1.13/YiiBase.php:341
Stack trace:
#0 /home/devbox/NetBeansProjects/yii/yiiframework-1.1.13/web/CWidgetFactory.php(146): YiiBase::import('bootstrap.widge...', true)
#1 /home/devbox/NetBeansProjects/yii/yiiframework-1.1.13/web/CBaseController.php(146): CWidgetFactory->createWidget(Object(SiteController), 'bootstrap.widge...', Array)
#2 /home/devbox/NetBeansProjects/yii/yiiframework-1.1.13/web/CBaseController.php(172): CBaseController->createWidget('bootstrap.widge...', Array)
#3 /home/devbox/NetBeansProjects/bds-v3.1/app_dashboard/protected/views/layouts/main.php(44): CBaseController->widget('bootstrap.widge...', Array)
#4 /home/devbox/NetBeansProjects/yii/yiiframework-1.1.13/web/CBaseController.php(126): require('/home/devbox/Ne...')
#5 /home/devbox/NetBeansProjects/yii/yiiframework-1.1.13/web/CBaseController.php(95): CBaseController->renderInternal('/home/devbox/Ne...', Array, true)
#6 /home/devbox/NetBeansProjects/yii/yiiframework-1.1.13/web/widgets/CContentDecorator.php(76): CBaseController->renderFile('/home/devbox/Ne...', Array, true)
#7 /home/devbox/NetBeansProjects/yii/yiiframework-1.1.13/web/widgets/CContentDecorator.php(54): CContentDecorator->decorate('<div id="conten...')
#8 /home/devbox/NetBeansProjects/yii/yiiframework-1.1.13/web/widgets/COutputProcessor.php(44): CContentDecorator->processOutput('<div id="conten...')
#9 /home/devbox/NetBeansProjects/yii/yiiframework-1.1.13/web/CBaseController.php(206): COutputProcessor->run()
#10 /home/devbox/NetBeansProjects/yii/yiiframework-1.1.13/web/CBaseController.php(300): CBaseController->endWidget('CContentDecorat...')
#11 /home/devbox/NetBeansProjects/bds-v3.1/app_dashboard/protected/views/layouts/column1.php(6): CBaseController->endContent()
#12 /home/devbox/NetBeansProjects/yii/yiiframework-1.1.13/web/CBaseController.php(126): require('/home/devbox/Ne...')
#13 /home/devbox/NetBeansProjects/yii/yiiframework-1.1.13/web/CBaseController.php(95): CBaseController->renderInternal('/home/devbox/Ne...', Array, true)
#14 /home/devbox/NetBeansProjects/yii/yiiframework-1.1.13/web/CController.php(784): CBaseController->renderFile('/home/devbox/Ne...', Array, true)
#15 /home/devbox/NetBeansProjects/bds-v3.1/app_dashboard/protected/controllers/SiteController.php(32): CController->render('index')
#16 /home/devbox/NetBeansProjects/yii/yiiframework-1.1.13/web/actions/CInlineAction.php(49): SiteController->actionIndex()
#17 /home/devbox/NetBeansProjects/yii/yiiframework-1.1.13/web/CController.php(308): CInlineAction->runWithParams(Array)
#18 /home/devbox/NetBeansProjects/yii/yiiframework-1.1.13/web/CController.php(286): CController->runAction(Object(CInlineAction))
#19 /home/devbox/NetBeansProjects/yii/yiiframework-1.1.13/web/CController.php(265): CController->runActionWithFilters(Object(CInlineAction), Array)
#20 /home/devbox/NetBeansProjects/yii/yiiframework-1.1.13/web/CWebApplication.php(282): CController->run('')
#21 /home/devbox/NetBeansProjects/yii/yiiframework-1.1.13/web/CWebApplication.php(141): CWebApplication->runController('')
#22 /home/devbox/NetBeansProjects/yii/yiiframework-1.1.13/base/CApplication.php(169): CWebApplication->processRequest()
#23 /home/devbox/NetBeansProjects/bds-v3.1/app_dashboard/index.php(13): CApplication->run()
#24 {main}
REQUEST_URI=/
---
2013/02/24 13:29:26 [error] [exception.CException] exception 'CException' with message 'Alias "bootstrap.widgets.TbNavbar" is invalid. Make sure it points to an existing directory or file.' in /home/devbox/NetBeansProjects/yii/yiiframework-1.1.13/YiiBase.php:341
Stack trace:
#0 /home/devbox/NetBeansProjects/yii/yiiframework-1.1.13/web/CWidgetFactory.php(146): YiiBase::import('bootstrap.widge...', true)
#1 /home/devbox/NetBeansProjects/yii/yiiframework-1.1.13/web/CBaseController.php(146): CWidgetFactory->createWidget(Object(SiteController), 'bootstrap.widge...', Array)
#2 /home/devbox/NetBeansProjects/yii/yiiframework-1.1.13/web/CBaseController.php(172): CBaseController->createWidget('bootstrap.widge...', Array)
#3 /home/devbox/NetBeansProjects/bds-v3.1/app_dashboard/protected/views/layouts/main.php(44): CBaseController->widget('bootstrap.widge...', Array)
#4 /home/devbox/NetBeansProjects/yii/yiiframework-1.1.13/web/CBaseController.php(126): require('/home/devbox/Ne...')
#5 /home/devbox/NetBeansProjects/yii/yiiframework-1.1.13/web/CBaseController.php(95): CBaseController->renderInternal('/home/devbox/Ne...', Array, true)
#6 /home/devbox/NetBeansProjects/yii/yiiframework-1.1.13/web/widgets/CContentDecorator.php(76): CBaseController->renderFile('/home/devbox/Ne...', Array, true)
#7 /home/devbox/NetBeansProjects/yii/yiiframework-1.1.13/web/widgets/CContentDecorator.php(54): CContentDecorator->decorate('<div id="conten...')
#8 /home/devbox/NetBeansProjects/yii/yiiframework-1.1.13/web/widgets/COutputProcessor.php(44): CContentDecorator->processOutput('<div id="conten...')
#9 /home/devbox/NetBeansProjects/yii/yiiframework-1.1.13/web/CBaseController.php(206): COutputProcessor->run()
#10 /home/devbox/NetBeansProjects/yii/yiiframework-1.1.13/web/CBaseController.php(300): CBaseController->endWidget('CContentDecorat...')
#11 /home/devbox/NetBeansProjects/bds-v3.1/app_dashboard/protected/views/layouts/column1.php(6): CBaseController->endContent()
#12 /home/devbox/NetBeansProjects/yii/yiiframework-1.1.13/web/CBaseController.php(126): require('/home/devbox/Ne...')
#13 /home/devbox/NetBeansProjects/yii/yiiframework-1.1.13/web/CBaseController.php(95): CBaseController->renderInternal('/home/devbox/Ne...', Array, true)
#14 /home/devbox/NetBeansProjects/yii/yiiframework-1.1.13/web/CController.php(784): CBaseController->renderFile('/home/devbox/Ne...', Array, true)
#15 /home/devbox/NetBeansProjects/bds-v3.1/app_dashboard/protected/controllers/SiteController.php(32): CController->render('index')
#16 /home/devbox/NetBeansProjects/yii/yiiframework-1.1.13/web/actions/CInlineAction.php(49): SiteController->actionIndex()
#17 /home/devbox/NetBeansProjects/yii/yiiframework-1.1.13/web/CController.php(308): CInlineAction->runWithParams(Array)
#18 /home/devbox/NetBeansProjects/yii/yiiframework-1.1.13/web/CController.php(286): CController->runAction(Object(CInlineAction))
#19 /home/devbox/NetBeansProjects/yii/yiiframework-1.1.13/web/CController.php(265): CController->runActionWithFilters(Object(CInlineAction), Array)
#20 /home/devbox/NetBeansProjects/yii/yiiframework-1.1.13/web/CWebApplication.php(282): CController->run('')
#21 /home/devbox/NetBeansProjects/yii/yiiframework-1.1.13/web/CWebApplication.php(141): CWebApplication->runController('')
#22 /home/devbox/NetBeansProjects/yii/yiiframework-1.1.13/base/CApplication.php(169): CWebApplication->processRequest()
#23 /home/devbox/NetBeansProjects/bds-v3.1/app_dashboard/index.php(13): CApplication->run()
#24 {main}
REQUEST_URI=/
---
2013/02/24 13:29:33 [error] [exception.CException] exception 'CException' with message 'Alias "bootstrap.widgets.TbNavbar" is invalid. Make sure it points to an existing directory or file.' in /home/devbox/NetBeansProjects/yii/yiiframework-1.1.13/YiiBase.php:341
Stack trace:
#0 /home/devbox/NetBeansProjects/yii/yiiframework-1.1.13/web/CWidgetFactory.php(146): YiiBase::import('bootstrap.widge...', true)
#1 /home/devbox/NetBeansProjects/yii/yiiframework-1.1.13/web/CBaseController.php(146): CWidgetFactory->createWidget(Object(SiteController), 'bootstrap.widge...', Array)
#2 /home/devbox/NetBeansProjects/yii/yiiframework-1.1.13/web/CBaseController.php(172): CBaseController->createWidget('bootstrap.widge...', Array)
#3 /home/devbox/NetBeansProjects/bds-v3.1/app_dashboard/protected/views/layouts/main.php(44): CBaseController->widget('bootstrap.widge...', Array)
#4 /home/devbox/NetBeansProjects/yii/yiiframework-1.1.13/web/CBaseController.php(126): require('/home/devbox/Ne...')
#5 /home/devbox/NetBeansProjects/yii/yiiframework-1.1.13/web/CBaseController.php(95): CBaseController->renderInternal('/home/devbox/Ne...', Array, true)
#6 /home/devbox/NetBeansProjects/yii/yiiframework-1.1.13/web/widgets/CContentDecorator.php(76): CBaseController->renderFile('/home/devbox/Ne...', Array, true)
#7 /home/devbox/NetBeansProjects/yii/yiiframework-1.1.13/web/widgets/CContentDecorator.php(54): CContentDecorator->decorate('<div id="conten...')
#8 /home/devbox/NetBeansProjects/yii/yiiframework-1.1.13/web/widgets/COutputProcessor.php(44): CContentDecorator->processOutput('<div id="conten...')
#9 /home/devbox/NetBeansProjects/yii/yiiframework-1.1.13/web/CBaseController.php(206): COutputProcessor->run()
#10 /home/devbox/NetBeansProjects/yii/yiiframework-1.1.13/web/CBaseController.php(300): CBaseController->endWidget('CContentDecorat...')
#11 /home/devbox/NetBeansProjects/bds-v3.1/app_dashboard/protected/views/layouts/column1.php(6): CBaseController->endContent()
#12 /home/devbox/NetBeansProjects/yii/yiiframework-1.1.13/web/CBaseController.php(126): require('/home/devbox/Ne...')
#13 /home/devbox/NetBeansProjects/yii/yiiframework-1.1.13/web/CBaseController.php(95): CBaseController->renderInternal('/home/devbox/Ne...', Array, true)
#14 /home/devbox/NetBeansProjects/yii/yiiframework-1.1.13/web/CController.php(784): CBaseController->renderFile('/home/devbox/Ne...', Array, true)
#15 /home/devbox/NetBeansProjects/bds-v3.1/app_dashboard/protected/controllers/SiteController.php(32): CController->render('index')
#16 /home/devbox/NetBeansProjects/yii/yiiframework-1.1.13/web/actions/CInlineAction.php(49): SiteController->actionIndex()
#17 /home/devbox/NetBeansProjects/yii/yiiframework-1.1.13/web/CController.php(308): CInlineAction->runWithParams(Array)
#18 /home/devbox/NetBeansProjects/yii/yiiframework-1.1.13/web/CController.php(286): CController->runAction(Object(CInlineAction))
#19 /home/devbox/NetBeansProjects/yii/yiiframework-1.1.13/web/CController.php(265): CController->runActionWithFilters(Object(CInlineAction), Array)
#20 /home/devbox/NetBeansProjects/yii/yiiframework-1.1.13/web/CWebApplication.php(282): CController->run('')
#21 /home/devbox/NetBeansProjects/yii/yiiframework-1.1.13/web/CWebApplication.php(141): CWebApplication->runController('')
#22 /home/devbox/NetBeansProjects/yii/yiiframework-1.1.13/base/CApplication.php(169): CWebApplication->processRequest()
#23 /home/devbox/NetBeansProjects/bds-v3.1/app_dashboard/index.php(13): CApplication->run()
#24 {main}
REQUEST_URI=/
---
2013/02/24 13:30:00 [error] [exception.CException] exception 'CException' with message 'Alias "bootstrap.widgets.TbNavbar" is invalid. Make sure it points to an existing directory or file.' in /home/devbox/NetBeansProjects/yii/yiiframework-1.1.13/YiiBase.php:341
Stack trace:
#0 /home/devbox/NetBeansProjects/yii/yiiframework-1.1.13/web/CWidgetFactory.php(146): YiiBase::import('bootstrap.widge...', true)
#1 /home/devbox/NetBeansProjects/yii/yiiframework-1.1.13/web/CBaseController.php(146): CWidgetFactory->createWidget(Object(SiteController), 'bootstrap.widge...', Array)
#2 /home/devbox/NetBeansProjects/yii/yiiframework-1.1.13/web/CBaseController.php(172): CBaseController->createWidget('bootstrap.widge...', Array)
#3 /home/devbox/NetBeansProjects/bds-v3.1/app_dashboard/protected/views/layouts/main.php(44): CBaseController->widget('bootstrap.widge...', Array)
#4 /home/devbox/NetBeansProjects/yii/yiiframework-1.1.13/web/CBaseController.php(126): require('/home/devbox/Ne...')
#5 /home/devbox/NetBeansProjects/yii/yiiframework-1.1.13/web/CBaseController.php(95): CBaseController->renderInternal('/home/devbox/Ne...', Array, true)
#6 /home/devbox/NetBeansProjects/yii/yiiframework-1.1.13/web/widgets/CContentDecorator.php(76): CBaseController->renderFile('/home/devbox/Ne...', Array, true)
#7 /home/devbox/NetBeansProjects/yii/yiiframework-1.1.13/web/widgets/CContentDecorator.php(54): CContentDecorator->decorate('<div id="conten...')
#8 /home/devbox/NetBeansProjects/yii/yiiframework-1.1.13/web/widgets/COutputProcessor.php(44): CContentDecorator->processOutput('<div id="conten...')
#9 /home/devbox/NetBeansProjects/yii/yiiframework-1.1.13/web/CBaseController.php(206): COutputProcessor->run()
#10 /home/devbox/NetBeansProjects/yii/yiiframework-1.1.13/web/CBaseController.php(300): CBaseController->endWidget('CContentDecorat...')
#11 /home/devbox/NetBeansProjects/bds-v3.1/app_dashboard/protected/views/layouts/column1.php(6): CBaseController->endContent()
#12 /home/devbox/NetBeansProjects/yii/yiiframework-1.1.13/web/CBaseController.php(126): require('/home/devbox/Ne...')
#13 /home/devbox/NetBeansProjects/yii/yiiframework-1.1.13/web/CBaseController.php(95): CBaseController->renderInternal('/home/devbox/Ne...', Array, true)
#14 /home/devbox/NetBeansProjects/yii/yiiframework-1.1.13/web/CController.php(784): CBaseController->renderFile('/home/devbox/Ne...', Array, true)
#15 /home/devbox/NetBeansProjects/bds-v3.1/app_dashboard/protected/controllers/SiteController.php(32): CController->render('index')
#16 /home/devbox/NetBeansProjects/yii/yiiframework-1.1.13/web/actions/CInlineAction.php(49): SiteController->actionIndex()
#17 /home/devbox/NetBeansProjects/yii/yiiframework-1.1.13/web/CController.php(308): CInlineAction->runWithParams(Array)
#18 /home/devbox/NetBeansProjects/yii/yiiframework-1.1.13/web/CController.php(286): CController->runAction(Object(CInlineAction))
#19 /home/devbox/NetBeansProjects/yii/yiiframework-1.1.13/web/CController.php(265): CController->runActionWithFilters(Object(CInlineAction), Array)
#20 /home/devbox/NetBeansProjects/yii/yiiframework-1.1.13/web/CWebApplication.php(282): CController->run('')
#21 /home/devbox/NetBeansProjects/yii/yiiframework-1.1.13/web/CWebApplication.php(141): CWebApplication->runController('')
#22 /home/devbox/NetBeansProjects/yii/yiiframework-1.1.13/base/CApplication.php(169): CWebApplication->processRequest()
#23 /home/devbox/NetBeansProjects/bds-v3.1/app_dashboard/index.php(13): CApplication->run()
#24 {main}
REQUEST_URI=/
---
2013/02/24 13:30:46 [error] [exception.CException] exception 'CException' with message 'Alias "bootstrap.widgets.TbNavbar" is invalid. Make sure it points to an existing directory or file.' in /home/devbox/NetBeansProjects/yii/yiiframework-1.1.13/YiiBase.php:341
Stack trace:
#0 /home/devbox/NetBeansProjects/yii/yiiframework-1.1.13/web/CWidgetFactory.php(146): YiiBase::import('bootstrap.widge...', true)
#1 /home/devbox/NetBeansProjects/yii/yiiframework-1.1.13/web/CBaseController.php(146): CWidgetFactory->createWidget(Object(SiteController), 'bootstrap.widge...', Array)
#2 /home/devbox/NetBeansProjects/yii/yiiframework-1.1.13/web/CBaseController.php(172): CBaseController->createWidget('bootstrap.widge...', Array)
#3 /home/devbox/NetBeansProjects/bds-v3.1/app_dashboard/protected/views/layouts/main.php(44): CBaseController->widget('bootstrap.widge...', Array)
#4 /home/devbox/NetBeansProjects/yii/yiiframework-1.1.13/web/CBaseController.php(126): require('/home/devbox/Ne...')
#5 /home/devbox/NetBeansProjects/yii/yiiframework-1.1.13/web/CBaseController.php(95): CBaseController->renderInternal('/home/devbox/Ne...', Array, true)
#6 /home/devbox/NetBeansProjects/yii/yiiframework-1.1.13/web/widgets/CContentDecorator.php(76): CBaseController->renderFile('/home/devbox/Ne...', Array, true)
#7 /home/devbox/NetBeansProjects/yii/yiiframework-1.1.13/web/widgets/CContentDecorator.php(54): CContentDecorator->decorate('<div id="conten...')
#8 /home/devbox/NetBeansProjects/yii/yiiframework-1.1.13/web/widgets/COutputProcessor.php(44): CContentDecorator->processOutput('<div id="conten...')
#9 /home/devbox/NetBeansProjects/yii/yiiframework-1.1.13/web/CBaseController.php(206): COutputProcessor->run()
#10 /home/devbox/NetBeansProjects/yii/yiiframework-1.1.13/web/CBaseController.php(300): CBaseController->endWidget('CContentDecorat...')
#11 /home/devbox/NetBeansProjects/bds-v3.1/app_dashboard/protected/views/layouts/column1.php(6): CBaseController->endContent()
#12 /home/devbox/NetBeansProjects/yii/yiiframework-1.1.13/web/CBaseController.php(126): require('/home/devbox/Ne...')
#13 /home/devbox/NetBeansProjects/yii/yiiframework-1.1.13/web/CBaseController.php(95): CBaseController->renderInternal('/home/devbox/Ne...', Array, true)
#14 /home/devbox/NetBeansProjects/yii/yiiframework-1.1.13/web/CController.php(784): CBaseController->renderFile('/home/devbox/Ne...', Array, true)
#15 /home/devbox/NetBeansProjects/bds-v3.1/app_dashboard/protected/controllers/SiteController.php(32): CController->render('index')
#16 /home/devbox/NetBeansProjects/yii/yiiframework-1.1.13/web/actions/CInlineAction.php(49): SiteController->actionIndex()
#17 /home/devbox/NetBeansProjects/yii/yiiframework-1.1.13/web/CController.php(308): CInlineAction->runWithParams(Array)
#18 /home/devbox/NetBeansProjects/yii/yiiframework-1.1.13/web/CController.php(286): CController->runAction(Object(CInlineAction))
#19 /home/devbox/NetBeansProjects/yii/yiiframework-1.1.13/web/CController.php(265): CController->runActionWithFilters(Object(CInlineAction), Array)
#20 /home/devbox/NetBeansProjects/yii/yiiframework-1.1.13/web/CWebApplication.php(282): CController->run('')
#21 /home/devbox/NetBeansProjects/yii/yiiframework-1.1.13/web/CWebApplication.php(141): CWebApplication->runController('')
#22 /home/devbox/NetBeansProjects/yii/yiiframework-1.1.13/base/CApplication.php(169): CWebApplication->processRequest()
#23 /home/devbox/NetBeansProjects/bds-v3.1/app_dashboard/index.php(13): CApplication->run()
#24 {main}
REQUEST_URI=/
---
2013/02/24 13:30:48 [error] [exception.CException] exception 'CException' with message 'Alias "bootstrap.widgets.TbNavbar" is invalid. Make sure it points to an existing directory or file.' in /home/devbox/NetBeansProjects/yii/yiiframework-1.1.13/YiiBase.php:341
Stack trace:
#0 /home/devbox/NetBeansProjects/yii/yiiframework-1.1.13/web/CWidgetFactory.php(146): YiiBase::import('bootstrap.widge...', true)
#1 /home/devbox/NetBeansProjects/yii/yiiframework-1.1.13/web/CBaseController.php(146): CWidgetFactory->createWidget(Object(SiteController), 'bootstrap.widge...', Array)
#2 /home/devbox/NetBeansProjects/yii/yiiframework-1.1.13/web/CBaseController.php(172): CBaseController->createWidget('bootstrap.widge...', Array)
#3 /home/devbox/NetBeansProjects/bds-v3.1/app_dashboard/protected/views/layouts/main.php(44): CBaseController->widget('bootstrap.widge...', Array)
#4 /home/devbox/NetBeansProjects/yii/yiiframework-1.1.13/web/CBaseController.php(126): require('/home/devbox/Ne...')
#5 /home/devbox/NetBeansProjects/yii/yiiframework-1.1.13/web/CBaseController.php(95): CBaseController->renderInternal('/home/devbox/Ne...', Array, true)
#6 /home/devbox/NetBeansProjects/yii/yiiframework-1.1.13/web/widgets/CContentDecorator.php(76): CBaseController->renderFile('/home/devbox/Ne...', Array, true)
#7 /home/devbox/NetBeansProjects/yii/yiiframework-1.1.13/web/widgets/CContentDecorator.php(54): CContentDecorator->decorate('<div id="conten...')
#8 /home/devbox/NetBeansProjects/yii/yiiframework-1.1.13/web/widgets/COutputProcessor.php(44): CContentDecorator->processOutput('<div id="conten...')
#9 /home/devbox/NetBeansProjects/yii/yiiframework-1.1.13/web/CBaseController.php(206): COutputProcessor->run()
#10 /home/devbox/NetBeansProjects/yii/yiiframework-1.1.13/web/CBaseController.php(300): CBaseController->endWidget('CContentDecorat...')
#11 /home/devbox/NetBeansProjects/bds-v3.1/app_dashboard/protected/views/layouts/column1.php(6): CBaseController->endContent()
#12 /home/devbox/NetBeansProjects/yii/yiiframework-1.1.13/web/CBaseController.php(126): require('/home/devbox/Ne...')
#13 /home/devbox/NetBeansProjects/yii/yiiframework-1.1.13/web/CBaseController.php(95): CBaseController->renderInternal('/home/devbox/Ne...', Array, true)
#14 /home/devbox/NetBeansProjects/yii/yiiframework-1.1.13/web/CController.php(784): CBaseController->renderFile('/home/devbox/Ne...', Array, true)
#15 /home/devbox/NetBeansProjects/bds-v3.1/app_dashboard/protected/controllers/SiteController.php(32): CController->render('index')
#16 /home/devbox/NetBeansProjects/yii/yiiframework-1.1.13/web/actions/CInlineAction.php(49): SiteController->actionIndex()
#17 /home/devbox/NetBeansProjects/yii/yiiframework-1.1.13/web/CController.php(308): CInlineAction->runWithParams(Array)
#18 /home/devbox/NetBeansProjects/yii/yiiframework-1.1.13/web/CController.php(286): CController->runAction(Object(CInlineAction))
#19 /home/devbox/NetBeansProjects/yii/yiiframework-1.1.13/web/CController.php(265): CController->runActionWithFilters(Object(CInlineAction), Array)
#20 /home/devbox/NetBeansProjects/yii/yiiframework-1.1.13/web/CWebApplication.php(282): CController->run('')
#21 /home/devbox/NetBeansProjects/yii/yiiframework-1.1.13/web/CWebApplication.php(141): CWebApplication->runController('')
#22 /home/devbox/NetBeansProjects/yii/yiiframework-1.1.13/base/CApplication.php(169): CWebApplication->processRequest()
#23 /home/devbox/NetBeansProjects/bds-v3.1/app_dashboard/index.php(13): CApplication->run()
#24 {main}
REQUEST_URI=/
---
2013/02/24 13:30:49 [error] [exception.CException] exception 'CException' with message 'Alias "bootstrap.widgets.TbNavbar" is invalid. Make sure it points to an existing directory or file.' in /home/devbox/NetBeansProjects/yii/yiiframework-1.1.13/YiiBase.php:341
Stack trace:
#0 /home/devbox/NetBeansProjects/yii/yiiframework-1.1.13/web/CWidgetFactory.php(146): YiiBase::import('bootstrap.widge...', true)
#1 /home/devbox/NetBeansProjects/yii/yiiframework-1.1.13/web/CBaseController.php(146): CWidgetFactory->createWidget(Object(SiteController), 'bootstrap.widge...', Array)
#2 /home/devbox/NetBeansProjects/yii/yiiframework-1.1.13/web/CBaseController.php(172): CBaseController->createWidget('bootstrap.widge...', Array)
#3 /home/devbox/NetBeansProjects/bds-v3.1/app_dashboard/protected/views/layouts/main.php(44): CBaseController->widget('bootstrap.widge...', Array)
#4 /home/devbox/NetBeansProjects/yii/yiiframework-1.1.13/web/CBaseController.php(126): require('/home/devbox/Ne...')
#5 /home/devbox/NetBeansProjects/yii/yiiframework-1.1.13/web/CBaseController.php(95): CBaseController->renderInternal('/home/devbox/Ne...', Array, true)
#6 /home/devbox/NetBeansProjects/yii/yiiframework-1.1.13/web/widgets/CContentDecorator.php(76): CBaseController->renderFile('/home/devbox/Ne...', Array, true)
#7 /home/devbox/NetBeansProjects/yii/yiiframework-1.1.13/web/widgets/CContentDecorator.php(54): CContentDecorator->decorate('<div id="conten...')
#8 /home/devbox/NetBeansProjects/yii/yiiframework-1.1.13/web/widgets/COutputProcessor.php(44): CContentDecorator->processOutput('<div id="conten...')
#9 /home/devbox/NetBeansProjects/yii/yiiframework-1.1.13/web/CBaseController.php(206): COutputProcessor->run()
#10 /home/devbox/NetBeansProjects/yii/yiiframework-1.1.13/web/CBaseController.php(300): CBaseController->endWidget('CContentDecorat...')
#11 /home/devbox/NetBeansProjects/bds-v3.1/app_dashboard/protected/views/layouts/column1.php(6): CBaseController->endContent()
#12 /home/devbox/NetBeansProjects/yii/yiiframework-1.1.13/web/CBaseController.php(126): require('/home/devbox/Ne...')
#13 /home/devbox/NetBeansProjects/yii/yiiframework-1.1.13/web/CBaseController.php(95): CBaseController->renderInternal('/home/devbox/Ne...', Array, true)
#14 /home/devbox/NetBeansProjects/yii/yiiframework-1.1.13/web/CController.php(784): CBaseController->renderFile('/home/devbox/Ne...', Array, true)
#15 /home/devbox/NetBeansProjects/bds-v3.1/app_dashboard/protected/controllers/SiteController.php(32): CController->render('index')
#16 /home/devbox/NetBeansProjects/yii/yiiframework-1.1.13/web/actions/CInlineAction.php(49): SiteController->actionIndex()
#17 /home/devbox/NetBeansProjects/yii/yiiframework-1.1.13/web/CController.php(308): CInlineAction->runWithParams(Array)
#18 /home/devbox/NetBeansProjects/yii/yiiframework-1.1.13/web/CController.php(286): CController->runAction(Object(CInlineAction))
#19 /home/devbox/NetBeansProjects/yii/yiiframework-1.1.13/web/CController.php(265): CController->runActionWithFilters(Object(CInlineAction), Array)
#20 /home/devbox/NetBeansProjects/yii/yiiframework-1.1.13/web/CWebApplication.php(282): CController->run('')
#21 /home/devbox/NetBeansProjects/yii/yiiframework-1.1.13/web/CWebApplication.php(141): CWebApplication->runController('')
#22 /home/devbox/NetBeansProjects/yii/yiiframework-1.1.13/base/CApplication.php(169): CWebApplication->processRequest()
#23 /home/devbox/NetBeansProjects/bds-v3.1/app_dashboard/index.php(13): CApplication->run()
#24 {main}
REQUEST_URI=/
---
2013/02/24 13:30:56 [error] [exception.CException] exception 'CException' with message 'Alias "bootstrap.widgets.TbNavbar" is invalid. Make sure it points to an existing directory or file.' in /home/devbox/NetBeansProjects/yii/yiiframework-1.1.13/YiiBase.php:341
Stack trace:
#0 /home/devbox/NetBeansProjects/yii/yiiframework-1.1.13/web/CWidgetFactory.php(146): YiiBase::import('bootstrap.widge...', true)
#1 /home/devbox/NetBeansProjects/yii/yiiframework-1.1.13/web/CBaseController.php(146): CWidgetFactory->createWidget(Object(SiteController), 'bootstrap.widge...', Array)
#2 /home/devbox/NetBeansProjects/yii/yiiframework-1.1.13/web/CBaseController.php(172): CBaseController->createWidget('bootstrap.widge...', Array)
#3 /home/devbox/NetBeansProjects/bds-v3.1/app_dashboard/protected/views/layouts/main.php(44): CBaseController->widget('bootstrap.widge...', Array)
#4 /home/devbox/NetBeansProjects/yii/yiiframework-1.1.13/web/CBaseController.php(126): require('/home/devbox/Ne...')
#5 /home/devbox/NetBeansProjects/yii/yiiframework-1.1.13/web/CBaseController.php(95): CBaseController->renderInternal('/home/devbox/Ne...', Array, true)
#6 /home/devbox/NetBeansProjects/yii/yiiframework-1.1.13/web/widgets/CContentDecorator.php(76): CBaseController->renderFile('/home/devbox/Ne...', Array, true)
#7 /home/devbox/NetBeansProjects/yii/yiiframework-1.1.13/web/widgets/CContentDecorator.php(54): CContentDecorator->decorate('<div id="conten...')
#8 /home/devbox/NetBeansProjects/yii/yiiframework-1.1.13/web/widgets/COutputProcessor.php(44): CContentDecorator->processOutput('<div id="conten...')
#9 /home/devbox/NetBeansProjects/yii/yiiframework-1.1.13/web/CBaseController.php(206): COutputProcessor->run()
#10 /home/devbox/NetBeansProjects/yii/yiiframework-1.1.13/web/CBaseController.php(300): CBaseController->endWidget('CContentDecorat...')
#11 /home/devbox/NetBeansProjects/bds-v3.1/app_dashboard/protected/views/layouts/column1.php(6): CBaseController->endContent()
#12 /home/devbox/NetBeansProjects/yii/yiiframework-1.1.13/web/CBaseController.php(126): require('/home/devbox/Ne...')
#13 /home/devbox/NetBeansProjects/yii/yiiframework-1.1.13/web/CBaseController.php(95): CBaseController->renderInternal('/home/devbox/Ne...', Array, true)
#14 /home/devbox/NetBeansProjects/yii/yiiframework-1.1.13/web/CController.php(784): CBaseController->renderFile('/home/devbox/Ne...', Array, true)
#15 /home/devbox/NetBeansProjects/bds-v3.1/app_dashboard/protected/controllers/SiteController.php(32): CController->render('index')
#16 /home/devbox/NetBeansProjects/yii/yiiframework-1.1.13/web/actions/CInlineAction.php(49): SiteController->actionIndex()
#17 /home/devbox/NetBeansProjects/yii/yiiframework-1.1.13/web/CController.php(308): CInlineAction->runWithParams(Array)
#18 /home/devbox/NetBeansProjects/yii/yiiframework-1.1.13/web/CController.php(286): CController->runAction(Object(CInlineAction))
#19 /home/devbox/NetBeansProjects/yii/yiiframework-1.1.13/web/CController.php(265): CController->runActionWithFilters(Object(CInlineAction), Array)
#20 /home/devbox/NetBeansProjects/yii/yiiframework-1.1.13/web/CWebApplication.php(282): CController->run('')
#21 /home/devbox/NetBeansProjects/yii/yiiframework-1.1.13/web/CWebApplication.php(141): CWebApplication->runController('')
#22 /home/devbox/NetBeansProjects/yii/yiiframework-1.1.13/base/CApplication.php(169): CWebApplication->processRequest()
#23 /home/devbox/NetBeansProjects/bds-v3.1/app_dashboard/index.php(13): CApplication->run()
#24 {main}
REQUEST_URI=/
---
2013/02/24 13:31:23 [error] [exception.CException] exception 'CException' with message 'Alias "bootstrap.widgets.TbNavbar" is invalid. Make sure it points to an existing directory or file.' in /home/devbox/NetBeansProjects/yii/yiiframework-1.1.13/YiiBase.php:341
Stack trace:
#0 /home/devbox/NetBeansProjects/yii/yiiframework-1.1.13/web/CWidgetFactory.php(146): YiiBase::import('bootstrap.widge...', true)
#1 /home/devbox/NetBeansProjects/yii/yiiframework-1.1.13/web/CBaseController.php(146): CWidgetFactory->createWidget(Object(SiteController), 'bootstrap.widge...', Array)
#2 /home/devbox/NetBeansProjects/yii/yiiframework-1.1.13/web/CBaseController.php(172): CBaseController->createWidget('bootstrap.widge...', Array)
#3 /home/devbox/NetBeansProjects/bds-v3.1/app_dashboard/protected/views/layouts/main.php(44): CBaseController->widget('bootstrap.widge...', Array)
#4 /home/devbox/NetBeansProjects/yii/yiiframework-1.1.13/web/CBaseController.php(126): require('/home/devbox/Ne...')
#5 /home/devbox/NetBeansProjects/yii/yiiframework-1.1.13/web/CBaseController.php(95): CBaseController->renderInternal('/home/devbox/Ne...', Array, true)
#6 /home/devbox/NetBeansProjects/yii/yiiframework-1.1.13/web/widgets/CContentDecorator.php(76): CBaseController->renderFile('/home/devbox/Ne...', Array, true)
#7 /home/devbox/NetBeansProjects/yii/yiiframework-1.1.13/web/widgets/CContentDecorator.php(54): CContentDecorator->decorate('<div id="conten...')
#8 /home/devbox/NetBeansProjects/yii/yiiframework-1.1.13/web/widgets/COutputProcessor.php(44): CContentDecorator->processOutput('<div id="conten...')
#9 /home/devbox/NetBeansProjects/yii/yiiframework-1.1.13/web/CBaseController.php(206): COutputProcessor->run()
#10 /home/devbox/NetBeansProjects/yii/yiiframework-1.1.13/web/CBaseController.php(300): CBaseController->endWidget('CContentDecorat...')
#11 /home/devbox/NetBeansProjects/bds-v3.1/app_dashboard/protected/views/layouts/column1.php(6): CBaseController->endContent()
#12 /home/devbox/NetBeansProjects/yii/yiiframework-1.1.13/web/CBaseController.php(126): require('/home/devbox/Ne...')
#13 /home/devbox/NetBeansProjects/yii/yiiframework-1.1.13/web/CBaseController.php(95): CBaseController->renderInternal('/home/devbox/Ne...', Array, true)
#14 /home/devbox/NetBeansProjects/yii/yiiframework-1.1.13/web/CController.php(784): CBaseController->renderFile('/home/devbox/Ne...', Array, true)
#15 /home/devbox/NetBeansProjects/bds-v3.1/app_dashboard/protected/controllers/SiteController.php(32): CController->render('index')
#16 /home/devbox/NetBeansProjects/yii/yiiframework-1.1.13/web/actions/CInlineAction.php(49): SiteController->actionIndex()
#17 /home/devbox/NetBeansProjects/yii/yiiframework-1.1.13/web/CController.php(308): CInlineAction->runWithParams(Array)
#18 /home/devbox/NetBeansProjects/yii/yiiframework-1.1.13/web/CController.php(286): CController->runAction(Object(CInlineAction))
#19 /home/devbox/NetBeansProjects/yii/yiiframework-1.1.13/web/CController.php(265): CController->runActionWithFilters(Object(CInlineAction), Array)
#20 /home/devbox/NetBeansProjects/yii/yiiframework-1.1.13/web/CWebApplication.php(282): CController->run('')
#21 /home/devbox/NetBeansProjects/yii/yiiframework-1.1.13/web/CWebApplication.php(141): CWebApplication->runController('')
#22 /home/devbox/NetBeansProjects/yii/yiiframework-1.1.13/base/CApplication.php(169): CWebApplication->processRequest()
#23 /home/devbox/NetBeansProjects/bds-v3.1/app_dashboard/index.php(13): CApplication->run()
#24 {main}
REQUEST_URI=/
---
2013/02/24 13:31:33 [error] [exception.CException] exception 'CException' with message 'Alias "bootstrap.widgets.TbNavbar" is invalid. Make sure it points to an existing directory or file.' in /home/devbox/NetBeansProjects/yii/yiiframework-1.1.13/YiiBase.php:341
Stack trace:
#0 /home/devbox/NetBeansProjects/yii/yiiframework-1.1.13/web/CWidgetFactory.php(146): YiiBase::import('bootstrap.widge...', true)
#1 /home/devbox/NetBeansProjects/yii/yiiframework-1.1.13/web/CBaseController.php(146): CWidgetFactory->createWidget(Object(SiteController), 'bootstrap.widge...', Array)
#2 /home/devbox/NetBeansProjects/yii/yiiframework-1.1.13/web/CBaseController.php(172): CBaseController->createWidget('bootstrap.widge...', Array)
#3 /home/devbox/NetBeansProjects/bds-v3.1/app_dashboard/protected/views/layouts/main.php(44): CBaseController->widget('bootstrap.widge...', Array)
#4 /home/devbox/NetBeansProjects/yii/yiiframework-1.1.13/web/CBaseController.php(126): require('/home/devbox/Ne...')
#5 /home/devbox/NetBeansProjects/yii/yiiframework-1.1.13/web/CBaseController.php(95): CBaseController->renderInternal('/home/devbox/Ne...', Array, true)
#6 /home/devbox/NetBeansProjects/yii/yiiframework-1.1.13/web/widgets/CContentDecorator.php(76): CBaseController->renderFile('/home/devbox/Ne...', Array, true)
#7 /home/devbox/NetBeansProjects/yii/yiiframework-1.1.13/web/widgets/CContentDecorator.php(54): CContentDecorator->decorate('<div id="conten...')
#8 /home/devbox/NetBeansProjects/yii/yiiframework-1.1.13/web/widgets/COutputProcessor.php(44): CContentDecorator->processOutput('<div id="conten...')
#9 /home/devbox/NetBeansProjects/yii/yiiframework-1.1.13/web/CBaseController.php(206): COutputProcessor->run()
#10 /home/devbox/NetBeansProjects/yii/yiiframework-1.1.13/web/CBaseController.php(300): CBaseController->endWidget('CContentDecorat...')
#11 /home/devbox/NetBeansProjects/bds-v3.1/app_dashboard/protected/views/layouts/column1.php(6): CBaseController->endContent()
#12 /home/devbox/NetBeansProjects/yii/yiiframework-1.1.13/web/CBaseController.php(126): require('/home/devbox/Ne...')
#13 /home/devbox/NetBeansProjects/yii/yiiframework-1.1.13/web/CBaseController.php(95): CBaseController->renderInternal('/home/devbox/Ne...', Array, true)
#14 /home/devbox/NetBeansProjects/yii/yiiframework-1.1.13/web/CController.php(784): CBaseController->renderFile('/home/devbox/Ne...', Array, true)
#15 /home/devbox/NetBeansProjects/bds-v3.1/app_dashboard/protected/controllers/SiteController.php(32): CController->render('index')
#16 /home/devbox/NetBeansProjects/yii/yiiframework-1.1.13/web/actions/CInlineAction.php(49): SiteController->actionIndex()
#17 /home/devbox/NetBeansProjects/yii/yiiframework-1.1.13/web/CController.php(308): CInlineAction->runWithParams(Array)
#18 /home/devbox/NetBeansProjects/yii/yiiframework-1.1.13/web/CController.php(286): CController->runAction(Object(CInlineAction))
#19 /home/devbox/NetBeansProjects/yii/yiiframework-1.1.13/web/CController.php(265): CController->runActionWithFilters(Object(CInlineAction), Array)
#20 /home/devbox/NetBeansProjects/yii/yiiframework-1.1.13/web/CWebApplication.php(282): CController->run('')
#21 /home/devbox/NetBeansProjects/yii/yiiframework-1.1.13/web/CWebApplication.php(141): CWebApplication->runController('')
#22 /home/devbox/NetBeansProjects/yii/yiiframework-1.1.13/base/CApplication.php(169): CWebApplication->processRequest()
#23 /home/devbox/NetBeansProjects/bds-v3.1/app_dashboard/index.php(13): CApplication->run()
#24 {main}
REQUEST_URI=/
---
2013/02/24 13:31:34 [error] [exception.CException] exception 'CException' with message 'Alias "bootstrap.widgets.TbNavbar" is invalid. Make sure it points to an existing directory or file.' in /home/devbox/NetBeansProjects/yii/yiiframework-1.1.13/YiiBase.php:341
Stack trace:
#0 /home/devbox/NetBeansProjects/yii/yiiframework-1.1.13/web/CWidgetFactory.php(146): YiiBase::import('bootstrap.widge...', true)
#1 /home/devbox/NetBeansProjects/yii/yiiframework-1.1.13/web/CBaseController.php(146): CWidgetFactory->createWidget(Object(SiteController), 'bootstrap.widge...', Array)
#2 /home/devbox/NetBeansProjects/yii/yiiframework-1.1.13/web/CBaseController.php(172): CBaseController->createWidget('bootstrap.widge...', Array)
#3 /home/devbox/NetBeansProjects/bds-v3.1/app_dashboard/protected/views/layouts/main.php(44): CBaseController->widget('bootstrap.widge...', Array)
#4 /home/devbox/NetBeansProjects/yii/yiiframework-1.1.13/web/CBaseController.php(126): require('/home/devbox/Ne...')
#5 /home/devbox/NetBeansProjects/yii/yiiframework-1.1.13/web/CBaseController.php(95): CBaseController->renderInternal('/home/devbox/Ne...', Array, true)
#6 /home/devbox/NetBeansProjects/yii/yiiframework-1.1.13/web/widgets/CContentDecorator.php(76): CBaseController->renderFile('/home/devbox/Ne...', Array, true)
#7 /home/devbox/NetBeansProjects/yii/yiiframework-1.1.13/web/widgets/CContentDecorator.php(54): CContentDecorator->decorate('<div id="conten...')
#8 /home/devbox/NetBeansProjects/yii/yiiframework-1.1.13/web/widgets/COutputProcessor.php(44): CContentDecorator->processOutput('<div id="conten...')
#9 /home/devbox/NetBeansProjects/yii/yiiframework-1.1.13/web/CBaseController.php(206): COutputProcessor->run()
#10 /home/devbox/NetBeansProjects/yii/yiiframework-1.1.13/web/CBaseController.php(300): CBaseController->endWidget('CContentDecorat...')
#11 /home/devbox/NetBeansProjects/bds-v3.1/app_dashboard/protected/views/layouts/column1.php(6): CBaseController->endContent()
#12 /home/devbox/NetBeansProjects/yii/yiiframework-1.1.13/web/CBaseController.php(126): require('/home/devbox/Ne...')
#13 /home/devbox/NetBeansProjects/yii/yiiframework-1.1.13/web/CBaseController.php(95): CBaseController->renderInternal('/home/devbox/Ne...', Array, true)
#14 /home/devbox/NetBeansProjects/yii/yiiframework-1.1.13/web/CController.php(784): CBaseController->renderFile('/home/devbox/Ne...', Array, true)
#15 /home/devbox/NetBeansProjects/bds-v3.1/app_dashboard/protected/controllers/SiteController.php(32): CController->render('index')
#16 /home/devbox/NetBeansProjects/yii/yiiframework-1.1.13/web/actions/CInlineAction.php(49): SiteController->actionIndex()
#17 /home/devbox/NetBeansProjects/yii/yiiframework-1.1.13/web/CController.php(308): CInlineAction->runWithParams(Array)
#18 /home/devbox/NetBeansProjects/yii/yiiframework-1.1.13/web/CController.php(286): CController->runAction(Object(CInlineAction))
#19 /home/devbox/NetBeansProjects/yii/yiiframework-1.1.13/web/CController.php(265): CController->runActionWithFilters(Object(CInlineAction), Array)
#20 /home/devbox/NetBeansProjects/yii/yiiframework-1.1.13/web/CWebApplication.php(282): CController->run('')
#21 /home/devbox/NetBeansProjects/yii/yiiframework-1.1.13/web/CWebApplication.php(141): CWebApplication->runController('')
#22 /home/devbox/NetBeansProjects/yii/yiiframework-1.1.13/base/CApplication.php(169): CWebApplication->processRequest()
#23 /home/devbox/NetBeansProjects/bds-v3.1/app_dashboard/index.php(13): CApplication->run()
#24 {main}
REQUEST_URI=/
---
2013/02/24 13:31:35 [error] [exception.CException] exception 'CException' with message 'Alias "bootstrap.widgets.TbNavbar" is invalid. Make sure it points to an existing directory or file.' in /home/devbox/NetBeansProjects/yii/yiiframework-1.1.13/YiiBase.php:341
Stack trace:
#0 /home/devbox/NetBeansProjects/yii/yiiframework-1.1.13/web/CWidgetFactory.php(146): YiiBase::import('bootstrap.widge...', true)
#1 /home/devbox/NetBeansProjects/yii/yiiframework-1.1.13/web/CBaseController.php(146): CWidgetFactory->createWidget(Object(SiteController), 'bootstrap.widge...', Array)
#2 /home/devbox/NetBeansProjects/yii/yiiframework-1.1.13/web/CBaseController.php(172): CBaseController->createWidget('bootstrap.widge...', Array)
#3 /home/devbox/NetBeansProjects/bds-v3.1/app_dashboard/protected/views/layouts/main.php(44): CBaseController->widget('bootstrap.widge...', Array)
#4 /home/devbox/NetBeansProjects/yii/yiiframework-1.1.13/web/CBaseController.php(126): require('/home/devbox/Ne...')
#5 /home/devbox/NetBeansProjects/yii/yiiframework-1.1.13/web/CBaseController.php(95): CBaseController->renderInternal('/home/devbox/Ne...', Array, true)
#6 /home/devbox/NetBeansProjects/yii/yiiframework-1.1.13/web/widgets/CContentDecorator.php(76): CBaseController->renderFile('/home/devbox/Ne...', Array, true)
#7 /home/devbox/NetBeansProjects/yii/yiiframework-1.1.13/web/widgets/CContentDecorator.php(54): CContentDecorator->decorate('<div id="conten...')
#8 /home/devbox/NetBeansProjects/yii/yiiframework-1.1.13/web/widgets/COutputProcessor.php(44): CContentDecorator->processOutput('<div id="conten...')
#9 /home/devbox/NetBeansProjects/yii/yiiframework-1.1.13/web/CBaseController.php(206): COutputProcessor->run()
#10 /home/devbox/NetBeansProjects/yii/yiiframework-1.1.13/web/CBaseController.php(300): CBaseController->endWidget('CContentDecorat...')
#11 /home/devbox/NetBeansProjects/bds-v3.1/app_dashboard/protected/views/layouts/column1.php(6): CBaseController->endContent()
#12 /home/devbox/NetBeansProjects/yii/yiiframework-1.1.13/web/CBaseController.php(126): require('/home/devbox/Ne...')
#13 /home/devbox/NetBeansProjects/yii/yiiframework-1.1.13/web/CBaseController.php(95): CBaseController->renderInternal('/home/devbox/Ne...', Array, true)
#14 /home/devbox/NetBeansProjects/yii/yiiframework-1.1.13/web/CController.php(784): CBaseController->renderFile('/home/devbox/Ne...', Array, true)
#15 /home/devbox/NetBeansProjects/bds-v3.1/app_dashboard/protected/controllers/SiteController.php(32): CController->render('index')
#16 /home/devbox/NetBeansProjects/yii/yiiframework-1.1.13/web/actions/CInlineAction.php(49): SiteController->actionIndex()
#17 /home/devbox/NetBeansProjects/yii/yiiframework-1.1.13/web/CController.php(308): CInlineAction->runWithParams(Array)
#18 /home/devbox/NetBeansProjects/yii/yiiframework-1.1.13/web/CController.php(286): CController->runAction(Object(CInlineAction))
#19 /home/devbox/NetBeansProjects/yii/yiiframework-1.1.13/web/CController.php(265): CController->runActionWithFilters(Object(CInlineAction), Array)
#20 /home/devbox/NetBeansProjects/yii/yiiframework-1.1.13/web/CWebApplication.php(282): CController->run('')
#21 /home/devbox/NetBeansProjects/yii/yiiframework-1.1.13/web/CWebApplication.php(141): CWebApplication->runController('')
#22 /home/devbox/NetBeansProjects/yii/yiiframework-1.1.13/base/CApplication.php(169): CWebApplication->processRequest()
#23 /home/devbox/NetBeansProjects/bds-v3.1/app_dashboard/index.php(13): CApplication->run()
#24 {main}
REQUEST_URI=/
---
2013/02/24 13:31:37 [error] [exception.CException] exception 'CException' with message 'Alias "bootstrap.widgets.TbNavbar" is invalid. Make sure it points to an existing directory or file.' in /home/devbox/NetBeansProjects/yii/yiiframework-1.1.13/YiiBase.php:341
Stack trace:
#0 /home/devbox/NetBeansProjects/yii/yiiframework-1.1.13/web/CWidgetFactory.php(146): YiiBase::import('bootstrap.widge...', true)
#1 /home/devbox/NetBeansProjects/yii/yiiframework-1.1.13/web/CBaseController.php(146): CWidgetFactory->createWidget(Object(SiteController), 'bootstrap.widge...', Array)
#2 /home/devbox/NetBeansProjects/yii/yiiframework-1.1.13/web/CBaseController.php(172): CBaseController->createWidget('bootstrap.widge...', Array)
#3 /home/devbox/NetBeansProjects/bds-v3.1/app_dashboard/protected/views/layouts/main.php(44): CBaseController->widget('bootstrap.widge...', Array)
#4 /home/devbox/NetBeansProjects/yii/yiiframework-1.1.13/web/CBaseController.php(126): require('/home/devbox/Ne...')
#5 /home/devbox/NetBeansProjects/yii/yiiframework-1.1.13/web/CBaseController.php(95): CBaseController->renderInternal('/home/devbox/Ne...', Array, true)
#6 /home/devbox/NetBeansProjects/yii/yiiframework-1.1.13/web/widgets/CContentDecorator.php(76): CBaseController->renderFile('/home/devbox/Ne...', Array, true)
#7 /home/devbox/NetBeansProjects/yii/yiiframework-1.1.13/web/widgets/CContentDecorator.php(54): CContentDecorator->decorate('<div id="conten...')
#8 /home/devbox/NetBeansProjects/yii/yiiframework-1.1.13/web/widgets/COutputProcessor.php(44): CContentDecorator->processOutput('<div id="conten...')
#9 /home/devbox/NetBeansProjects/yii/yiiframework-1.1.13/web/CBaseController.php(206): COutputProcessor->run()
#10 /home/devbox/NetBeansProjects/yii/yiiframework-1.1.13/web/CBaseController.php(300): CBaseController->endWidget('CContentDecorat...')
#11 /home/devbox/NetBeansProjects/bds-v3.1/app_dashboard/protected/views/layouts/column1.php(6): CBaseController->endContent()
#12 /home/devbox/NetBeansProjects/yii/yiiframework-1.1.13/web/CBaseController.php(126): require('/home/devbox/Ne...')
#13 /home/devbox/NetBeansProjects/yii/yiiframework-1.1.13/web/CBaseController.php(95): CBaseController->renderInternal('/home/devbox/Ne...', Array, true)
#14 /home/devbox/NetBeansProjects/yii/yiiframework-1.1.13/web/CController.php(784): CBaseController->renderFile('/home/devbox/Ne...', Array, true)
#15 /home/devbox/NetBeansProjects/bds-v3.1/app_dashboard/protected/controllers/SiteController.php(32): CController->render('index')
#16 /home/devbox/NetBeansProjects/yii/yiiframework-1.1.13/web/actions/CInlineAction.php(49): SiteController->actionIndex()
#17 /home/devbox/NetBeansProjects/yii/yiiframework-1.1.13/web/CController.php(308): CInlineAction->runWithParams(Array)
#18 /home/devbox/NetBeansProjects/yii/yiiframework-1.1.13/web/CController.php(286): CController->runAction(Object(CInlineAction))
#19 /home/devbox/NetBeansProjects/yii/yiiframework-1.1.13/web/CController.php(265): CController->runActionWithFilters(Object(CInlineAction), Array)
#20 /home/devbox/NetBeansProjects/yii/yiiframework-1.1.13/web/CWebApplication.php(282): CController->run('')
#21 /home/devbox/NetBeansProjects/yii/yiiframework-1.1.13/web/CWebApplication.php(141): CWebApplication->runController('')
#22 /home/devbox/NetBeansProjects/yii/yiiframework-1.1.13/base/CApplication.php(169): CWebApplication->processRequest()
#23 /home/devbox/NetBeansProjects/bds-v3.1/app_dashboard/index.php(13): CApplication->run()
#24 {main}
REQUEST_URI=/
---
2013/02/24 13:35:42 [error] [exception.CHttpException.404] exception 'CHttpException' with message 'Unable to resolve the request "gii".' in /home/devbox/NetBeansProjects/yii/yiiframework-1.1.13/web/CWebApplication.php:286
Stack trace:
#0 /home/devbox/NetBeansProjects/yii/yiiframework-1.1.13/web/CWebApplication.php(141): CWebApplication->runController('gii')
#1 /home/devbox/NetBeansProjects/yii/yiiframework-1.1.13/base/CApplication.php(169): CWebApplication->processRequest()
#2 /home/devbox/NetBeansProjects/bds-v3.1/app_dashboard/index.php(13): CApplication->run()
#3 {main}
REQUEST_URI=/gii
---
2013/02/24 13:35:53 [error] [exception.CHttpException.404] exception 'CHttpException' with message 'The system is unable to find the requested action "gii".' in /home/devbox/NetBeansProjects/yii/yiiframework-1.1.13/web/CController.php:483
Stack trace:
#0 /home/devbox/NetBeansProjects/yii/yiiframework-1.1.13/web/CController.php(270): CController->missingAction('gii')
#1 /home/devbox/NetBeansProjects/yii/yiiframework-1.1.13/web/CWebApplication.php(282): CController->run('gii')
#2 /home/devbox/NetBeansProjects/yii/yiiframework-1.1.13/web/CWebApplication.php(141): CWebApplication->runController('site/gii')
#3 /home/devbox/NetBeansProjects/yii/yiiframework-1.1.13/base/CApplication.php(169): CWebApplication->processRequest()
#4 /home/devbox/NetBeansProjects/bds-v3.1/app_dashboard/index.php(13): CApplication->run()
#5 {main}
REQUEST_URI=/site/gii
---
2013/02/24 13:35:58 [error] [exception.CHttpException.404] exception 'CHttpException' with message 'The system is unable to find the requested action "requirements".' in /home/devbox/NetBeansProjects/yii/yiiframework-1.1.13/web/CController.php:483
Stack trace:
#0 /home/devbox/NetBeansProjects/yii/yiiframework-1.1.13/web/CController.php(270): CController->missingAction('requirements')
#1 /home/devbox/NetBeansProjects/yii/yiiframework-1.1.13/web/CWebApplication.php(282): CController->run('requirements')
#2 /home/devbox/NetBeansProjects/yii/yiiframework-1.1.13/web/CWebApplication.php(141): CWebApplication->runController('site/requiremen...')
#3 /home/devbox/NetBeansProjects/yii/yiiframework-1.1.13/base/CApplication.php(169): CWebApplication->processRequest()
#4 /home/devbox/NetBeansProjects/bds-v3.1/app_dashboard/index.php(13): CApplication->run()
#5 {main}
REQUEST_URI=/site/requirements
---
2013/02/26 08:48:10 [error] [exception.CHttpException.404] exception 'CHttpException' with message 'Unable to resolve the request "gii".' in /home/devbox/NetBeansProjects/yii/yiiframework-1.1.13/web/CWebApplication.php:286
Stack trace:
#0 /home/devbox/NetBeansProjects/yii/yiiframework-1.1.13/web/CWebApplication.php(141): CWebApplication->runController('gii')
#1 /home/devbox/NetBeansProjects/yii/yiiframework-1.1.13/base/CApplication.php(169): CWebApplication->processRequest()
#2 /home/devbox/NetBeansProjects/bds-v3.1/app_dashboard/index.php(13): CApplication->run()
#3 {main}
REQUEST_URI=/gii
---
