2013/03/20 09:14:47 [error] [exception.CDbException] exception 'CDbException' with message 'CDbConnection failed to open the DB connection: SQLSTATE[HY000] [2005] Unknown MySQL server host 'db.business-software.co.nz' (2)' in /home/devbox/NetBeansProjects/bds-v3.1/common/protected/lib/Yii/db/CDbConnection.php:381
Stack trace:
#0 /home/devbox/NetBeansProjects/bds-v3.1/common/protected/lib/Yii/db/CDbConnection.php(330): CDbConnection->open()
#1 /home/devbox/NetBeansProjects/bds-v3.1/common/protected/lib/Yii/db/CDbConnection.php(308): CDbConnection->setActive(true)
#2 /home/devbox/NetBeansProjects/bds-v3.1/common/protected/lib/Yii/base/CModule.php(387): CDbConnection->init()
#3 /home/devbox/NetBeansProjects/bds-v3.1/common/protected/lib/Yii/web/CDbHttpSession.php(160): CModule->getComponent('db')
#4 /home/devbox/NetBeansProjects/bds-v3.1/common/protected/lib/Yii/web/CDbHttpSession.php(184): CDbHttpSession->getDbConnection()
#5 [internal function]: CDbHttpSession->openSession('/var/lib/php5', 'Session')
#6 /home/devbox/NetBeansProjects/bds-v3.1/common/protected/lib/Yii/web/CHttpSession.php(118): session_start()
#7 /home/devbox/NetBeansProjects/bds-v3.1/common/protected/lib/Yii/web/CHttpSession.php(92): CHttpSession->open()
#8 /home/devbox/NetBeansProjects/bds-v3.1/common/protected/lib/Yii/base/CModule.php(387): CHttpSession->init()
#9 /home/devbox/NetBeansProjects/bds-v3.1/common/protected/lib/Yii/web/CWebApplication.php(201): CModule->getComponent('session')
#10 /home/devbox/NetBeansProjects/bds-v3.1/common/protected/lib/Yii/web/auth/CWebUser.php(193): CWebApplication->getSession()
#11 /home/devbox/NetBeansProjects/bds-v3.1/common/protected/lib/Yii/base/CModule.php(387): CWebUser->init()
#12 /home/devbox/NetBeansProjects/bds-v3.1/common/protected/lib/Yii/base/CModule.php(103): CModule->getComponent('user')
#13 /home/devbox/NetBeansProjects/bds-v3.1/common/protected/lib/Yii/gii/GiiModule.php(174): CModule->__get('user')
#14 /home/devbox/NetBeansProjects/bds-v3.1/common/protected/lib/Yii/web/CController.php(263): GiiModule->beforeControllerAction(Object(CrudGenerator), Object(CInlineAction))
#15 /home/devbox/NetBeansProjects/bds-v3.1/common/protected/lib/Yii/web/CWebApplication.php(282): CController->run('')
#16 /home/devbox/NetBeansProjects/bds-v3.1/common/protected/lib/Yii/web/CWebApplication.php(141): CWebApplication->runController('gii/crud')
#17 /home/devbox/NetBeansProjects/bds-v3.1/common/protected/lib/Yii/base/CApplication.php(169): CWebApplication->processRequest()
#18 /home/devbox/NetBeansProjects/bds-v3.1/app_authority/index.php(13): CApplication->run()
#19 {main}
REQUEST_URI=/gii/crud/
HTTP_REFERER=http://authority.develop.devbox1/gii/crud/
---
2013/03/20 09:24:30 [error] [exception.CException] exception 'CException' with message 'TenantController cannot find the requested view "index".' in /home/devbox/NetBeansProjects/bds-v3.1/common/protected/lib/Yii/web/CController.php:878
Stack trace:
#0 /home/devbox/NetBeansProjects/bds-v3.1/common/protected/lib/Yii/web/CController.php(782): CController->renderPartial('index', Array, true)
#1 /home/devbox/NetBeansProjects/bds-v3.1/app_authority/protected/controllers/TenantController.php(128): CController->render('index', Array)
#2 /home/devbox/NetBeansProjects/bds-v3.1/common/protected/lib/Yii/web/actions/CInlineAction.php(49): TenantController->actionIndex()
#3 /home/devbox/NetBeansProjects/bds-v3.1/common/protected/lib/Yii/web/CController.php(308): CInlineAction->runWithParams(Array)
#4 /home/devbox/NetBeansProjects/bds-v3.1/common/protected/lib/Yii/web/filters/CFilterChain.php(133): CController->runAction(Object(CInlineAction))
#5 /home/devbox/NetBeansProjects/bds-v3.1/common/protected/lib/Yii/web/filters/CFilter.php(40): CFilterChain->run()
#6 /home/devbox/NetBeansProjects/bds-v3.1/common/protected/lib/Yii/web/CController.php(1145): CFilter->filter(Object(CFilterChain))
#7 /home/devbox/NetBeansProjects/bds-v3.1/common/protected/lib/Yii/web/filters/CInlineFilter.php(58): CController->filterAccessControl(Object(CFilterChain))
#8 /home/devbox/NetBeansProjects/bds-v3.1/common/protected/lib/Yii/web/filters/CFilterChain.php(130): CInlineFilter->filter(Object(CFilterChain))
#9 /home/devbox/NetBeansProjects/bds-v3.1/common/protected/lib/Yii/web/CController.php(291): CFilterChain->run()
#10 /home/devbox/NetBeansProjects/bds-v3.1/common/protected/lib/Yii/web/CController.php(265): CController->runActionWithFilters(Object(CInlineAction), Array)
#11 /home/devbox/NetBeansProjects/bds-v3.1/common/protected/lib/Yii/web/CWebApplication.php(282): CController->run('')
#12 /home/devbox/NetBeansProjects/bds-v3.1/common/protected/lib/Yii/web/CWebApplication.php(141): CWebApplication->runController('tenant')
#13 /home/devbox/NetBeansProjects/bds-v3.1/common/protected/lib/Yii/base/CApplication.php(169): CWebApplication->processRequest()
#14 /home/devbox/NetBeansProjects/bds-v3.1/app_authority/index.php(13): CApplication->run()
#15 {main}
REQUEST_URI=/tenant
---
2013/03/20 09:51:07 [error] [exception.CHttpException.401] exception 'CHttpException' with message 'Access denied.' in /home/devbox/NetBeansProjects/bds-v3.1/app_authority/protected/modules/auth/AuthModule.php:123
Stack trace:
#0 /home/devbox/NetBeansProjects/bds-v3.1/common/protected/lib/Yii/web/CController.php(263): AuthModule->beforeControllerAction(Object(RoleController), Object(CInlineAction))
#1 /home/devbox/NetBeansProjects/bds-v3.1/common/protected/lib/Yii/web/CWebApplication.php(282): CController->run('')
#2 /home/devbox/NetBeansProjects/bds-v3.1/common/protected/lib/Yii/web/CWebApplication.php(141): CWebApplication->runController('auth/role')
#3 /home/devbox/NetBeansProjects/bds-v3.1/common/protected/lib/Yii/base/CApplication.php(169): CWebApplication->processRequest()
#4 /home/devbox/NetBeansProjects/bds-v3.1/app_authority/index.php(13): CApplication->run()
#5 {main}
REQUEST_URI=/auth/role
HTTP_REFERER=http://authority.develop.devbox1/user/admin
---
2013/03/20 13:33:06 [error] [php] Undefined variable: model (/home/devbox/NetBeansProjects/bds-v3.1/app_authority/protected/views/tenant/_form.php:16)
Stack trace:
#0 /home/devbox/NetBeansProjects/bds-v3.1/common/protected/lib/Yii/web/CController.php(869): TenantController->renderFile()
#1 /home/devbox/NetBeansProjects/bds-v3.1/app_authority/protected/views/tenant/admin.php(49): TenantController->renderPartial()
#2 /home/devbox/NetBeansProjects/bds-v3.1/common/protected/lib/Yii/web/CBaseController.php(126): require()
#3 /home/devbox/NetBeansProjects/bds-v3.1/common/protected/lib/Yii/web/CBaseController.php(95): TenantController->renderInternal()
#4 /home/devbox/NetBeansProjects/bds-v3.1/common/protected/lib/Yii/web/CController.php(869): TenantController->renderFile()
#5 /home/devbox/NetBeansProjects/bds-v3.1/common/protected/lib/Yii/web/CController.php(782): TenantController->renderPartial()
#6 /home/devbox/NetBeansProjects/bds-v3.1/app_authority/protected/controllers/TenantController.php(133): TenantController->render()
#7 /home/devbox/NetBeansProjects/bds-v3.1/common/protected/lib/Yii/web/actions/CInlineAction.php(49): TenantController->actionAdmin()
#8 /home/devbox/NetBeansProjects/bds-v3.1/common/protected/lib/Yii/web/CController.php(308): CInlineAction->runWithParams()
#9 /home/devbox/NetBeansProjects/bds-v3.1/common/protected/lib/Yii/web/filters/CFilterChain.php(133): TenantController->runAction()
#10 /home/devbox/NetBeansProjects/bds-v3.1/common/protected/lib/Yii/web/filters/CFilter.php(40): CFilterChain->run()
#11 /home/devbox/NetBeansProjects/bds-v3.1/common/protected/lib/Yii/web/CController.php(1145): CAccessControlFilter->filter()
#12 /home/devbox/NetBeansProjects/bds-v3.1/common/protected/lib/Yii/web/filters/CInlineFilter.php(58): TenantController->filterAccessControl()
#13 /home/devbox/NetBeansProjects/bds-v3.1/common/protected/lib/Yii/web/filters/CFilterChain.php(130): CInlineFilter->filter()
#14 /home/devbox/NetBeansProjects/bds-v3.1/common/protected/lib/Yii/web/CController.php(291): CFilterChain->run()
#15 /home/devbox/NetBeansProjects/bds-v3.1/common/protected/lib/Yii/web/CController.php(265): TenantController->runActionWithFilters()
#16 /home/devbox/NetBeansProjects/bds-v3.1/common/protected/lib/Yii/web/CWebApplication.php(282): TenantController->run()
#17 /home/devbox/NetBeansProjects/bds-v3.1/common/protected/lib/Yii/web/CWebApplication.php(141): CWebApplication->runController()
#18 /home/devbox/NetBeansProjects/bds-v3.1/common/protected/lib/Yii/base/CApplication.php(169): CWebApplication->processRequest()
#19 /home/devbox/NetBeansProjects/bds-v3.1/app_authority/index.php(13): CWebApplication->run()
REQUEST_URI=/tenant/admin
in /home/devbox/NetBeansProjects/bds-v3.1/app_authority/protected/views/tenant/_form.php (16)
in /home/devbox/NetBeansProjects/bds-v3.1/app_authority/protected/views/tenant/admin.php (49)
in /home/devbox/NetBeansProjects/bds-v3.1/app_authority/protected/controllers/TenantController.php (133)
2013/03/20 13:33:37 [error] [php] Object of class CGridView could not be converted to string (/home/devbox/NetBeansProjects/bds-v3.1/common/protected/extensions/bootstrap/widgets/TbBox.php:179)
Stack trace:
#0 /home/devbox/NetBeansProjects/bds-v3.1/common/protected/lib/Yii/web/CBaseController.php(172): TenantController->createWidget()
#1 /home/devbox/NetBeansProjects/bds-v3.1/app_authority/protected/views/tenant/admin.php(68): TenantController->widget()
#2 /home/devbox/NetBeansProjects/bds-v3.1/common/protected/lib/Yii/web/CBaseController.php(126): require()
#3 /home/devbox/NetBeansProjects/bds-v3.1/common/protected/lib/Yii/web/CBaseController.php(95): TenantController->renderInternal()
#4 /home/devbox/NetBeansProjects/bds-v3.1/common/protected/lib/Yii/web/CController.php(869): TenantController->renderFile()
#5 /home/devbox/NetBeansProjects/bds-v3.1/common/protected/lib/Yii/web/CController.php(782): TenantController->renderPartial()
#6 /home/devbox/NetBeansProjects/bds-v3.1/app_authority/protected/controllers/TenantController.php(133): TenantController->render()
#7 /home/devbox/NetBeansProjects/bds-v3.1/common/protected/lib/Yii/web/actions/CInlineAction.php(49): TenantController->actionAdmin()
#8 /home/devbox/NetBeansProjects/bds-v3.1/common/protected/lib/Yii/web/CController.php(308): CInlineAction->runWithParams()
#9 /home/devbox/NetBeansProjects/bds-v3.1/common/protected/lib/Yii/web/filters/CFilterChain.php(133): TenantController->runAction()
#10 /home/devbox/NetBeansProjects/bds-v3.1/common/protected/lib/Yii/web/filters/CFilter.php(40): CFilterChain->run()
#11 /home/devbox/NetBeansProjects/bds-v3.1/common/protected/lib/Yii/web/CController.php(1145): CAccessControlFilter->filter()
#12 /home/devbox/NetBeansProjects/bds-v3.1/common/protected/lib/Yii/web/filters/CInlineFilter.php(58): TenantController->filterAccessControl()
#13 /home/devbox/NetBeansProjects/bds-v3.1/common/protected/lib/Yii/web/filters/CFilterChain.php(130): CInlineFilter->filter()
#14 /home/devbox/NetBeansProjects/bds-v3.1/common/protected/lib/Yii/web/CController.php(291): CFilterChain->run()
#15 /home/devbox/NetBeansProjects/bds-v3.1/common/protected/lib/Yii/web/CController.php(265): TenantController->runActionWithFilters()
#16 /home/devbox/NetBeansProjects/bds-v3.1/common/protected/lib/Yii/web/CWebApplication.php(282): TenantController->run()
#17 /home/devbox/NetBeansProjects/bds-v3.1/common/protected/lib/Yii/web/CWebApplication.php(141): CWebApplication->runController()
#18 /home/devbox/NetBeansProjects/bds-v3.1/common/protected/lib/Yii/base/CApplication.php(169): CWebApplication->processRequest()
#19 /home/devbox/NetBeansProjects/bds-v3.1/app_authority/index.php(13): CWebApplication->run()
REQUEST_URI=/tenant/admin
in /home/devbox/NetBeansProjects/bds-v3.1/common/protected/extensions/bootstrap/widgets/TbBox.php (179)
in /home/devbox/NetBeansProjects/bds-v3.1/common/protected/extensions/bootstrap/widgets/TbBox.php (101)
in /home/devbox/NetBeansProjects/bds-v3.1/app_authority/protected/views/tenant/admin.php (68)
2013/03/20 13:35:42 [error] [php] Undefined variable: model (/home/devbox/NetBeansProjects/bds-v3.1/app_authority/protected/views/tenant/_form.php:16)
Stack trace:
#0 /home/devbox/NetBeansProjects/bds-v3.1/common/protected/lib/Yii/web/CController.php(869): TenantController->renderFile()
#1 /home/devbox/NetBeansProjects/bds-v3.1/app_authority/protected/views/tenant/admin.php(49): TenantController->renderPartial()
#2 /home/devbox/NetBeansProjects/bds-v3.1/common/protected/lib/Yii/web/CBaseController.php(126): require()
#3 /home/devbox/NetBeansProjects/bds-v3.1/common/protected/lib/Yii/web/CBaseController.php(95): TenantController->renderInternal()
#4 /home/devbox/NetBeansProjects/bds-v3.1/common/protected/lib/Yii/web/CController.php(869): TenantController->renderFile()
#5 /home/devbox/NetBeansProjects/bds-v3.1/common/protected/lib/Yii/web/CController.php(782): TenantController->renderPartial()
#6 /home/devbox/NetBeansProjects/bds-v3.1/app_authority/protected/controllers/TenantController.php(133): TenantController->render()
#7 /home/devbox/NetBeansProjects/bds-v3.1/common/protected/lib/Yii/web/actions/CInlineAction.php(49): TenantController->actionAdmin()
#8 /home/devbox/NetBeansProjects/bds-v3.1/common/protected/lib/Yii/web/CController.php(308): CInlineAction->runWithParams()
#9 /home/devbox/NetBeansProjects/bds-v3.1/common/protected/lib/Yii/web/filters/CFilterChain.php(133): TenantController->runAction()
#10 /home/devbox/NetBeansProjects/bds-v3.1/common/protected/lib/Yii/web/filters/CFilter.php(40): CFilterChain->run()
#11 /home/devbox/NetBeansProjects/bds-v3.1/common/protected/lib/Yii/web/CController.php(1145): CAccessControlFilter->filter()
#12 /home/devbox/NetBeansProjects/bds-v3.1/common/protected/lib/Yii/web/filters/CInlineFilter.php(58): TenantController->filterAccessControl()
#13 /home/devbox/NetBeansProjects/bds-v3.1/common/protected/lib/Yii/web/filters/CFilterChain.php(130): CInlineFilter->filter()
#14 /home/devbox/NetBeansProjects/bds-v3.1/common/protected/lib/Yii/web/CController.php(291): CFilterChain->run()
#15 /home/devbox/NetBeansProjects/bds-v3.1/common/protected/lib/Yii/web/CController.php(265): TenantController->runActionWithFilters()
#16 /home/devbox/NetBeansProjects/bds-v3.1/common/protected/lib/Yii/web/CWebApplication.php(282): TenantController->run()
#17 /home/devbox/NetBeansProjects/bds-v3.1/common/protected/lib/Yii/web/CWebApplication.php(141): CWebApplication->runController()
#18 /home/devbox/NetBeansProjects/bds-v3.1/common/protected/lib/Yii/base/CApplication.php(169): CWebApplication->processRequest()
#19 /home/devbox/NetBeansProjects/bds-v3.1/app_authority/index.php(13): CWebApplication->run()
REQUEST_URI=/tenant/admin
in /home/devbox/NetBeansProjects/bds-v3.1/app_authority/protected/views/tenant/_form.php (16)
in /home/devbox/NetBeansProjects/bds-v3.1/app_authority/protected/views/tenant/admin.php (49)
in /home/devbox/NetBeansProjects/bds-v3.1/app_authority/protected/controllers/TenantController.php (133)
2013/03/20 14:31:23 [error] [exception.CHttpException.400] exception 'CHttpException' with message 'Your request is invalid.' in /home/devbox/NetBeansProjects/bds-v3.1/common/protected/lib/Yii/web/CController.php:336
Stack trace:
#0 /home/devbox/NetBeansProjects/bds-v3.1/common/protected/lib/Yii/web/CController.php(309): CController->invalidActionParams(Object(CInlineAction))
#1 /home/devbox/NetBeansProjects/bds-v3.1/common/protected/lib/Yii/web/filters/CFilterChain.php(133): CController->runAction(Object(CInlineAction))
#2 /home/devbox/NetBeansProjects/bds-v3.1/common/protected/lib/Yii/web/filters/CFilter.php(40): CFilterChain->run()
#3 /home/devbox/NetBeansProjects/bds-v3.1/common/protected/lib/Yii/web/CController.php(1145): CFilter->filter(Object(CFilterChain))
#4 /home/devbox/NetBeansProjects/bds-v3.1/common/protected/lib/Yii/web/filters/CInlineFilter.php(58): CController->filterAccessControl(Object(CFilterChain))
#5 /home/devbox/NetBeansProjects/bds-v3.1/common/protected/lib/Yii/web/filters/CFilterChain.php(130): CInlineFilter->filter(Object(CFilterChain))
#6 /home/devbox/NetBeansProjects/bds-v3.1/common/protected/lib/Yii/web/CController.php(291): CFilterChain->run()
#7 /home/devbox/NetBeansProjects/bds-v3.1/common/protected/lib/Yii/web/CController.php(265): CController->runActionWithFilters(Object(CInlineAction), Array)
#8 /home/devbox/NetBeansProjects/bds-v3.1/common/protected/lib/Yii/web/CWebApplication.php(282): CController->run('view')
#9 /home/devbox/NetBeansProjects/bds-v3.1/common/protected/lib/Yii/web/CWebApplication.php(141): CWebApplication->runController('tenant/view')
#10 /home/devbox/NetBeansProjects/bds-v3.1/common/protected/lib/Yii/base/CApplication.php(169): CWebApplication->processRequest()
#11 /home/devbox/NetBeansProjects/bds-v3.1/app_authority/index.php(13): CApplication->run()
#12 {main}
REQUEST_URI=/tenant/view/
HTTP_REFERER=http://authority.develop.devbox1/tenant/index/
---
2013/03/21 08:51:01 [error] [system.db.CDbCommand] CDbCommand::fetchAll() failed: SQLSTATE[42S02]: Base table or view not found: 1146 Table 'db_v3.1_admin' doesn't exist. The SQL statement executed was: SHOW FULL COLUMNS FROM `db_v3`.`1_admin`.
in /home/devbox/NetBeansProjects/bds-v3.1/app_authority/index.php (13)
2013/03/21 08:51:01 [error] [system.db.CDbCommand] CDbCommand::fetchAll() failed: SQLSTATE[42S02]: Base table or view not found: 1146 Table 'db_v3.1_admin' doesn't exist. The SQL statement executed was: SHOW FULL COLUMNS FROM `db_v3`.`1_admin`.
in /home/devbox/NetBeansProjects/bds-v3.1/app_authority/index.php (13)
2013/03/21 11:44:10 [error] [exception.CHttpException.401] exception 'CHttpException' with message 'Access denied.' in /home/devbox/NetBeansProjects/bds-v3.1/app_authority/protected/modules/auth/AuthModule.php:123
Stack trace:
#0 /home/devbox/NetBeansProjects/bds-v3.1/common/protected/lib/Yii/web/CController.php(263): AuthModule->beforeControllerAction(Object(AssignmentController), Object(CInlineAction))
#1 /home/devbox/NetBeansProjects/bds-v3.1/common/protected/lib/Yii/web/CWebApplication.php(282): CController->run('')
#2 /home/devbox/NetBeansProjects/bds-v3.1/common/protected/lib/Yii/web/CWebApplication.php(141): CWebApplication->runController('auth/assignment')
#3 /home/devbox/NetBeansProjects/bds-v3.1/common/protected/lib/Yii/base/CApplication.php(169): CWebApplication->processRequest()
#4 /home/devbox/NetBeansProjects/bds-v3.1/app_authority/index.php(13): CApplication->run()
#5 {main}
REQUEST_URI=/auth/assignment
HTTP_REFERER=http://authority.develop.devbox1/
---
